{"/Users/apple/new_MalPay/frontend-mobile/src/components/BankSelectionModal.tsx": {"path":"/Users/apple/new_MalPay/frontend-mobile/src/components/BankSelectionModal.tsx","statementMap":{"0":{"start":{"line":29,"column":62},"end":{"line":123,"column":1}},"1":{"start":{"line":35,"column":40},"end":{"line":35,"column":52}},"2":{"start":{"line":37,"column":24},"end":{"line":57,"column":3}},"3":{"start":{"line":59,"column":24},"end":{"line":62,"column":3}},"4":{"start":{"line":60,"column":4},"end":{"line":61,"column":35}},"5":{"start":{"line":64,"column":27},"end":{"line":67,"column":3}},"6":{"start":{"line":65,"column":4},"end":{"line":65,"column":23}},"7":{"start":{"line":66,"column":4},"end":{"line":66,"column":16}},"8":{"start":{"line":69,"column":25},"end":{"line":94,"column":3}},"9":{"start":{"line":70,"column":4},"end":{"line":93,"column":23}},"10":{"start":{"line":70,"column":37},"end":{"line":70,"column":59}},"11":{"start":{"line":96,"column":2},"end":{"line":122,"column":4}},"12":{"start":{"line":117,"column":32},"end":{"line":117,"column":41}},"13":{"start":{"line":125,"column":15},"end":{"line":173,"column":2}}},"fnMap":{"0":{"name":"(anonymous_0)","decl":{"start":{"line":29,"column":62},"end":{"line":29,"column":63}},"loc":{"start":{"line":34,"column":6},"end":{"line":123,"column":1}},"line":34},"1":{"name":"(anonymous_1)","decl":{"start":{"line":59,"column":37},"end":{"line":59,"column":38}},"loc":{"start":{"line":60,"column":4},"end":{"line":61,"column":35}},"line":60},"2":{"name":"(anonymous_2)","decl":{"start":{"line":64,"column":27},"end":{"line":64,"column":28}},"loc":{"start":{"line":64,"column":43},"end":{"line":67,"column":3}},"line":64},"3":{"name":"(anonymous_3)","decl":{"start":{"line":69,"column":25},"end":{"line":69,"column":26}},"loc":{"start":{"line":70,"column":4},"end":{"line":93,"column":23}},"line":70},"4":{"name":"(anonymous_4)","decl":{"start":{"line":70,"column":31},"end":{"line":70,"column":32}},"loc":{"start":{"line":70,"column":37},"end":{"line":70,"column":59}},"line":70},"5":{"name":"(anonymous_5)","decl":{"start":{"line":117,"column":22},"end":{"line":117,"column":23}},"loc":{"start":{"line":117,"column":32},"end":{"line":117,"column":41}},"line":117}},"branchMap":{"0":{"loc":{"start":{"line":60,"column":4},"end":{"line":61,"column":35}},"type":"binary-expr","locations":[{"start":{"line":60,"column":4},"end":{"line":60,"column":63}},{"start":{"line":61,"column":4},"end":{"line":61,"column":35}}],"line":60},"1":{"loc":{"start":{"line":73,"column":8},"end":{"line":73,"column":65}},"type":"binary-expr","locations":[{"start":{"line":73,"column":8},"end":{"line":73,"column":38}},{"start":{"line":73,"column":42},"end":{"line":73,"column":65}}],"line":73},"2":{"loc":{"start":{"line":84,"column":11},"end":{"line":90,"column":11}},"type":"binary-expr","locations":[{"start":{"line":84,"column":11},"end":{"line":84,"column":41}},{"start":{"line":85,"column":12},"end":{"line":89,"column":14}}],"line":84}},"s":{"0":0,"1":0,"2":0,"3":0,"4":0,"5":0,"6":0,"7":0,"8":0,"9":0,"10":0,"11":0,"12":0,"13":0},"f":{"0":0,"1":0,"2":0,"3":0,"4":0,"5":0},"b":{"0":[0,0],"1":[0,0],"2":[0,0]}}
,"/Users/apple/new_MalPay/frontend-mobile/src/components/BottomNavigation.tsx": {"path":"/Users/apple/new_MalPay/frontend-mobile/src/components/BottomNavigation.tsx","statementMap":{"0":{"start":{"line":17,"column":58},"end":{"line":56,"column":1}},"1":{"start":{"line":18,"column":15},"end":{"line":24,"column":3}},"2":{"start":{"line":26,"column":2},"end":{"line":55,"column":4}},"3":{"start":{"line":30,"column":27},"end":{"line":30,"column":47}},"4":{"start":{"line":31,"column":10},"end":{"line":51,"column":12}},"5":{"start":{"line":35,"column":29},"end":{"line":35,"column":47}},"6":{"start":{"line":58,"column":15},"end":{"line":80,"column":2}}},"fnMap":{"0":{"name":"(anonymous_0)","decl":{"start":{"line":17,"column":58},"end":{"line":17,"column":59}},"loc":{"start":{"line":17,"column":89},"end":{"line":56,"column":1}},"line":17},"1":{"name":"(anonymous_1)","decl":{"start":{"line":29,"column":18},"end":{"line":29,"column":19}},"loc":{"start":{"line":29,"column":27},"end":{"line":52,"column":9}},"line":29},"2":{"name":"(anonymous_2)","decl":{"start":{"line":35,"column":23},"end":{"line":35,"column":24}},"loc":{"start":{"line":35,"column":29},"end":{"line":35,"column":47}},"line":35}},"branchMap":{"0":{"loc":{"start":{"line":38,"column":22},"end":{"line":38,"column":76}},"type":"cond-expr","locations":[{"start":{"line":38,"column":34},"end":{"line":38,"column":55}},{"start":{"line":38,"column":60},"end":{"line":38,"column":75}}],"line":38},"1":{"loc":{"start":{"line":40,"column":23},"end":{"line":40,"column":71}},"type":"cond-expr","locations":[{"start":{"line":40,"column":34},"end":{"line":40,"column":50}},{"start":{"line":40,"column":53},"end":{"line":40,"column":71}}],"line":40},"2":{"loc":{"start":{"line":45,"column":27},"end":{"line":45,"column":75}},"type":"cond-expr","locations":[{"start":{"line":45,"column":38},"end":{"line":45,"column":54}},{"start":{"line":45,"column":57},"end":{"line":45,"column":75}}],"line":45}},"s":{"0":0,"1":0,"2":0,"3":0,"4":0,"5":0,"6":0},"f":{"0":0,"1":0,"2":0},"b":{"0":[0,0],"1":[0,0],"2":[0,0]}}
,"/Users/apple/new_MalPay/frontend-mobile/src/config/api.config.ts": {"path":"/Users/apple/new_MalPay/frontend-mobile/src/config/api.config.ts","statementMap":{"0":{"start":{"line":2,"column":28},"end":{"line":4,"column":31}},"1":{"start":{"line":6,"column":27},"end":{"line":6,"column":32}},"2":{"start":{"line":8,"column":29},"end":{"line":122,"column":10}}},"fnMap":{},"branchMap":{"0":{"loc":{"start":{"line":2,"column":28},"end":{"line":4,"column":31}},"type":"cond-expr","locations":[{"start":{"line":3,"column":4},"end":{"line":3,"column":34}},{"start":{"line":4,"column":4},"end":{"line":4,"column":31}}],"line":2}},"s":{"0":0,"1":0,"2":0},"f":{},"b":{"0":[0,0]}}
,"/Users/apple/new_MalPay/frontend-mobile/src/config/app.config.ts": {"path":"/Users/apple/new_MalPay/frontend-mobile/src/config/app.config.ts","statementMap":{"0":{"start":{"line":2,"column":26},"end":{"line":110,"column":10}}},"fnMap":{},"branchMap":{},"s":{"0":0},"f":{},"b":{}}
,"/Users/apple/new_MalPay/frontend-mobile/src/hooks/useCustomHooks.ts": {"path":"/Users/apple/new_MalPay/frontend-mobile/src/hooks/useCustomHooks.ts","statementMap":{"0":{"start":{"line":5,"column":33},"end":{"line":60,"column":1}},"1":{"start":{"line":6,"column":30},"end":{"line":6,"column":66}},"2":{"start":{"line":8,"column":24},"end":{"line":29,"column":8}},"3":{"start":{"line":9,"column":16},"end":{"line":9,"column":18}},"4":{"start":{"line":11,"column":4},"end":{"line":25,"column":5}},"5":{"start":{"line":12,"column":6},"end":{"line":12,"column":36}},"6":{"start":{"line":13,"column":11},"end":{"line":25,"column":5}},"7":{"start":{"line":14,"column":6},"end":{"line":14,"column":51}},"8":{"start":{"line":15,"column":11},"end":{"line":25,"column":5}},"9":{"start":{"line":16,"column":6},"end":{"line":16,"column":112}},"10":{"start":{"line":17,"column":11},"end":{"line":25,"column":5}},"11":{"start":{"line":18,"column":6},"end":{"line":18,"column":37}},"12":{"start":{"line":19,"column":11},"end":{"line":25,"column":5}},"13":{"start":{"line":20,"column":6},"end":{"line":20,"column":71}},"14":{"start":{"line":21,"column":11},"end":{"line":25,"column":5}},"15":{"start":{"line":22,"column":6},"end":{"line":22,"column":75}},"16":{"start":{"line":23,"column":11},"end":{"line":25,"column":5}},"17":{"start":{"line":24,"column":6},"end":{"line":24,"column":59}},"18":{"start":{"line":27,"column":4},"end":{"line":27,"column":52}},"19":{"start":{"line":27,"column":23},"end":{"line":27,"column":49}},"20":{"start":{"line":28,"column":4},"end":{"line":28,"column":24}},"21":{"start":{"line":31,"column":23},"end":{"line":43,"column":21}},"22":{"start":{"line":32,"column":46},"end":{"line":32,"column":48}},"23":{"start":{"line":33,"column":18},"end":{"line":33,"column":22}},"24":{"start":{"line":35,"column":4},"end":{"line":40,"column":7}},"25":{"start":{"line":36,"column":25},"end":{"line":36,"column":58}},"26":{"start":{"line":37,"column":6},"end":{"line":39,"column":7}},"27":{"start":{"line":38,"column":8},"end":{"line":38,"column":24}},"28":{"start":{"line":42,"column":4},"end":{"line":42,"column":19}},"29":{"start":{"line":45,"column":21},"end":{"line":47,"column":8}},"30":{"start":{"line":46,"column":4},"end":{"line":46,"column":49}},"31":{"start":{"line":46,"column":23},"end":{"line":46,"column":46}},"32":{"start":{"line":49,"column":25},"end":{"line":51,"column":8}},"33":{"start":{"line":50,"column":4},"end":{"line":50,"column":18}},"34":{"start":{"line":53,"column":2},"end":{"line":59,"column":4}},"35":{"start":{"line":63,"column":27},"end":{"line":77,"column":1}},"36":{"start":{"line":64,"column":46},"end":{"line":64,"column":64}},"37":{"start":{"line":66,"column":2},"end":{"line":74,"column":21}},"38":{"start":{"line":67,"column":20},"end":{"line":69,"column":13}},"39":{"start":{"line":68,"column":6},"end":{"line":68,"column":31}},"40":{"start":{"line":71,"column":4},"end":{"line":73,"column":6}},"41":{"start":{"line":72,"column":6},"end":{"line":72,"column":28}},"42":{"start":{"line":76,"column":2},"end":{"line":76,"column":24}},"43":{"start":{"line":80,"column":31},"end":{"line":101,"column":1}},"44":{"start":{"line":81,"column":40},"end":{"line":88,"column":4}},"45":{"start":{"line":82,"column":4},"end":{"line":87,"column":5}},"46":{"start":{"line":83,"column":19},"end":{"line":83,"column":44}},"47":{"start":{"line":84,"column":6},"end":{"line":84,"column":52}},"48":{"start":{"line":86,"column":6},"end":{"line":86,"column":26}},"49":{"start":{"line":90,"column":19},"end":{"line":98,"column":24}},"50":{"start":{"line":91,"column":4},"end":{"line":97,"column":5}},"51":{"start":{"line":92,"column":27},"end":{"line":92,"column":81}},"52":{"start":{"line":93,"column":6},"end":{"line":93,"column":35}},"53":{"start":{"line":94,"column":6},"end":{"line":94,"column":62}},"54":{"start":{"line":96,"column":6},"end":{"line":96,"column":60}},"55":{"start":{"line":100,"column":2},"end":{"line":100,"column":42}},"56":{"start":{"line":104,"column":25},"end":{"line":120,"column":1}},"57":{"start":{"line":105,"column":28},"end":{"line":105,"column":50}},"58":{"start":{"line":107,"column":17},"end":{"line":109,"column":8}},"59":{"start":{"line":108,"column":4},"end":{"line":108,"column":28}},"60":{"start":{"line":108,"column":21},"end":{"line":108,"column":26}},"61":{"start":{"line":111,"column":18},"end":{"line":113,"column":8}},"62":{"start":{"line":112,"column":4},"end":{"line":112,"column":19}},"63":{"start":{"line":115,"column":19},"end":{"line":117,"column":8}},"64":{"start":{"line":116,"column":4},"end":{"line":116,"column":20}},"65":{"start":{"line":119,"column":2},"end":{"line":119,"column":57}}},"fnMap":{"0":{"name":"(anonymous_0)","decl":{"start":{"line":5,"column":33},"end":{"line":5,"column":34}},"loc":{"start":{"line":5,"column":39},"end":{"line":60,"column":1}},"line":5},"1":{"name":"(anonymous_1)","decl":{"start":{"line":8,"column":36},"end":{"line":8,"column":37}},"loc":{"start":{"line":8,"column":81},"end":{"line":29,"column":3}},"line":8},"2":{"name":"(anonymous_2)","decl":{"start":{"line":27,"column":14},"end":{"line":27,"column":15}},"loc":{"start":{"line":27,"column":23},"end":{"line":27,"column":49}},"line":27},"3":{"name":"(anonymous_3)","decl":{"start":{"line":31,"column":35},"end":{"line":31,"column":36}},"loc":{"start":{"line":31,"column":94},"end":{"line":43,"column":3}},"line":31},"4":{"name":"(anonymous_4)","decl":{"start":{"line":35,"column":35},"end":{"line":35,"column":36}},"loc":{"start":{"line":35,"column":65},"end":{"line":40,"column":5}},"line":35},"5":{"name":"(anonymous_5)","decl":{"start":{"line":45,"column":33},"end":{"line":45,"column":34}},"loc":{"start":{"line":45,"column":51},"end":{"line":47,"column":3}},"line":45},"6":{"name":"(anonymous_6)","decl":{"start":{"line":46,"column":14},"end":{"line":46,"column":15}},"loc":{"start":{"line":46,"column":23},"end":{"line":46,"column":46}},"line":46},"7":{"name":"(anonymous_7)","decl":{"start":{"line":49,"column":37},"end":{"line":49,"column":38}},"loc":{"start":{"line":49,"column":43},"end":{"line":51,"column":3}},"line":49},"8":{"name":"(anonymous_8)","decl":{"start":{"line":63,"column":27},"end":{"line":63,"column":28}},"loc":{"start":{"line":63,"column":62},"end":{"line":77,"column":1}},"line":63},"9":{"name":"(anonymous_9)","decl":{"start":{"line":66,"column":18},"end":{"line":66,"column":19}},"loc":{"start":{"line":66,"column":24},"end":{"line":74,"column":3}},"line":66},"10":{"name":"(anonymous_10)","decl":{"start":{"line":67,"column":31},"end":{"line":67,"column":32}},"loc":{"start":{"line":67,"column":37},"end":{"line":69,"column":5}},"line":67},"11":{"name":"(anonymous_11)","decl":{"start":{"line":71,"column":11},"end":{"line":71,"column":12}},"loc":{"start":{"line":71,"column":17},"end":{"line":73,"column":5}},"line":71},"12":{"name":"(anonymous_12)","decl":{"start":{"line":80,"column":31},"end":{"line":80,"column":32}},"loc":{"start":{"line":80,"column":68},"end":{"line":101,"column":1}},"line":80},"13":{"name":"(anonymous_13)","decl":{"start":{"line":81,"column":52},"end":{"line":81,"column":53}},"loc":{"start":{"line":81,"column":58},"end":{"line":88,"column":3}},"line":81},"14":{"name":"(anonymous_14)","decl":{"start":{"line":90,"column":31},"end":{"line":90,"column":32}},"loc":{"start":{"line":90,"column":63},"end":{"line":98,"column":3}},"line":90},"15":{"name":"(anonymous_15)","decl":{"start":{"line":104,"column":25},"end":{"line":104,"column":26}},"loc":{"start":{"line":104,"column":60},"end":{"line":120,"column":1}},"line":104},"16":{"name":"(anonymous_16)","decl":{"start":{"line":107,"column":29},"end":{"line":107,"column":30}},"loc":{"start":{"line":107,"column":35},"end":{"line":109,"column":3}},"line":107},"17":{"name":"(anonymous_17)","decl":{"start":{"line":108,"column":13},"end":{"line":108,"column":14}},"loc":{"start":{"line":108,"column":21},"end":{"line":108,"column":26}},"line":108},"18":{"name":"(anonymous_18)","decl":{"start":{"line":111,"column":30},"end":{"line":111,"column":31}},"loc":{"start":{"line":111,"column":36},"end":{"line":113,"column":3}},"line":111},"19":{"name":"(anonymous_19)","decl":{"start":{"line":115,"column":31},"end":{"line":115,"column":32}},"loc":{"start":{"line":115,"column":37},"end":{"line":117,"column":3}},"line":115}},"branchMap":{"0":{"loc":{"start":{"line":11,"column":4},"end":{"line":25,"column":5}},"type":"if","locations":[{"start":{"line":11,"column":4},"end":{"line":25,"column":5}},{"start":{"line":13,"column":11},"end":{"line":25,"column":5}}],"line":11},"1":{"loc":{"start":{"line":11,"column":8},"end":{"line":11,"column":39}},"type":"binary-expr","locations":[{"start":{"line":11,"column":8},"end":{"line":11,"column":22}},{"start":{"line":11,"column":26},"end":{"line":11,"column":39}}],"line":11},"2":{"loc":{"start":{"line":13,"column":11},"end":{"line":25,"column":5}},"type":"if","locations":[{"start":{"line":13,"column":11},"end":{"line":25,"column":5}},{"start":{"line":15,"column":11},"end":{"line":25,"column":5}}],"line":13},"3":{"loc":{"start":{"line":13,"column":15},"end":{"line":13,"column":51}},"type":"binary-expr","locations":[{"start":{"line":13,"column":15},"end":{"line":13,"column":26}},{"start":{"line":13,"column":30},"end":{"line":13,"column":51}}],"line":13},"4":{"loc":{"start":{"line":15,"column":11},"end":{"line":25,"column":5}},"type":"if","locations":[{"start":{"line":15,"column":11},"end":{"line":25,"column":5}},{"start":{"line":17,"column":11},"end":{"line":25,"column":5}}],"line":15},"5":{"loc":{"start":{"line":15,"column":15},"end":{"line":15,"column":57}},"type":"binary-expr","locations":[{"start":{"line":15,"column":15},"end":{"line":15,"column":29}},{"start":{"line":15,"column":33},"end":{"line":15,"column":57}}],"line":15},"6":{"loc":{"start":{"line":17,"column":11},"end":{"line":25,"column":5}},"type":"if","locations":[{"start":{"line":17,"column":11},"end":{"line":25,"column":5}},{"start":{"line":19,"column":11},"end":{"line":25,"column":5}}],"line":17},"7":{"loc":{"start":{"line":17,"column":15},"end":{"line":17,"column":47}},"type":"binary-expr","locations":[{"start":{"line":17,"column":15},"end":{"line":17,"column":24}},{"start":{"line":17,"column":28},"end":{"line":17,"column":47}}],"line":17},"8":{"loc":{"start":{"line":19,"column":11},"end":{"line":25,"column":5}},"type":"if","locations":[{"start":{"line":19,"column":11},"end":{"line":25,"column":5}},{"start":{"line":21,"column":11},"end":{"line":25,"column":5}}],"line":19},"9":{"loc":{"start":{"line":19,"column":15},"end":{"line":19,"column":64}},"type":"binary-expr","locations":[{"start":{"line":19,"column":15},"end":{"line":19,"column":30}},{"start":{"line":19,"column":34},"end":{"line":19,"column":64}}],"line":19},"10":{"loc":{"start":{"line":21,"column":11},"end":{"line":25,"column":5}},"type":"if","locations":[{"start":{"line":21,"column":11},"end":{"line":25,"column":5}},{"start":{"line":23,"column":11},"end":{"line":25,"column":5}}],"line":21},"11":{"loc":{"start":{"line":21,"column":15},"end":{"line":21,"column":64}},"type":"binary-expr","locations":[{"start":{"line":21,"column":15},"end":{"line":21,"column":30}},{"start":{"line":21,"column":34},"end":{"line":21,"column":64}}],"line":21},"12":{"loc":{"start":{"line":23,"column":11},"end":{"line":25,"column":5}},"type":"if","locations":[{"start":{"line":23,"column":11},"end":{"line":25,"column":5}},{"start":{},"end":{}}],"line":23},"13":{"loc":{"start":{"line":23,"column":15},"end":{"line":23,"column":58}},"type":"binary-expr","locations":[{"start":{"line":23,"column":15},"end":{"line":23,"column":28}},{"start":{"line":23,"column":32},"end":{"line":23,"column":58}}],"line":23},"14":{"loc":{"start":{"line":24,"column":14},"end":{"line":24,"column":58}},"type":"binary-expr","locations":[{"start":{"line":24,"column":14},"end":{"line":24,"column":27}},{"start":{"line":24,"column":31},"end":{"line":24,"column":58}}],"line":24},"15":{"loc":{"start":{"line":37,"column":6},"end":{"line":39,"column":7}},"type":"if","locations":[{"start":{"line":37,"column":6},"end":{"line":39,"column":7}},{"start":{},"end":{}}],"line":37},"16":{"loc":{"start":{"line":84,"column":13},"end":{"line":84,"column":51}},"type":"cond-expr","locations":[{"start":{"line":84,"column":20},"end":{"line":84,"column":36}},{"start":{"line":84,"column":39},"end":{"line":84,"column":51}}],"line":84},"17":{"loc":{"start":{"line":92,"column":27},"end":{"line":92,"column":81}},"type":"cond-expr","locations":[{"start":{"line":92,"column":55},"end":{"line":92,"column":73}},{"start":{"line":92,"column":76},"end":{"line":92,"column":81}}],"line":92},"18":{"loc":{"start":{"line":104,"column":26},"end":{"line":104,"column":55}},"type":"default-arg","locations":[{"start":{"line":104,"column":50},"end":{"line":104,"column":55}}],"line":104}},"s":{"0":0,"1":0,"2":0,"3":0,"4":0,"5":0,"6":0,"7":0,"8":0,"9":0,"10":0,"11":0,"12":0,"13":0,"14":0,"15":0,"16":0,"17":0,"18":0,"19":0,"20":0,"21":0,"22":0,"23":0,"24":0,"25":0,"26":0,"27":0,"28":0,"29":0,"30":0,"31":0,"32":0,"33":0,"34":0,"35":0,"36":0,"37":0,"38":0,"39":0,"40":0,"41":0,"42":0,"43":0,"44":0,"45":0,"46":0,"47":0,"48":0,"49":0,"50":0,"51":0,"52":0,"53":0,"54":0,"55":0,"56":0,"57":0,"58":0,"59":0,"60":0,"61":0,"62":0,"63":0,"64":0,"65":0},"f":{"0":0,"1":0,"2":0,"3":0,"4":0,"5":0,"6":0,"7":0,"8":0,"9":0,"10":0,"11":0,"12":0,"13":0,"14":0,"15":0,"16":0,"17":0,"18":0,"19":0},"b":{"0":[0,0],"1":[0,0],"2":[0,0],"3":[0,0],"4":[0,0],"5":[0,0],"6":[0,0],"7":[0,0],"8":[0,0],"9":[0,0],"10":[0,0],"11":[0,0],"12":[0,0],"13":[0,0],"14":[0,0],"15":[0,0],"16":[0,0],"17":[0,0],"18":[0]}}
,"/Users/apple/new_MalPay/frontend-mobile/src/hooks/useRedux.ts": {"path":"/Users/apple/new_MalPay/frontend-mobile/src/hooks/useRedux.ts","statementMap":{"0":{"start":{"line":5,"column":30},"end":{"line":5,"column":62}},"1":{"start":{"line":5,"column":36},"end":{"line":5,"column":62}},"2":{"start":{"line":6,"column":30},"end":{"line":6,"column":93}},"3":{"start":{"line":6,"column":72},"end":{"line":6,"column":93}},"4":{"start":{"line":9,"column":23},"end":{"line":17,"column":1}},"5":{"start":{"line":10,"column":15},"end":{"line":10,"column":50}},"6":{"start":{"line":10,"column":39},"end":{"line":10,"column":49}},"7":{"start":{"line":11,"column":19},"end":{"line":11,"column":35}},"8":{"start":{"line":13,"column":2},"end":{"line":16,"column":4}},"9":{"start":{"line":19,"column":25},"end":{"line":27,"column":1}},"10":{"start":{"line":20,"column":17},"end":{"line":20,"column":54}},"11":{"start":{"line":20,"column":41},"end":{"line":20,"column":53}},"12":{"start":{"line":21,"column":19},"end":{"line":21,"column":35}},"13":{"start":{"line":23,"column":2},"end":{"line":26,"column":4}},"14":{"start":{"line":29,"column":31},"end":{"line":37,"column":1}},"15":{"start":{"line":30,"column":23},"end":{"line":30,"column":66}},"16":{"start":{"line":30,"column":47},"end":{"line":30,"column":65}},"17":{"start":{"line":31,"column":19},"end":{"line":31,"column":35}},"18":{"start":{"line":33,"column":2},"end":{"line":36,"column":4}},"19":{"start":{"line":39,"column":32},"end":{"line":47,"column":1}},"20":{"start":{"line":40,"column":24},"end":{"line":40,"column":68}},"21":{"start":{"line":40,"column":48},"end":{"line":40,"column":67}},"22":{"start":{"line":41,"column":19},"end":{"line":41,"column":35}},"23":{"start":{"line":43,"column":2},"end":{"line":46,"column":4}},"24":{"start":{"line":49,"column":21},"end":{"line":57,"column":1}},"25":{"start":{"line":50,"column":13},"end":{"line":50,"column":46}},"26":{"start":{"line":50,"column":37},"end":{"line":50,"column":45}},"27":{"start":{"line":51,"column":19},"end":{"line":51,"column":35}},"28":{"start":{"line":53,"column":2},"end":{"line":56,"column":4}}},"fnMap":{"0":{"name":"(anonymous_0)","decl":{"start":{"line":5,"column":30},"end":{"line":5,"column":31}},"loc":{"start":{"line":5,"column":36},"end":{"line":5,"column":62}},"line":5},"1":{"name":"(anonymous_1)","decl":{"start":{"line":6,"column":30},"end":{"line":6,"column":31}},"loc":{"start":{"line":6,"column":72},"end":{"line":6,"column":93}},"line":6},"2":{"name":"(anonymous_2)","decl":{"start":{"line":9,"column":23},"end":{"line":9,"column":24}},"loc":{"start":{"line":9,"column":29},"end":{"line":17,"column":1}},"line":9},"3":{"name":"(anonymous_3)","decl":{"start":{"line":10,"column":30},"end":{"line":10,"column":31}},"loc":{"start":{"line":10,"column":39},"end":{"line":10,"column":49}},"line":10},"4":{"name":"(anonymous_4)","decl":{"start":{"line":19,"column":25},"end":{"line":19,"column":26}},"loc":{"start":{"line":19,"column":31},"end":{"line":27,"column":1}},"line":19},"5":{"name":"(anonymous_5)","decl":{"start":{"line":20,"column":32},"end":{"line":20,"column":33}},"loc":{"start":{"line":20,"column":41},"end":{"line":20,"column":53}},"line":20},"6":{"name":"(anonymous_6)","decl":{"start":{"line":29,"column":31},"end":{"line":29,"column":32}},"loc":{"start":{"line":29,"column":37},"end":{"line":37,"column":1}},"line":29},"7":{"name":"(anonymous_7)","decl":{"start":{"line":30,"column":38},"end":{"line":30,"column":39}},"loc":{"start":{"line":30,"column":47},"end":{"line":30,"column":65}},"line":30},"8":{"name":"(anonymous_8)","decl":{"start":{"line":39,"column":32},"end":{"line":39,"column":33}},"loc":{"start":{"line":39,"column":38},"end":{"line":47,"column":1}},"line":39},"9":{"name":"(anonymous_9)","decl":{"start":{"line":40,"column":39},"end":{"line":40,"column":40}},"loc":{"start":{"line":40,"column":48},"end":{"line":40,"column":67}},"line":40},"10":{"name":"(anonymous_10)","decl":{"start":{"line":49,"column":21},"end":{"line":49,"column":22}},"loc":{"start":{"line":49,"column":27},"end":{"line":57,"column":1}},"line":49},"11":{"name":"(anonymous_11)","decl":{"start":{"line":50,"column":28},"end":{"line":50,"column":29}},"loc":{"start":{"line":50,"column":37},"end":{"line":50,"column":45}},"line":50}},"branchMap":{},"s":{"0":0,"1":0,"2":0,"3":0,"4":0,"5":0,"6":0,"7":0,"8":0,"9":0,"10":0,"11":0,"12":0,"13":0,"14":0,"15":0,"16":0,"17":0,"18":0,"19":0,"20":0,"21":0,"22":0,"23":0,"24":0,"25":0,"26":0,"27":0,"28":0},"f":{"0":0,"1":0,"2":0,"3":0,"4":0,"5":0,"6":0,"7":0,"8":0,"9":0,"10":0,"11":0},"b":{}}
,"/Users/apple/new_MalPay/frontend-mobile/src/navigation/AppNavigator.tsx": {"path":"/Users/apple/new_MalPay/frontend-mobile/src/navigation/AppNavigator.tsx","statementMap":{"0":{"start":{"line":91,"column":18},"end":{"line":91,"column":60}},"1":{"start":{"line":92,"column":16},"end":{"line":92,"column":60}},"2":{"start":{"line":93,"column":21},"end":{"line":93,"column":66}},"3":{"start":{"line":94,"column":22},"end":{"line":94,"column":68}},"4":{"start":{"line":95,"column":18},"end":{"line":95,"column":60}},"5":{"start":{"line":98,"column":22},"end":{"line":111,"column":1}},"6":{"start":{"line":99,"column":2},"end":{"line":110,"column":24}},"7":{"start":{"line":114,"column":25},"end":{"line":157,"column":1}},"8":{"start":{"line":115,"column":2},"end":{"line":156,"column":22}},"9":{"start":{"line":116,"column":35},"end":{"line":150,"column":5}},"10":{"start":{"line":120,"column":8},"end":{"line":135,"column":9}},"11":{"start":{"line":122,"column":12},"end":{"line":122,"column":30}},"12":{"start":{"line":123,"column":12},"end":{"line":123,"column":18}},"13":{"start":{"line":125,"column":12},"end":{"line":125,"column":48}},"14":{"start":{"line":126,"column":12},"end":{"line":126,"column":18}},"15":{"start":{"line":128,"column":12},"end":{"line":128,"column":33}},"16":{"start":{"line":129,"column":12},"end":{"line":129,"column":18}},"17":{"start":{"line":131,"column":12},"end":{"line":131,"column":32}},"18":{"start":{"line":132,"column":12},"end":{"line":132,"column":18}},"19":{"start":{"line":134,"column":12},"end":{"line":134,"column":30}},"20":{"start":{"line":137,"column":8},"end":{"line":137,"column":66}},"21":{"start":{"line":160,"column":25},"end":{"line":194,"column":1}},"22":{"start":{"line":161,"column":2},"end":{"line":193,"column":27}},"23":{"start":{"line":191,"column":61},"end":{"line":191,"column":65}},"24":{"start":{"line":197,"column":26},"end":{"line":241,"column":1}},"25":{"start":{"line":198,"column":2},"end":{"line":240,"column":28}},"26":{"start":{"line":244,"column":21},"end":{"line":260,"column":1}},"27":{"start":{"line":245,"column":26},"end":{"line":245,"column":87}},"28":{"start":{"line":245,"column":60},"end":{"line":245,"column":86}},"29":{"start":{"line":247,"column":2},"end":{"line":259,"column":4}}},"fnMap":{"0":{"name":"(anonymous_0)","decl":{"start":{"line":98,"column":22},"end":{"line":98,"column":23}},"loc":{"start":{"line":99,"column":2},"end":{"line":110,"column":24}},"line":99},"1":{"name":"(anonymous_1)","decl":{"start":{"line":114,"column":25},"end":{"line":114,"column":26}},"loc":{"start":{"line":115,"column":2},"end":{"line":156,"column":22}},"line":115},"2":{"name":"(anonymous_2)","decl":{"start":{"line":116,"column":19},"end":{"line":116,"column":20}},"loc":{"start":{"line":116,"column":35},"end":{"line":150,"column":5}},"line":116},"3":{"name":"(anonymous_3)","decl":{"start":{"line":117,"column":18},"end":{"line":117,"column":19}},"loc":{"start":{"line":117,"column":48},"end":{"line":138,"column":7}},"line":117},"4":{"name":"(anonymous_4)","decl":{"start":{"line":160,"column":25},"end":{"line":160,"column":26}},"loc":{"start":{"line":161,"column":2},"end":{"line":193,"column":27}},"line":161},"5":{"name":"(anonymous_5)","decl":{"start":{"line":191,"column":55},"end":{"line":191,"column":56}},"loc":{"start":{"line":191,"column":61},"end":{"line":191,"column":65}},"line":191},"6":{"name":"(anonymous_6)","decl":{"start":{"line":197,"column":26},"end":{"line":197,"column":27}},"loc":{"start":{"line":198,"column":2},"end":{"line":240,"column":28}},"line":198},"7":{"name":"(anonymous_7)","decl":{"start":{"line":244,"column":21},"end":{"line":244,"column":22}},"loc":{"start":{"line":244,"column":27},"end":{"line":260,"column":1}},"line":244},"8":{"name":"(anonymous_8)","decl":{"start":{"line":245,"column":38},"end":{"line":245,"column":39}},"loc":{"start":{"line":245,"column":60},"end":{"line":245,"column":86}},"line":245}},"branchMap":{"0":{"loc":{"start":{"line":120,"column":8},"end":{"line":135,"column":9}},"type":"switch","locations":[{"start":{"line":121,"column":10},"end":{"line":123,"column":18}},{"start":{"line":124,"column":10},"end":{"line":126,"column":18}},{"start":{"line":127,"column":10},"end":{"line":129,"column":18}},{"start":{"line":130,"column":10},"end":{"line":132,"column":18}},{"start":{"line":133,"column":10},"end":{"line":134,"column":30}}],"line":120},"1":{"loc":{"start":{"line":249,"column":7},"end":{"line":257,"column":7}},"type":"cond-expr","locations":[{"start":{"line":250,"column":8},"end":{"line":254,"column":11}},{"start":{"line":256,"column":8},"end":{"line":256,"column":66}}],"line":249}},"s":{"0":0,"1":0,"2":0,"3":0,"4":0,"5":0,"6":0,"7":0,"8":0,"9":0,"10":0,"11":0,"12":0,"13":0,"14":0,"15":0,"16":0,"17":0,"18":0,"19":0,"20":0,"21":0,"22":0,"23":0,"24":0,"25":0,"26":0,"27":0,"28":0,"29":0},"f":{"0":0,"1":0,"2":0,"3":0,"4":0,"5":0,"6":0,"7":0,"8":0},"b":{"0":[0,0,0,0,0],"1":[0,0]}}
,"/Users/apple/new_MalPay/frontend-mobile/src/screens/auth/ForgotPasswordScreen.tsx": {"path":"/Users/apple/new_MalPay/frontend-mobile/src/screens/auth/ForgotPasswordScreen.tsx","statementMap":{"0":{"start":{"line":25,"column":39},"end":{"line":133,"column":1}},"1":{"start":{"line":26,"column":21},"end":{"line":26,"column":72}},"2":{"start":{"line":27,"column":28},"end":{"line":27,"column":40}},"3":{"start":{"line":28,"column":36},"end":{"line":28,"column":51}},"4":{"start":{"line":29,"column":48},"end":{"line":29,"column":63}},"5":{"start":{"line":30,"column":48},"end":{"line":30,"column":60}},"6":{"start":{"line":32,"column":24},"end":{"line":44,"column":3}},"7":{"start":{"line":33,"column":4},"end":{"line":36,"column":5}},"8":{"start":{"line":34,"column":6},"end":{"line":34,"column":62}},"9":{"start":{"line":35,"column":6},"end":{"line":35,"column":19}},"10":{"start":{"line":38,"column":4},"end":{"line":41,"column":5}},"11":{"start":{"line":39,"column":6},"end":{"line":39,"column":64}},"12":{"start":{"line":40,"column":6},"end":{"line":40,"column":19}},"13":{"start":{"line":43,"column":4},"end":{"line":43,"column":16}},"14":{"start":{"line":46,"column":30},"end":{"line":69,"column":3}},"15":{"start":{"line":47,"column":4},"end":{"line":47,"column":33}},"16":{"start":{"line":47,"column":26},"end":{"line":47,"column":33}},"17":{"start":{"line":49,"column":4},"end":{"line":68,"column":5}},"18":{"start":{"line":50,"column":6},"end":{"line":50,"column":25}},"19":{"start":{"line":54,"column":6},"end":{"line":63,"column":15}},"20":{"start":{"line":55,"column":8},"end":{"line":55,"column":28}},"21":{"start":{"line":56,"column":8},"end":{"line":56,"column":77}},"22":{"start":{"line":57,"column":8},"end":{"line":57,"column":33}},"23":{"start":{"line":60,"column":8},"end":{"line":62,"column":17}},"24":{"start":{"line":61,"column":10},"end":{"line":61,"column":39}},"25":{"start":{"line":65,"column":6},"end":{"line":65,"column":26}},"26":{"start":{"line":66,"column":6},"end":{"line":66,"column":81}},"27":{"start":{"line":67,"column":6},"end":{"line":67,"column":31}},"28":{"start":{"line":71,"column":2},"end":{"line":132,"column":4}},"29":{"start":{"line":114,"column":29},"end":{"line":114,"column":57}},"30":{"start":{"line":125,"column":25},"end":{"line":125,"column":50}},"31":{"start":{"line":135,"column":15},"end":{"line":180,"column":2}}},"fnMap":{"0":{"name":"(anonymous_0)","decl":{"start":{"line":25,"column":39},"end":{"line":25,"column":40}},"loc":{"start":{"line":25,"column":45},"end":{"line":133,"column":1}},"line":25},"1":{"name":"(anonymous_1)","decl":{"start":{"line":32,"column":24},"end":{"line":32,"column":25}},"loc":{"start":{"line":32,"column":30},"end":{"line":44,"column":3}},"line":32},"2":{"name":"(anonymous_2)","decl":{"start":{"line":46,"column":30},"end":{"line":46,"column":31}},"loc":{"start":{"line":46,"column":42},"end":{"line":69,"column":3}},"line":46},"3":{"name":"(anonymous_3)","decl":{"start":{"line":54,"column":17},"end":{"line":54,"column":18}},"loc":{"start":{"line":54,"column":23},"end":{"line":63,"column":7}},"line":54},"4":{"name":"(anonymous_4)","decl":{"start":{"line":60,"column":19},"end":{"line":60,"column":20}},"loc":{"start":{"line":60,"column":25},"end":{"line":62,"column":9}},"line":60},"5":{"name":"(anonymous_5)","decl":{"start":{"line":114,"column":23},"end":{"line":114,"column":24}},"loc":{"start":{"line":114,"column":29},"end":{"line":114,"column":57}},"line":114},"6":{"name":"(anonymous_6)","decl":{"start":{"line":125,"column":19},"end":{"line":125,"column":20}},"loc":{"start":{"line":125,"column":25},"end":{"line":125,"column":50}},"line":125}},"branchMap":{"0":{"loc":{"start":{"line":33,"column":4},"end":{"line":36,"column":5}},"type":"if","locations":[{"start":{"line":33,"column":4},"end":{"line":36,"column":5}},{"start":{},"end":{}}],"line":33},"1":{"loc":{"start":{"line":38,"column":4},"end":{"line":41,"column":5}},"type":"if","locations":[{"start":{"line":38,"column":4},"end":{"line":41,"column":5}},{"start":{},"end":{}}],"line":38},"2":{"loc":{"start":{"line":47,"column":4},"end":{"line":47,"column":33}},"type":"if","locations":[{"start":{"line":47,"column":4},"end":{"line":47,"column":33}},{"start":{},"end":{}}],"line":47},"3":{"loc":{"start":{"line":74,"column":16},"end":{"line":74,"column":60}},"type":"cond-expr","locations":[{"start":{"line":74,"column":40},"end":{"line":74,"column":49}},{"start":{"line":74,"column":52},"end":{"line":74,"column":60}}],"line":74},"4":{"loc":{"start":{"line":109,"column":15},"end":{"line":109,"column":67}},"type":"cond-expr","locations":[{"start":{"line":109,"column":27},"end":{"line":109,"column":39}},{"start":{"line":109,"column":42},"end":{"line":109,"column":67}}],"line":109}},"s":{"0":0,"1":0,"2":0,"3":0,"4":0,"5":0,"6":0,"7":0,"8":0,"9":0,"10":0,"11":0,"12":0,"13":0,"14":0,"15":0,"16":0,"17":0,"18":0,"19":0,"20":0,"21":0,"22":0,"23":0,"24":0,"25":0,"26":0,"27":0,"28":0,"29":0,"30":0,"31":0},"f":{"0":0,"1":0,"2":0,"3":0,"4":0,"5":0,"6":0},"b":{"0":[0,0],"1":[0,0],"2":[0,0],"3":[0,0],"4":[0,0]}}
,"/Users/apple/new_MalPay/frontend-mobile/src/screens/auth/LoginScreen.tsx": {"path":"/Users/apple/new_MalPay/frontend-mobile/src/screens/auth/LoginScreen.tsx","statementMap":{"0":{"start":{"line":29,"column":30},"end":{"line":260,"column":1}},"1":{"start":{"line":30,"column":21},"end":{"line":30,"column":63}},"2":{"start":{"line":31,"column":19},"end":{"line":31,"column":45}},"3":{"start":{"line":32,"column":50},"end":{"line":32,"column":95}},"4":{"start":{"line":32,"column":84},"end":{"line":32,"column":94}},"5":{"start":{"line":34,"column":34},"end":{"line":38,"column":4}},"6":{"start":{"line":39,"column":42},"end":{"line":39,"column":57}},"7":{"start":{"line":40,"column":48},"end":{"line":40,"column":63}},"8":{"start":{"line":42,"column":28},"end":{"line":47,"column":3}},"9":{"start":{"line":43,"column":4},"end":{"line":43,"column":55}},"10":{"start":{"line":43,"column":25},"end":{"line":43,"column":52}},"11":{"start":{"line":44,"column":4},"end":{"line":46,"column":5}},"12":{"start":{"line":45,"column":6},"end":{"line":45,"column":29}},"13":{"start":{"line":49,"column":23},"end":{"line":61,"column":3}},"14":{"start":{"line":50,"column":4},"end":{"line":53,"column":5}},"15":{"start":{"line":51,"column":6},"end":{"line":51,"column":56}},"16":{"start":{"line":52,"column":6},"end":{"line":52,"column":19}},"17":{"start":{"line":55,"column":4},"end":{"line":58,"column":5}},"18":{"start":{"line":56,"column":6},"end":{"line":56,"column":64}},"19":{"start":{"line":57,"column":6},"end":{"line":57,"column":19}},"20":{"start":{"line":60,"column":4},"end":{"line":60,"column":16}},"21":{"start":{"line":63,"column":22},"end":{"line":98,"column":3}},"22":{"start":{"line":64,"column":4},"end":{"line":64,"column":32}},"23":{"start":{"line":64,"column":25},"end":{"line":64,"column":32}},"24":{"start":{"line":66,"column":4},"end":{"line":97,"column":5}},"25":{"start":{"line":67,"column":6},"end":{"line":67,"column":29}},"26":{"start":{"line":71,"column":6},"end":{"line":94,"column":15}},"27":{"start":{"line":72,"column":8},"end":{"line":93,"column":9}},"28":{"start":{"line":74,"column":10},"end":{"line":90,"column":13}},"29":{"start":{"line":92,"column":10},"end":{"line":92,"column":62}},"30":{"start":{"line":96,"column":6},"end":{"line":96,"column":64}},"31":{"start":{"line":100,"column":32},"end":{"line":128,"column":3}},"32":{"start":{"line":101,"column":4},"end":{"line":104,"column":5}},"33":{"start":{"line":102,"column":6},"end":{"line":102,"column":65}},"34":{"start":{"line":103,"column":6},"end":{"line":103,"column":13}},"35":{"start":{"line":106,"column":4},"end":{"line":127,"column":5}},"36":{"start":{"line":108,"column":6},"end":{"line":124,"column":9}},"37":{"start":{"line":126,"column":6},"end":{"line":126,"column":58}},"38":{"start":{"line":130,"column":2},"end":{"line":134,"column":14}},"39":{"start":{"line":131,"column":4},"end":{"line":133,"column":5}},"40":{"start":{"line":132,"column":6},"end":{"line":132,"column":31}},"41":{"start":{"line":136,"column":2},"end":{"line":259,"column":4}},"42":{"start":{"line":161,"column":43},"end":{"line":161,"column":76}},"43":{"start":{"line":173,"column":43},"end":{"line":173,"column":79}},"44":{"start":{"line":181,"column":37},"end":{"line":181,"column":67}},"45":{"start":{"line":189,"column":33},"end":{"line":189,"column":70}},"46":{"start":{"line":217,"column":43},"end":{"line":217,"column":84}},"47":{"start":{"line":240,"column":31},"end":{"line":240,"column":62}},"48":{"start":{"line":252,"column":25},"end":{"line":252,"column":50}},"49":{"start":{"line":262,"column":15},"end":{"line":324,"column":2}}},"fnMap":{"0":{"name":"(anonymous_0)","decl":{"start":{"line":29,"column":30},"end":{"line":29,"column":31}},"loc":{"start":{"line":29,"column":36},"end":{"line":260,"column":1}},"line":29},"1":{"name":"(anonymous_1)","decl":{"start":{"line":32,"column":62},"end":{"line":32,"column":63}},"loc":{"start":{"line":32,"column":84},"end":{"line":32,"column":94}},"line":32},"2":{"name":"(anonymous_2)","decl":{"start":{"line":42,"column":28},"end":{"line":42,"column":29}},"loc":{"start":{"line":42,"column":62},"end":{"line":47,"column":3}},"line":42},"3":{"name":"(anonymous_3)","decl":{"start":{"line":43,"column":16},"end":{"line":43,"column":17}},"loc":{"start":{"line":43,"column":25},"end":{"line":43,"column":52}},"line":43},"4":{"name":"(anonymous_4)","decl":{"start":{"line":49,"column":23},"end":{"line":49,"column":24}},"loc":{"start":{"line":49,"column":29},"end":{"line":61,"column":3}},"line":49},"5":{"name":"(anonymous_5)","decl":{"start":{"line":63,"column":22},"end":{"line":63,"column":23}},"loc":{"start":{"line":63,"column":34},"end":{"line":98,"column":3}},"line":63},"6":{"name":"(anonymous_6)","decl":{"start":{"line":71,"column":17},"end":{"line":71,"column":18}},"loc":{"start":{"line":71,"column":23},"end":{"line":94,"column":7}},"line":71},"7":{"name":"(anonymous_7)","decl":{"start":{"line":100,"column":32},"end":{"line":100,"column":33}},"loc":{"start":{"line":100,"column":44},"end":{"line":128,"column":3}},"line":100},"8":{"name":"(anonymous_8)","decl":{"start":{"line":130,"column":18},"end":{"line":130,"column":19}},"loc":{"start":{"line":130,"column":24},"end":{"line":134,"column":3}},"line":130},"9":{"name":"(anonymous_9)","decl":{"start":{"line":161,"column":32},"end":{"line":161,"column":33}},"loc":{"start":{"line":161,"column":43},"end":{"line":161,"column":76}},"line":161},"10":{"name":"(anonymous_10)","decl":{"start":{"line":173,"column":32},"end":{"line":173,"column":33}},"loc":{"start":{"line":173,"column":43},"end":{"line":173,"column":79}},"line":173},"11":{"name":"(anonymous_11)","decl":{"start":{"line":181,"column":31},"end":{"line":181,"column":32}},"loc":{"start":{"line":181,"column":37},"end":{"line":181,"column":67}},"line":181},"12":{"name":"(anonymous_12)","decl":{"start":{"line":189,"column":27},"end":{"line":189,"column":28}},"loc":{"start":{"line":189,"column":33},"end":{"line":189,"column":70}},"line":189},"13":{"name":"(anonymous_13)","decl":{"start":{"line":217,"column":32},"end":{"line":217,"column":33}},"loc":{"start":{"line":217,"column":43},"end":{"line":217,"column":84}},"line":217},"14":{"name":"(anonymous_14)","decl":{"start":{"line":240,"column":25},"end":{"line":240,"column":26}},"loc":{"start":{"line":240,"column":31},"end":{"line":240,"column":62}},"line":240},"15":{"name":"(anonymous_15)","decl":{"start":{"line":252,"column":19},"end":{"line":252,"column":20}},"loc":{"start":{"line":252,"column":25},"end":{"line":252,"column":50}},"line":252}},"branchMap":{"0":{"loc":{"start":{"line":44,"column":4},"end":{"line":46,"column":5}},"type":"if","locations":[{"start":{"line":44,"column":4},"end":{"line":46,"column":5}},{"start":{},"end":{}}],"line":44},"1":{"loc":{"start":{"line":50,"column":4},"end":{"line":53,"column":5}},"type":"if","locations":[{"start":{"line":50,"column":4},"end":{"line":53,"column":5}},{"start":{},"end":{}}],"line":50},"2":{"loc":{"start":{"line":50,"column":8},"end":{"line":50,"column":45}},"type":"binary-expr","locations":[{"start":{"line":50,"column":8},"end":{"line":50,"column":23}},{"start":{"line":50,"column":27},"end":{"line":50,"column":45}}],"line":50},"3":{"loc":{"start":{"line":55,"column":4},"end":{"line":58,"column":5}},"type":"if","locations":[{"start":{"line":55,"column":4},"end":{"line":58,"column":5}},{"start":{},"end":{}}],"line":55},"4":{"loc":{"start":{"line":64,"column":4},"end":{"line":64,"column":32}},"type":"if","locations":[{"start":{"line":64,"column":4},"end":{"line":64,"column":32}},{"start":{},"end":{}}],"line":64},"5":{"loc":{"start":{"line":72,"column":8},"end":{"line":93,"column":9}},"type":"if","locations":[{"start":{"line":72,"column":8},"end":{"line":93,"column":9}},{"start":{"line":91,"column":15},"end":{"line":93,"column":9}}],"line":72},"6":{"loc":{"start":{"line":72,"column":12},"end":{"line":72,"column":88}},"type":"binary-expr","locations":[{"start":{"line":72,"column":12},"end":{"line":72,"column":49}},{"start":{"line":72,"column":53},"end":{"line":72,"column":88}}],"line":72},"7":{"loc":{"start":{"line":101,"column":4},"end":{"line":104,"column":5}},"type":"if","locations":[{"start":{"line":101,"column":4},"end":{"line":104,"column":5}},{"start":{},"end":{}}],"line":101},"8":{"loc":{"start":{"line":131,"column":4},"end":{"line":133,"column":5}},"type":"if","locations":[{"start":{"line":131,"column":4},"end":{"line":133,"column":5}},{"start":{},"end":{}}],"line":131},"9":{"loc":{"start":{"line":139,"column":16},"end":{"line":139,"column":60}},"type":"cond-expr","locations":[{"start":{"line":139,"column":40},"end":{"line":139,"column":49}},{"start":{"line":139,"column":52},"end":{"line":139,"column":60}}],"line":139},"10":{"loc":{"start":{"line":156,"column":13},"end":{"line":234,"column":13}},"type":"cond-expr","locations":[{"start":{"line":157,"column":14},"end":{"line":204,"column":17}},{"start":{"line":206,"column":14},"end":{"line":233,"column":17}}],"line":156},"11":{"loc":{"start":{"line":167,"column":25},"end":{"line":167,"column":59}},"type":"binary-expr","locations":[{"start":{"line":167,"column":25},"end":{"line":167,"column":32}},{"start":{"line":167,"column":36},"end":{"line":167,"column":59}}],"line":167},"12":{"loc":{"start":{"line":180,"column":28},"end":{"line":180,"column":60}},"type":"cond-expr","locations":[{"start":{"line":180,"column":43},"end":{"line":180,"column":52}},{"start":{"line":180,"column":55},"end":{"line":180,"column":60}}],"line":180},"13":{"loc":{"start":{"line":184,"column":25},"end":{"line":184,"column":62}},"type":"binary-expr","locations":[{"start":{"line":184,"column":25},"end":{"line":184,"column":32}},{"start":{"line":184,"column":36},"end":{"line":184,"column":62}}],"line":184},"14":{"loc":{"start":{"line":202,"column":19},"end":{"line":202,"column":58}},"type":"cond-expr","locations":[{"start":{"line":202,"column":31},"end":{"line":202,"column":46}},{"start":{"line":202,"column":49},"end":{"line":202,"column":58}}],"line":202},"15":{"loc":{"start":{"line":231,"column":19},"end":{"line":231,"column":56}},"type":"cond-expr","locations":[{"start":{"line":231,"column":31},"end":{"line":231,"column":45}},{"start":{"line":231,"column":48},"end":{"line":231,"column":56}}],"line":231}},"s":{"0":0,"1":0,"2":0,"3":0,"4":0,"5":0,"6":0,"7":0,"8":0,"9":0,"10":0,"11":0,"12":0,"13":0,"14":0,"15":0,"16":0,"17":0,"18":0,"19":0,"20":0,"21":0,"22":0,"23":0,"24":0,"25":0,"26":0,"27":0,"28":0,"29":0,"30":0,"31":0,"32":0,"33":0,"34":0,"35":0,"36":0,"37":0,"38":0,"39":0,"40":0,"41":0,"42":0,"43":0,"44":0,"45":0,"46":0,"47":0,"48":0,"49":0},"f":{"0":0,"1":0,"2":0,"3":0,"4":0,"5":0,"6":0,"7":0,"8":0,"9":0,"10":0,"11":0,"12":0,"13":0,"14":0,"15":0},"b":{"0":[0,0],"1":[0,0],"2":[0,0],"3":[0,0],"4":[0,0],"5":[0,0],"6":[0,0],"7":[0,0],"8":[0,0],"9":[0,0],"10":[0,0],"11":[0,0],"12":[0,0],"13":[0,0],"14":[0,0],"15":[0,0]}}
,"/Users/apple/new_MalPay/frontend-mobile/src/screens/auth/OnboardingScreen.tsx": {"path":"/Users/apple/new_MalPay/frontend-mobile/src/screens/auth/OnboardingScreen.tsx","statementMap":{"0":{"start":{"line":21,"column":18},"end":{"line":21,"column":42}},"1":{"start":{"line":23,"column":35},"end":{"line":117,"column":1}},"2":{"start":{"line":24,"column":21},"end":{"line":24,"column":68}},"3":{"start":{"line":26,"column":19},"end":{"line":47,"column":3}},"4":{"start":{"line":49,"column":2},"end":{"line":116,"column":4}},"5":{"start":{"line":68,"column":12},"end":{"line":80,"column":19}},"6":{"start":{"line":88,"column":27},"end":{"line":88,"column":58}},"7":{"start":{"line":97,"column":27},"end":{"line":97,"column":55}},"8":{"start":{"line":119,"column":15},"end":{"line":214,"column":2}}},"fnMap":{"0":{"name":"(anonymous_0)","decl":{"start":{"line":23,"column":35},"end":{"line":23,"column":36}},"loc":{"start":{"line":23,"column":41},"end":{"line":117,"column":1}},"line":23},"1":{"name":"(anonymous_1)","decl":{"start":{"line":67,"column":24},"end":{"line":67,"column":25}},"loc":{"start":{"line":68,"column":12},"end":{"line":80,"column":19}},"line":68},"2":{"name":"(anonymous_2)","decl":{"start":{"line":88,"column":21},"end":{"line":88,"column":22}},"loc":{"start":{"line":88,"column":27},"end":{"line":88,"column":58}},"line":88},"3":{"name":"(anonymous_3)","decl":{"start":{"line":97,"column":21},"end":{"line":97,"column":22}},"loc":{"start":{"line":97,"column":27},"end":{"line":97,"column":55}},"line":97}},"branchMap":{},"s":{"0":0,"1":0,"2":0,"3":0,"4":0,"5":0,"6":0,"7":0,"8":0},"f":{"0":0,"1":0,"2":0,"3":0},"b":{}}
,"/Users/apple/new_MalPay/frontend-mobile/src/screens/auth/RegisterScreen.tsx": {"path":"/Users/apple/new_MalPay/frontend-mobile/src/screens/auth/RegisterScreen.tsx","statementMap":{"0":{"start":{"line":30,"column":33},"end":{"line":285,"column":1}},"1":{"start":{"line":31,"column":21},"end":{"line":31,"column":66}},"2":{"start":{"line":32,"column":19},"end":{"line":32,"column":45}},"3":{"start":{"line":33,"column":31},"end":{"line":33,"column":76}},"4":{"start":{"line":33,"column":65},"end":{"line":33,"column":75}},"5":{"start":{"line":35,"column":34},"end":{"line":43,"column":4}},"6":{"start":{"line":44,"column":42},"end":{"line":44,"column":57}},"7":{"start":{"line":45,"column":56},"end":{"line":45,"column":71}},"8":{"start":{"line":46,"column":40},"end":{"line":46,"column":55}},"9":{"start":{"line":47,"column":48},"end":{"line":47,"column":63}},"10":{"start":{"line":49,"column":28},"end":{"line":54,"column":3}},"11":{"start":{"line":50,"column":4},"end":{"line":50,"column":55}},"12":{"start":{"line":50,"column":25},"end":{"line":50,"column":52}},"13":{"start":{"line":51,"column":4},"end":{"line":53,"column":5}},"14":{"start":{"line":52,"column":6},"end":{"line":52,"column":29}},"15":{"start":{"line":56,"column":23},"end":{"line":95,"column":3}},"16":{"start":{"line":57,"column":87},"end":{"line":57,"column":95}},"17":{"start":{"line":59,"column":4},"end":{"line":62,"column":5}},"18":{"start":{"line":60,"column":6},"end":{"line":60,"column":65}},"19":{"start":{"line":61,"column":6},"end":{"line":61,"column":19}},"20":{"start":{"line":64,"column":4},"end":{"line":67,"column":5}},"21":{"start":{"line":65,"column":6},"end":{"line":65,"column":64}},"22":{"start":{"line":66,"column":6},"end":{"line":66,"column":19}},"23":{"start":{"line":69,"column":4},"end":{"line":72,"column":5}},"24":{"start":{"line":70,"column":6},"end":{"line":70,"column":67}},"25":{"start":{"line":71,"column":6},"end":{"line":71,"column":19}},"26":{"start":{"line":74,"column":4},"end":{"line":77,"column":5}},"27":{"start":{"line":75,"column":6},"end":{"line":75,"column":67}},"28":{"start":{"line":76,"column":6},"end":{"line":76,"column":19}},"29":{"start":{"line":79,"column":4},"end":{"line":82,"column":5}},"30":{"start":{"line":80,"column":6},"end":{"line":80,"column":53}},"31":{"start":{"line":81,"column":6},"end":{"line":81,"column":19}},"32":{"start":{"line":84,"column":4},"end":{"line":87,"column":5}},"33":{"start":{"line":85,"column":6},"end":{"line":85,"column":64}},"34":{"start":{"line":86,"column":6},"end":{"line":86,"column":19}},"35":{"start":{"line":89,"column":4},"end":{"line":92,"column":5}},"36":{"start":{"line":90,"column":6},"end":{"line":90,"column":69}},"37":{"start":{"line":91,"column":6},"end":{"line":91,"column":19}},"38":{"start":{"line":94,"column":4},"end":{"line":94,"column":16}},"39":{"start":{"line":97,"column":25},"end":{"line":118,"column":3}},"40":{"start":{"line":98,"column":4},"end":{"line":98,"column":32}},"41":{"start":{"line":98,"column":25},"end":{"line":98,"column":32}},"42":{"start":{"line":100,"column":4},"end":{"line":117,"column":5}},"43":{"start":{"line":103,"column":6},"end":{"line":114,"column":15}},"44":{"start":{"line":104,"column":8},"end":{"line":113,"column":10}},"45":{"start":{"line":110,"column":29},"end":{"line":110,"column":90}},"46":{"start":{"line":116,"column":6},"end":{"line":116,"column":71}},"47":{"start":{"line":120,"column":2},"end":{"line":124,"column":14}},"48":{"start":{"line":121,"column":4},"end":{"line":123,"column":5}},"49":{"start":{"line":122,"column":6},"end":{"line":122,"column":31}},"50":{"start":{"line":126,"column":2},"end":{"line":284,"column":4}},"51":{"start":{"line":151,"column":41},"end":{"line":151,"column":78}},"52":{"start":{"line":161,"column":41},"end":{"line":161,"column":77}},"53":{"start":{"line":173,"column":39},"end":{"line":173,"column":72}},"54":{"start":{"line":185,"column":39},"end":{"line":185,"column":75}},"55":{"start":{"line":196,"column":39},"end":{"line":196,"column":72}},"56":{"start":{"line":207,"column":39},"end":{"line":207,"column":75}},"57":{"start":{"line":215,"column":33},"end":{"line":215,"column":63}},"58":{"start":{"line":224,"column":39},"end":{"line":224,"column":82}},"59":{"start":{"line":232,"column":33},"end":{"line":232,"column":77}},"60":{"start":{"line":241,"column":31},"end":{"line":241,"column":59}},"61":{"start":{"line":265,"column":31},"end":{"line":265,"column":59}},"62":{"start":{"line":277,"column":25},"end":{"line":277,"column":50}},"63":{"start":{"line":287,"column":15},"end":{"line":356,"column":2}}},"fnMap":{"0":{"name":"(anonymous_0)","decl":{"start":{"line":30,"column":33},"end":{"line":30,"column":34}},"loc":{"start":{"line":30,"column":39},"end":{"line":285,"column":1}},"line":30},"1":{"name":"(anonymous_1)","decl":{"start":{"line":33,"column":43},"end":{"line":33,"column":44}},"loc":{"start":{"line":33,"column":65},"end":{"line":33,"column":75}},"line":33},"2":{"name":"(anonymous_2)","decl":{"start":{"line":49,"column":28},"end":{"line":49,"column":29}},"loc":{"start":{"line":49,"column":62},"end":{"line":54,"column":3}},"line":49},"3":{"name":"(anonymous_3)","decl":{"start":{"line":50,"column":16},"end":{"line":50,"column":17}},"loc":{"start":{"line":50,"column":25},"end":{"line":50,"column":52}},"line":50},"4":{"name":"(anonymous_4)","decl":{"start":{"line":56,"column":23},"end":{"line":56,"column":24}},"loc":{"start":{"line":56,"column":29},"end":{"line":95,"column":3}},"line":56},"5":{"name":"(anonymous_5)","decl":{"start":{"line":97,"column":25},"end":{"line":97,"column":26}},"loc":{"start":{"line":97,"column":37},"end":{"line":118,"column":3}},"line":97},"6":{"name":"(anonymous_6)","decl":{"start":{"line":103,"column":17},"end":{"line":103,"column":18}},"loc":{"start":{"line":103,"column":23},"end":{"line":114,"column":7}},"line":103},"7":{"name":"(anonymous_7)","decl":{"start":{"line":110,"column":23},"end":{"line":110,"column":24}},"loc":{"start":{"line":110,"column":29},"end":{"line":110,"column":90}},"line":110},"8":{"name":"(anonymous_8)","decl":{"start":{"line":120,"column":18},"end":{"line":120,"column":19}},"loc":{"start":{"line":120,"column":24},"end":{"line":124,"column":3}},"line":120},"9":{"name":"(anonymous_9)","decl":{"start":{"line":151,"column":30},"end":{"line":151,"column":31}},"loc":{"start":{"line":151,"column":41},"end":{"line":151,"column":78}},"line":151},"10":{"name":"(anonymous_10)","decl":{"start":{"line":161,"column":30},"end":{"line":161,"column":31}},"loc":{"start":{"line":161,"column":41},"end":{"line":161,"column":77}},"line":161},"11":{"name":"(anonymous_11)","decl":{"start":{"line":173,"column":28},"end":{"line":173,"column":29}},"loc":{"start":{"line":173,"column":39},"end":{"line":173,"column":72}},"line":173},"12":{"name":"(anonymous_12)","decl":{"start":{"line":185,"column":28},"end":{"line":185,"column":29}},"loc":{"start":{"line":185,"column":39},"end":{"line":185,"column":75}},"line":185},"13":{"name":"(anonymous_13)","decl":{"start":{"line":196,"column":28},"end":{"line":196,"column":29}},"loc":{"start":{"line":196,"column":39},"end":{"line":196,"column":72}},"line":196},"14":{"name":"(anonymous_14)","decl":{"start":{"line":207,"column":28},"end":{"line":207,"column":29}},"loc":{"start":{"line":207,"column":39},"end":{"line":207,"column":75}},"line":207},"15":{"name":"(anonymous_15)","decl":{"start":{"line":215,"column":27},"end":{"line":215,"column":28}},"loc":{"start":{"line":215,"column":33},"end":{"line":215,"column":63}},"line":215},"16":{"name":"(anonymous_16)","decl":{"start":{"line":224,"column":28},"end":{"line":224,"column":29}},"loc":{"start":{"line":224,"column":39},"end":{"line":224,"column":82}},"line":224},"17":{"name":"(anonymous_17)","decl":{"start":{"line":232,"column":27},"end":{"line":232,"column":28}},"loc":{"start":{"line":232,"column":33},"end":{"line":232,"column":77}},"line":232},"18":{"name":"(anonymous_18)","decl":{"start":{"line":241,"column":25},"end":{"line":241,"column":26}},"loc":{"start":{"line":241,"column":31},"end":{"line":241,"column":59}},"line":241},"19":{"name":"(anonymous_19)","decl":{"start":{"line":265,"column":25},"end":{"line":265,"column":26}},"loc":{"start":{"line":265,"column":31},"end":{"line":265,"column":59}},"line":265},"20":{"name":"(anonymous_20)","decl":{"start":{"line":277,"column":19},"end":{"line":277,"column":20}},"loc":{"start":{"line":277,"column":25},"end":{"line":277,"column":50}},"line":277}},"branchMap":{"0":{"loc":{"start":{"line":51,"column":4},"end":{"line":53,"column":5}},"type":"if","locations":[{"start":{"line":51,"column":4},"end":{"line":53,"column":5}},{"start":{},"end":{}}],"line":51},"1":{"loc":{"start":{"line":59,"column":4},"end":{"line":62,"column":5}},"type":"if","locations":[{"start":{"line":59,"column":4},"end":{"line":62,"column":5}},{"start":{},"end":{}}],"line":59},"2":{"loc":{"start":{"line":59,"column":8},"end":{"line":59,"column":87}},"type":"binary-expr","locations":[{"start":{"line":59,"column":8},"end":{"line":59,"column":18}},{"start":{"line":59,"column":22},"end":{"line":59,"column":31}},{"start":{"line":59,"column":35},"end":{"line":59,"column":41}},{"start":{"line":59,"column":45},"end":{"line":59,"column":54}},{"start":{"line":59,"column":58},"end":{"line":59,"column":67}},{"start":{"line":59,"column":71},"end":{"line":59,"column":87}}],"line":59},"3":{"loc":{"start":{"line":64,"column":4},"end":{"line":67,"column":5}},"type":"if","locations":[{"start":{"line":64,"column":4},"end":{"line":67,"column":5}},{"start":{},"end":{}}],"line":64},"4":{"loc":{"start":{"line":69,"column":4},"end":{"line":72,"column":5}},"type":"if","locations":[{"start":{"line":69,"column":4},"end":{"line":72,"column":5}},{"start":{},"end":{}}],"line":69},"5":{"loc":{"start":{"line":74,"column":4},"end":{"line":77,"column":5}},"type":"if","locations":[{"start":{"line":74,"column":4},"end":{"line":77,"column":5}},{"start":{},"end":{}}],"line":74},"6":{"loc":{"start":{"line":79,"column":4},"end":{"line":82,"column":5}},"type":"if","locations":[{"start":{"line":79,"column":4},"end":{"line":82,"column":5}},{"start":{},"end":{}}],"line":79},"7":{"loc":{"start":{"line":84,"column":4},"end":{"line":87,"column":5}},"type":"if","locations":[{"start":{"line":84,"column":4},"end":{"line":87,"column":5}},{"start":{},"end":{}}],"line":84},"8":{"loc":{"start":{"line":84,"column":8},"end":{"line":84,"column":65}},"type":"binary-expr","locations":[{"start":{"line":84,"column":8},"end":{"line":84,"column":13}},{"start":{"line":84,"column":17},"end":{"line":84,"column":65}}],"line":84},"9":{"loc":{"start":{"line":89,"column":4},"end":{"line":92,"column":5}},"type":"if","locations":[{"start":{"line":89,"column":4},"end":{"line":92,"column":5}},{"start":{},"end":{}}],"line":89},"10":{"loc":{"start":{"line":98,"column":4},"end":{"line":98,"column":32}},"type":"if","locations":[{"start":{"line":98,"column":4},"end":{"line":98,"column":32}},{"start":{},"end":{}}],"line":98},"11":{"loc":{"start":{"line":121,"column":4},"end":{"line":123,"column":5}},"type":"if","locations":[{"start":{"line":121,"column":4},"end":{"line":123,"column":5}},{"start":{},"end":{}}],"line":121},"12":{"loc":{"start":{"line":129,"column":16},"end":{"line":129,"column":60}},"type":"cond-expr","locations":[{"start":{"line":129,"column":40},"end":{"line":129,"column":49}},{"start":{"line":129,"column":52},"end":{"line":129,"column":60}}],"line":129},"13":{"loc":{"start":{"line":156,"column":23},"end":{"line":156,"column":61}},"type":"binary-expr","locations":[{"start":{"line":156,"column":23},"end":{"line":156,"column":30}},{"start":{"line":156,"column":34},"end":{"line":156,"column":61}}],"line":156},"14":{"loc":{"start":{"line":166,"column":23},"end":{"line":166,"column":60}},"type":"binary-expr","locations":[{"start":{"line":166,"column":23},"end":{"line":166,"column":30}},{"start":{"line":166,"column":34},"end":{"line":166,"column":60}}],"line":166},"15":{"loc":{"start":{"line":179,"column":21},"end":{"line":179,"column":55}},"type":"binary-expr","locations":[{"start":{"line":179,"column":21},"end":{"line":179,"column":28}},{"start":{"line":179,"column":32},"end":{"line":179,"column":55}}],"line":179},"16":{"loc":{"start":{"line":190,"column":21},"end":{"line":190,"column":58}},"type":"binary-expr","locations":[{"start":{"line":190,"column":21},"end":{"line":190,"column":28}},{"start":{"line":190,"column":32},"end":{"line":190,"column":58}}],"line":190},"17":{"loc":{"start":{"line":201,"column":21},"end":{"line":201,"column":55}},"type":"binary-expr","locations":[{"start":{"line":201,"column":21},"end":{"line":201,"column":28}},{"start":{"line":201,"column":32},"end":{"line":201,"column":55}}],"line":201},"18":{"loc":{"start":{"line":214,"column":24},"end":{"line":214,"column":56}},"type":"cond-expr","locations":[{"start":{"line":214,"column":39},"end":{"line":214,"column":48}},{"start":{"line":214,"column":51},"end":{"line":214,"column":56}}],"line":214},"19":{"loc":{"start":{"line":218,"column":21},"end":{"line":218,"column":58}},"type":"binary-expr","locations":[{"start":{"line":218,"column":21},"end":{"line":218,"column":28}},{"start":{"line":218,"column":32},"end":{"line":218,"column":58}}],"line":218},"20":{"loc":{"start":{"line":231,"column":24},"end":{"line":231,"column":63}},"type":"cond-expr","locations":[{"start":{"line":231,"column":46},"end":{"line":231,"column":55}},{"start":{"line":231,"column":58},"end":{"line":231,"column":63}}],"line":231},"21":{"loc":{"start":{"line":235,"column":21},"end":{"line":235,"column":65}},"type":"binary-expr","locations":[{"start":{"line":235,"column":21},"end":{"line":235,"column":28}},{"start":{"line":235,"column":32},"end":{"line":235,"column":65}}],"line":235},"22":{"loc":{"start":{"line":240,"column":24},"end":{"line":240,"column":61}},"type":"cond-expr","locations":[{"start":{"line":240,"column":38},"end":{"line":240,"column":47}},{"start":{"line":240,"column":50},"end":{"line":240,"column":61}}],"line":240},"23":{"loc":{"start":{"line":258,"column":15},"end":{"line":258,"column":67}},"type":"cond-expr","locations":[{"start":{"line":258,"column":27},"end":{"line":258,"column":48}},{"start":{"line":258,"column":51},"end":{"line":258,"column":67}}],"line":258}},"s":{"0":0,"1":0,"2":0,"3":0,"4":0,"5":0,"6":0,"7":0,"8":0,"9":0,"10":0,"11":0,"12":0,"13":0,"14":0,"15":0,"16":0,"17":0,"18":0,"19":0,"20":0,"21":0,"22":0,"23":0,"24":0,"25":0,"26":0,"27":0,"28":0,"29":0,"30":0,"31":0,"32":0,"33":0,"34":0,"35":0,"36":0,"37":0,"38":0,"39":0,"40":0,"41":0,"42":0,"43":0,"44":0,"45":0,"46":0,"47":0,"48":0,"49":0,"50":0,"51":0,"52":0,"53":0,"54":0,"55":0,"56":0,"57":0,"58":0,"59":0,"60":0,"61":0,"62":0,"63":0},"f":{"0":0,"1":0,"2":0,"3":0,"4":0,"5":0,"6":0,"7":0,"8":0,"9":0,"10":0,"11":0,"12":0,"13":0,"14":0,"15":0,"16":0,"17":0,"18":0,"19":0,"20":0},"b":{"0":[0,0],"1":[0,0],"2":[0,0,0,0,0,0],"3":[0,0],"4":[0,0],"5":[0,0],"6":[0,0],"7":[0,0],"8":[0,0],"9":[0,0],"10":[0,0],"11":[0,0],"12":[0,0],"13":[0,0],"14":[0,0],"15":[0,0],"16":[0,0],"17":[0,0],"18":[0,0],"19":[0,0],"20":[0,0],"21":[0,0],"22":[0,0],"23":[0,0]}}
,"/Users/apple/new_MalPay/frontend-mobile/src/screens/auth/VerifyEmailScreen.tsx": {"path":"/Users/apple/new_MalPay/frontend-mobile/src/screens/auth/VerifyEmailScreen.tsx","statementMap":{"0":{"start":{"line":25,"column":36},"end":{"line":161,"column":1}},"1":{"start":{"line":26,"column":21},"end":{"line":26,"column":69}},"2":{"start":{"line":27,"column":16},"end":{"line":27,"column":54}},"3":{"start":{"line":28,"column":20},"end":{"line":28,"column":32}},"4":{"start":{"line":30,"column":50},"end":{"line":30,"column":62}},"5":{"start":{"line":31,"column":36},"end":{"line":31,"column":51}},"6":{"start":{"line":32,"column":48},"end":{"line":32,"column":63}},"7":{"start":{"line":33,"column":48},"end":{"line":33,"column":60}},"8":{"start":{"line":35,"column":23},"end":{"line":47,"column":3}},"9":{"start":{"line":36,"column":4},"end":{"line":39,"column":5}},"10":{"start":{"line":37,"column":6},"end":{"line":37,"column":65}},"11":{"start":{"line":38,"column":6},"end":{"line":38,"column":19}},"12":{"start":{"line":41,"column":4},"end":{"line":44,"column":5}},"13":{"start":{"line":42,"column":6},"end":{"line":42,"column":65}},"14":{"start":{"line":43,"column":6},"end":{"line":43,"column":19}},"15":{"start":{"line":46,"column":4},"end":{"line":46,"column":16}},"16":{"start":{"line":49,"column":28},"end":{"line":72,"column":3}},"17":{"start":{"line":50,"column":4},"end":{"line":50,"column":32}},"18":{"start":{"line":50,"column":25},"end":{"line":50,"column":32}},"19":{"start":{"line":52,"column":4},"end":{"line":71,"column":5}},"20":{"start":{"line":53,"column":6},"end":{"line":53,"column":25}},"21":{"start":{"line":57,"column":6},"end":{"line":66,"column":15}},"22":{"start":{"line":58,"column":8},"end":{"line":58,"column":28}},"23":{"start":{"line":59,"column":8},"end":{"line":59,"column":59}},"24":{"start":{"line":60,"column":8},"end":{"line":60,"column":33}},"25":{"start":{"line":63,"column":8},"end":{"line":65,"column":17}},"26":{"start":{"line":64,"column":10},"end":{"line":64,"column":39}},"27":{"start":{"line":68,"column":6},"end":{"line":68,"column":26}},"28":{"start":{"line":69,"column":6},"end":{"line":69,"column":73}},"29":{"start":{"line":70,"column":6},"end":{"line":70,"column":31}},"30":{"start":{"line":74,"column":27},"end":{"line":83,"column":3}},"31":{"start":{"line":75,"column":4},"end":{"line":82,"column":5}},"32":{"start":{"line":77,"column":6},"end":{"line":77,"column":65}},"33":{"start":{"line":78,"column":6},"end":{"line":78,"column":31}},"34":{"start":{"line":80,"column":6},"end":{"line":80,"column":69}},"35":{"start":{"line":81,"column":6},"end":{"line":81,"column":31}},"36":{"start":{"line":85,"column":2},"end":{"line":160,"column":4}},"37":{"start":{"line":142,"column":29},"end":{"line":142,"column":57}},"38":{"start":{"line":153,"column":25},"end":{"line":153,"column":50}},"39":{"start":{"line":163,"column":15},"end":{"line":224,"column":2}}},"fnMap":{"0":{"name":"(anonymous_0)","decl":{"start":{"line":25,"column":36},"end":{"line":25,"column":37}},"loc":{"start":{"line":25,"column":42},"end":{"line":161,"column":1}},"line":25},"1":{"name":"(anonymous_1)","decl":{"start":{"line":35,"column":23},"end":{"line":35,"column":24}},"loc":{"start":{"line":35,"column":29},"end":{"line":47,"column":3}},"line":35},"2":{"name":"(anonymous_2)","decl":{"start":{"line":49,"column":28},"end":{"line":49,"column":29}},"loc":{"start":{"line":49,"column":40},"end":{"line":72,"column":3}},"line":49},"3":{"name":"(anonymous_3)","decl":{"start":{"line":57,"column":17},"end":{"line":57,"column":18}},"loc":{"start":{"line":57,"column":23},"end":{"line":66,"column":7}},"line":57},"4":{"name":"(anonymous_4)","decl":{"start":{"line":63,"column":19},"end":{"line":63,"column":20}},"loc":{"start":{"line":63,"column":25},"end":{"line":65,"column":9}},"line":63},"5":{"name":"(anonymous_5)","decl":{"start":{"line":74,"column":27},"end":{"line":74,"column":28}},"loc":{"start":{"line":74,"column":39},"end":{"line":83,"column":3}},"line":74},"6":{"name":"(anonymous_6)","decl":{"start":{"line":142,"column":23},"end":{"line":142,"column":24}},"loc":{"start":{"line":142,"column":29},"end":{"line":142,"column":57}},"line":142},"7":{"name":"(anonymous_7)","decl":{"start":{"line":153,"column":19},"end":{"line":153,"column":20}},"loc":{"start":{"line":153,"column":25},"end":{"line":153,"column":50}},"line":153}},"branchMap":{"0":{"loc":{"start":{"line":36,"column":4},"end":{"line":39,"column":5}},"type":"if","locations":[{"start":{"line":36,"column":4},"end":{"line":39,"column":5}},{"start":{},"end":{}}],"line":36},"1":{"loc":{"start":{"line":41,"column":4},"end":{"line":44,"column":5}},"type":"if","locations":[{"start":{"line":41,"column":4},"end":{"line":44,"column":5}},{"start":{},"end":{}}],"line":41},"2":{"loc":{"start":{"line":50,"column":4},"end":{"line":50,"column":32}},"type":"if","locations":[{"start":{"line":50,"column":4},"end":{"line":50,"column":32}},{"start":{},"end":{}}],"line":50},"3":{"loc":{"start":{"line":88,"column":16},"end":{"line":88,"column":60}},"type":"cond-expr","locations":[{"start":{"line":88,"column":40},"end":{"line":88,"column":49}},{"start":{"line":88,"column":52},"end":{"line":88,"column":60}}],"line":88},"4":{"loc":{"start":{"line":124,"column":15},"end":{"line":124,"column":58}},"type":"cond-expr","locations":[{"start":{"line":124,"column":27},"end":{"line":124,"column":41}},{"start":{"line":124,"column":44},"end":{"line":124,"column":58}}],"line":124}},"s":{"0":0,"1":0,"2":0,"3":0,"4":0,"5":0,"6":0,"7":0,"8":0,"9":0,"10":0,"11":0,"12":0,"13":0,"14":0,"15":0,"16":0,"17":0,"18":0,"19":0,"20":0,"21":0,"22":0,"23":0,"24":0,"25":0,"26":0,"27":0,"28":0,"29":0,"30":0,"31":0,"32":0,"33":0,"34":0,"35":0,"36":0,"37":0,"38":0,"39":0},"f":{"0":0,"1":0,"2":0,"3":0,"4":0,"5":0,"6":0,"7":0},"b":{"0":[0,0],"1":[0,0],"2":[0,0],"3":[0,0],"4":[0,0]}}
,"/Users/apple/new_MalPay/frontend-mobile/src/screens/cards/AddCardScreen.tsx": {"path":"/Users/apple/new_MalPay/frontend-mobile/src/screens/cards/AddCardScreen.tsx","statementMap":{"0":{"start":{"line":26,"column":52},"end":{"line":371,"column":1}},"1":{"start":{"line":27,"column":34},"end":{"line":32,"column":4}},"2":{"start":{"line":33,"column":30},"end":{"line":33,"column":66}},"3":{"start":{"line":34,"column":36},"end":{"line":34,"column":51}},"4":{"start":{"line":35,"column":34},"end":{"line":35,"column":100}},"5":{"start":{"line":38,"column":2},"end":{"line":51,"column":28}},"6":{"start":{"line":39,"column":19},"end":{"line":39,"column":57}},"7":{"start":{"line":40,"column":4},"end":{"line":50,"column":5}},"8":{"start":{"line":41,"column":6},"end":{"line":41,"column":26}},"9":{"start":{"line":42,"column":11},"end":{"line":50,"column":5}},"10":{"start":{"line":43,"column":6},"end":{"line":43,"column":32}},"11":{"start":{"line":44,"column":11},"end":{"line":50,"column":5}},"12":{"start":{"line":45,"column":6},"end":{"line":45,"column":26}},"13":{"start":{"line":46,"column":11},"end":{"line":50,"column":5}},"14":{"start":{"line":47,"column":6},"end":{"line":47,"column":30}},"15":{"start":{"line":49,"column":6},"end":{"line":49,"column":24}},"16":{"start":{"line":53,"column":27},"end":{"line":59,"column":3}},"17":{"start":{"line":55,"column":20},"end":{"line":55,"column":43}},"18":{"start":{"line":57,"column":22},"end":{"line":57,"column":62}},"19":{"start":{"line":58,"column":4},"end":{"line":58,"column":21}},"20":{"start":{"line":61,"column":27},"end":{"line":69,"column":3}},"21":{"start":{"line":63,"column":20},"end":{"line":63,"column":43}},"22":{"start":{"line":65,"column":4},"end":{"line":67,"column":5}},"23":{"start":{"line":66,"column":6},"end":{"line":66,"column":69}},"24":{"start":{"line":68,"column":4},"end":{"line":68,"column":19}},"25":{"start":{"line":71,"column":28},"end":{"line":91,"column":3}},"26":{"start":{"line":72,"column":25},"end":{"line":72,"column":30}},"27":{"start":{"line":74,"column":4},"end":{"line":83,"column":5}},"28":{"start":{"line":75,"column":6},"end":{"line":75,"column":47}},"29":{"start":{"line":76,"column":6},"end":{"line":76,"column":64}},"30":{"start":{"line":76,"column":57},"end":{"line":76,"column":64}},"31":{"start":{"line":77,"column":11},"end":{"line":83,"column":5}},"32":{"start":{"line":78,"column":6},"end":{"line":78,"column":47}},"33":{"start":{"line":79,"column":6},"end":{"line":79,"column":44}},"34":{"start":{"line":79,"column":37},"end":{"line":79,"column":44}},"35":{"start":{"line":80,"column":11},"end":{"line":83,"column":5}},"36":{"start":{"line":81,"column":6},"end":{"line":81,"column":48}},"37":{"start":{"line":82,"column":6},"end":{"line":82,"column":44}},"38":{"start":{"line":82,"column":37},"end":{"line":82,"column":44}},"39":{"start":{"line":85,"column":4},"end":{"line":85,"column":64}},"40":{"start":{"line":85,"column":25},"end":{"line":85,"column":61}},"41":{"start":{"line":88,"column":4},"end":{"line":90,"column":5}},"42":{"start":{"line":89,"column":6},"end":{"line":89,"column":52}},"43":{"start":{"line":89,"column":25},"end":{"line":89,"column":49}},"44":{"start":{"line":93,"column":23},"end":{"line":126,"column":3}},"45":{"start":{"line":94,"column":46},"end":{"line":94,"column":48}},"46":{"start":{"line":97,"column":4},"end":{"line":101,"column":5}},"47":{"start":{"line":98,"column":6},"end":{"line":98,"column":55}},"48":{"start":{"line":99,"column":11},"end":{"line":101,"column":5}},"49":{"start":{"line":100,"column":6},"end":{"line":100,"column":51}},"50":{"start":{"line":104,"column":4},"end":{"line":108,"column":5}},"51":{"start":{"line":105,"column":6},"end":{"line":105,"column":55}},"52":{"start":{"line":106,"column":11},"end":{"line":108,"column":5}},"53":{"start":{"line":107,"column":6},"end":{"line":107,"column":51}},"54":{"start":{"line":111,"column":4},"end":{"line":115,"column":5}},"55":{"start":{"line":112,"column":6},"end":{"line":112,"column":40}},"56":{"start":{"line":113,"column":11},"end":{"line":115,"column":5}},"57":{"start":{"line":114,"column":6},"end":{"line":114,"column":36}},"58":{"start":{"line":118,"column":4},"end":{"line":122,"column":5}},"59":{"start":{"line":119,"column":6},"end":{"line":119,"column":63}},"60":{"start":{"line":120,"column":11},"end":{"line":122,"column":5}},"61":{"start":{"line":121,"column":6},"end":{"line":121,"column":81}},"62":{"start":{"line":124,"column":4},"end":{"line":124,"column":25}},"63":{"start":{"line":125,"column":4},"end":{"line":125,"column":47}},"64":{"start":{"line":128,"column":23},"end":{"line":170,"column":3}},"65":{"start":{"line":129,"column":4},"end":{"line":132,"column":5}},"66":{"start":{"line":130,"column":6},"end":{"line":130,"column":81}},"67":{"start":{"line":131,"column":6},"end":{"line":131,"column":13}},"68":{"start":{"line":134,"column":4},"end":{"line":134,"column":23}},"69":{"start":{"line":136,"column":4},"end":{"line":169,"column":5}},"70":{"start":{"line":138,"column":32},"end":{"line":143,"column":8}},"71":{"start":{"line":146,"column":26},"end":{"line":146,"column":62}},"72":{"start":{"line":149,"column":6},"end":{"line":149,"column":62}},"73":{"start":{"line":149,"column":35},"end":{"line":149,"column":60}},"74":{"start":{"line":152,"column":6},"end":{"line":164,"column":9}},"75":{"start":{"line":166,"column":6},"end":{"line":166,"column":94}},"76":{"start":{"line":168,"column":6},"end":{"line":168,"column":26}},"77":{"start":{"line":172,"column":26},"end":{"line":185,"column":3}},"78":{"start":{"line":173,"column":4},"end":{"line":184,"column":5}},"79":{"start":{"line":175,"column":8},"end":{"line":175,"column":38}},"80":{"start":{"line":177,"column":8},"end":{"line":177,"column":38}},"81":{"start":{"line":179,"column":8},"end":{"line":179,"column":38}},"82":{"start":{"line":181,"column":8},"end":{"line":181,"column":38}},"83":{"start":{"line":183,"column":8},"end":{"line":183,"column":38}},"84":{"start":{"line":187,"column":22},"end":{"line":200,"column":3}},"85":{"start":{"line":188,"column":4},"end":{"line":199,"column":5}},"86":{"start":{"line":190,"column":8},"end":{"line":190,"column":22}},"87":{"start":{"line":192,"column":8},"end":{"line":192,"column":22}},"88":{"start":{"line":194,"column":8},"end":{"line":194,"column":22}},"89":{"start":{"line":196,"column":8},"end":{"line":196,"column":22}},"90":{"start":{"line":198,"column":8},"end":{"line":198,"column":30}},"91":{"start":{"line":202,"column":2},"end":{"line":370,"column":4}},"92":{"start":{"line":209,"column":43},"end":{"line":209,"column":62}},"93":{"start":{"line":275,"column":43},"end":{"line":275,"column":81}},"94":{"start":{"line":293,"column":43},"end":{"line":293,"column":85}},"95":{"start":{"line":311,"column":45},"end":{"line":311,"column":83}},"96":{"start":{"line":328,"column":45},"end":{"line":328,"column":76}},"97":{"start":{"line":373,"column":15},"end":{"line":557,"column":2}}},"fnMap":{"0":{"name":"(anonymous_0)","decl":{"start":{"line":26,"column":52},"end":{"line":26,"column":53}},"loc":{"start":{"line":26,"column":72},"end":{"line":371,"column":1}},"line":26},"1":{"name":"(anonymous_1)","decl":{"start":{"line":38,"column":12},"end":{"line":38,"column":13}},"loc":{"start":{"line":38,"column":18},"end":{"line":51,"column":3}},"line":38},"2":{"name":"(anonymous_2)","decl":{"start":{"line":53,"column":27},"end":{"line":53,"column":28}},"loc":{"start":{"line":53,"column":45},"end":{"line":59,"column":3}},"line":53},"3":{"name":"(anonymous_3)","decl":{"start":{"line":61,"column":27},"end":{"line":61,"column":28}},"loc":{"start":{"line":61,"column":45},"end":{"line":69,"column":3}},"line":61},"4":{"name":"(anonymous_4)","decl":{"start":{"line":71,"column":28},"end":{"line":71,"column":29}},"loc":{"start":{"line":71,"column":62},"end":{"line":91,"column":3}},"line":71},"5":{"name":"(anonymous_5)","decl":{"start":{"line":85,"column":16},"end":{"line":85,"column":17}},"loc":{"start":{"line":85,"column":25},"end":{"line":85,"column":61}},"line":85},"6":{"name":"(anonymous_6)","decl":{"start":{"line":89,"column":16},"end":{"line":89,"column":17}},"loc":{"start":{"line":89,"column":25},"end":{"line":89,"column":49}},"line":89},"7":{"name":"(anonymous_7)","decl":{"start":{"line":93,"column":23},"end":{"line":93,"column":24}},"loc":{"start":{"line":93,"column":29},"end":{"line":126,"column":3}},"line":93},"8":{"name":"(anonymous_8)","decl":{"start":{"line":128,"column":23},"end":{"line":128,"column":24}},"loc":{"start":{"line":128,"column":35},"end":{"line":170,"column":3}},"line":128},"9":{"name":"(anonymous_9)","decl":{"start":{"line":149,"column":24},"end":{"line":149,"column":25}},"loc":{"start":{"line":149,"column":35},"end":{"line":149,"column":60}},"line":149},"10":{"name":"(anonymous_10)","decl":{"start":{"line":172,"column":26},"end":{"line":172,"column":27}},"loc":{"start":{"line":172,"column":32},"end":{"line":185,"column":3}},"line":172},"11":{"name":"(anonymous_11)","decl":{"start":{"line":187,"column":22},"end":{"line":187,"column":23}},"loc":{"start":{"line":187,"column":28},"end":{"line":200,"column":3}},"line":187},"12":{"name":"(anonymous_12)","decl":{"start":{"line":209,"column":37},"end":{"line":209,"column":38}},"loc":{"start":{"line":209,"column":43},"end":{"line":209,"column":62}},"line":209},"13":{"name":"(anonymous_13)","decl":{"start":{"line":275,"column":32},"end":{"line":275,"column":33}},"loc":{"start":{"line":275,"column":43},"end":{"line":275,"column":81}},"line":275},"14":{"name":"(anonymous_14)","decl":{"start":{"line":293,"column":32},"end":{"line":293,"column":33}},"loc":{"start":{"line":293,"column":43},"end":{"line":293,"column":85}},"line":293},"15":{"name":"(anonymous_15)","decl":{"start":{"line":311,"column":34},"end":{"line":311,"column":35}},"loc":{"start":{"line":311,"column":45},"end":{"line":311,"column":83}},"line":311},"16":{"name":"(anonymous_16)","decl":{"start":{"line":328,"column":34},"end":{"line":328,"column":35}},"loc":{"start":{"line":328,"column":45},"end":{"line":328,"column":76}},"line":328}},"branchMap":{"0":{"loc":{"start":{"line":40,"column":4},"end":{"line":50,"column":5}},"type":"if","locations":[{"start":{"line":40,"column":4},"end":{"line":50,"column":5}},{"start":{"line":42,"column":11},"end":{"line":50,"column":5}}],"line":40},"1":{"loc":{"start":{"line":42,"column":11},"end":{"line":50,"column":5}},"type":"if","locations":[{"start":{"line":42,"column":11},"end":{"line":50,"column":5}},{"start":{"line":44,"column":11},"end":{"line":50,"column":5}}],"line":42},"2":{"loc":{"start":{"line":42,"column":15},"end":{"line":42,"column":63}},"type":"binary-expr","locations":[{"start":{"line":42,"column":15},"end":{"line":42,"column":37}},{"start":{"line":42,"column":41},"end":{"line":42,"column":63}}],"line":42},"3":{"loc":{"start":{"line":44,"column":11},"end":{"line":50,"column":5}},"type":"if","locations":[{"start":{"line":44,"column":11},"end":{"line":50,"column":5}},{"start":{"line":46,"column":11},"end":{"line":50,"column":5}}],"line":44},"4":{"loc":{"start":{"line":46,"column":11},"end":{"line":50,"column":5}},"type":"if","locations":[{"start":{"line":46,"column":11},"end":{"line":50,"column":5}},{"start":{"line":48,"column":11},"end":{"line":50,"column":5}}],"line":46},"5":{"loc":{"start":{"line":65,"column":4},"end":{"line":67,"column":5}},"type":"if","locations":[{"start":{"line":65,"column":4},"end":{"line":67,"column":5}},{"start":{},"end":{}}],"line":65},"6":{"loc":{"start":{"line":74,"column":4},"end":{"line":83,"column":5}},"type":"if","locations":[{"start":{"line":74,"column":4},"end":{"line":83,"column":5}},{"start":{"line":77,"column":11},"end":{"line":83,"column":5}}],"line":74},"7":{"loc":{"start":{"line":76,"column":6},"end":{"line":76,"column":64}},"type":"if","locations":[{"start":{"line":76,"column":6},"end":{"line":76,"column":64}},{"start":{},"end":{}}],"line":76},"8":{"loc":{"start":{"line":77,"column":11},"end":{"line":83,"column":5}},"type":"if","locations":[{"start":{"line":77,"column":11},"end":{"line":83,"column":5}},{"start":{"line":80,"column":11},"end":{"line":83,"column":5}}
[...]
line":96,"column":1}},"41":{"start":{"line":83,"column":18},"end":{"line":83,"column":66}},"42":{"start":{"line":85,"column":2},"end":{"line":93,"column":3}},"43":{"start":{"line":86,"column":4},"end":{"line":86,"column":18}},"44":{"start":{"line":87,"column":9},"end":{"line":93,"column":3}},"45":{"start":{"line":88,"column":4},"end":{"line":88,"column":24}},"46":{"start":{"line":89,"column":9},"end":{"line":93,"column":3}},"47":{"start":{"line":90,"column":4},"end":{"line":90,"column":18}},"48":{"start":{"line":91,"column":9},"end":{"line":93,"column":3}},"49":{"start":{"line":92,"column":4},"end":{"line":92,"column":22}},"50":{"start":{"line":95,"column":2},"end":{"line":95,"column":14}},"51":{"start":{"line":98,"column":30},"end":{"line":108,"column":1}},"52":{"start":{"line":99,"column":18},"end":{"line":99,"column":66}},"53":{"start":{"line":100,"column":2},"end":{"line":100,"column":44}},"54":{"start":{"line":100,"column":26},"end":{"line":100,"column":44}},"55":{"start":{"line":102,"column":20},"end":{"line":102,"column":43}},"56":{"start":{"line":103,"column":19},"end":{"line":103,"column":56}},"57":{"start":{"line":104,"column":23},"end":{"line":104,"column":54}},"58":{"start":{"line":105,"column":17},"end":{"line":105,"column":41}},"59":{"start":{"line":107,"column":2},"end":{"line":107,"column":46}},"60":{"start":{"line":110,"column":42},"end":{"line":113,"column":1}},"61":{"start":{"line":111,"column":18},"end":{"line":111,"column":66}},"62":{"start":{"line":112,"column":2},"end":{"line":112,"column":50}},"63":{"start":{"line":115,"column":27},"end":{"line":128,"column":1}},"64":{"start":{"line":116,"column":2},"end":{"line":127,"column":3}},"65":{"start":{"line":118,"column":6},"end":{"line":118,"column":20}},"66":{"start":{"line":120,"column":6},"end":{"line":120,"column":20}},"67":{"start":{"line":122,"column":6},"end":{"line":122,"column":20}},"68":{"start":{"line":124,"column":6},"end":{"line":124,"column":20}},"69":{"start":{"line":126,"column":6},"end":{"line":126,"column":28}},"70":{"start":{"line":130,"column":31},"end":{"line":143,"column":1}},"71":{"start":{"line":131,"column":2},"end":{"line":142,"column":3}},"72":{"start":{"line":133,"column":6},"end":{"line":133,"column":36}},"73":{"start":{"line":135,"column":6},"end":{"line":135,"column":36}},"74":{"start":{"line":137,"column":6},"end":{"line":137,"column":36}},"75":{"start":{"line":139,"column":6},"end":{"line":139,"column":36}},"76":{"start":{"line":141,"column":6},"end":{"line":141,"column":36}}},"fnMap":{"0":{"name":"(anonymous_0)","decl":{"start":{"line":2,"column":34},"end":{"line":2,"column":35}},"loc":{"start":{"line":2,"column":67},"end":{"line":36,"column":1}},"line":2},"1":{"name":"(anonymous_1)","decl":{"start":{"line":38,"column":34},"end":{"line":38,"column":35}},"loc":{"start":{"line":38,"column":67},"end":{"line":63,"column":1}},"line":38},"2":{"name":"(anonymous_2)","decl":{"start":{"line":65,"column":27},"end":{"line":65,"column":28}},"loc":{"start":{"line":65,"column":79},"end":{"line":80,"column":1}},"line":65},"3":{"name":"(anonymous_3)","decl":{"start":{"line":82,"column":30},"end":{"line":82,"column":31}},"loc":{"start":{"line":82,"column":106},"end":{"line":96,"column":1}},"line":82},"4":{"name":"(anonymous_4)","decl":{"start":{"line":98,"column":30},"end":{"line":98,"column":31}},"loc":{"start":{"line":98,"column":62},"end":{"line":108,"column":1}},"line":98},"5":{"name":"(anonymous_5)","decl":{"start":{"line":110,"column":42},"end":{"line":110,"column":43}},"loc":{"start":{"line":110,"column":74},"end":{"line":113,"column":1}},"line":110},"6":{"name":"(anonymous_6)","decl":{"start":{"line":115,"column":27},"end":{"line":115,"column":28}},"loc":{"start":{"line":115,"column":57},"end":{"line":128,"column":1}},"line":115},"7":{"name":"(anonymous_7)","decl":{"start":{"line":130,"column":31},"end":{"line":130,"column":32}},"loc":{"start":{"line":130,"column":63},"end":{"line":143,"column":1}},"line":130}},"branchMap":{"0":{"loc":{"start":{"line":4,"column":2},"end":{"line":6,"column":3}},"type":"if","locations":[{"start":{"line":4,"column":2},"end":{"line":6,"column":3}},{"start":{},"end":{}}],"line":4},"1":{"loc":{"start":{"line":4,"column":6},"end":{"line":4,"column":52}},"type":"binary-expr","locations":[{"start":{"line":4,"column":6},"end":{"line":4,"column":27}},{"start":{"line":4,"column":31},"end":{"line":4,"column":52}}],"line":4},"2":{"loc":{"start":{"line":12,"column":2},"end":{"line":14,"column":3}},"type":"if","locations":[{"start":{"line":12,"column":2},"end":{"line":14,"column":3}},{"start":{},"end":{}}],"line":12},"3":{"loc":{"start":{"line":12,"column":6},"end":{"line":12,"column":60}},"type":"binary-expr","locations":[{"start":{"line":12,"column":6},"end":{"line":12,"column":14}},{"start":{"line":12,"column":18},"end":{"line":12,"column":37}},{"start":{"line":12,"column":41},"end":{"line":12,"column":60}}],"line":12},"4":{"loc":{"start":{"line":24,"column":4},"end":{"line":29,"column":5}},"type":"if","locations":[{"start":{"line":24,"column":4},"end":{"line":29,"column":5}},{"start":{},"end":{}}],"line":24},"5":{"loc":{"start":{"line":26,"column":6},"end":{"line":28,"column":7}},"type":"if","locations":[{"start":{"line":26,"column":6},"end":{"line":28,"column":7}},{"start":{},"end":{}}],"line":26},"6":{"loc":{"start":{"line":41,"column":2},"end":{"line":43,"column":3}},"type":"if","locations":[{"start":{"line":41,"column":2},"end":{"line":43,"column":3}},{"start":{},"end":{}}],"line":41},"7":{"loc":{"start":{"line":54,"column":2},"end":{"line":56,"column":3}},"type":"if","locations":[{"start":{"line":54,"column":2},"end":{"line":56,"column":3}},{"start":{},"end":{}}],"line":54},"8":{"loc":{"start":{"line":58,"column":2},"end":{"line":60,"column":3}},"type":"if","locations":[{"start":{"line":58,"column":2},"end":{"line":60,"column":3}},{"start":{},"end":{}}],"line":58},"9":{"loc":{"start":{"line":58,"column":6},"end":{"line":58,"column":56}},"type":"binary-expr","locations":[{"start":{"line":58,"column":6},"end":{"line":58,"column":29}},{"start":{"line":58,"column":33},"end":{"line":58,"column":56}}],"line":58},"10":{"loc":{"start":{"line":67,"column":2},"end":{"line":69,"column":3}},"type":"if","locations":[{"start":{"line":67,"column":2},"end":{"line":69,"column":3}},{"start":{},"end":{}}],"line":67},"11":{"loc":{"start":{"line":75,"column":2},"end":{"line":79,"column":3}},"type":"if","locations":[{"start":{"line":75,"column":2},"end":{"line":79,"column":3}},{"start":{"line":77,"column":9},"end":{"line":79,"column":3}}],"line":75},"12":{"loc":{"start":{"line":85,"column":2},"end":{"line":93,"column":3}},"type":"if","locations":[{"start":{"line":85,"column":2},"end":{"line":93,"column":3}},{"start":{"line":87,"column":9},"end":{"line":93,"column":3}}],"line":85},"13":{"loc":{"start":{"line":87,"column":9},"end":{"line":93,"column":3}},"type":"if","locations":[{"start":{"line":87,"column":9},"end":{"line":93,"column":3}},{"start":{"line":89,"column":9},"end":{"line":93,"column":3}}],"line":87},"14":{"loc":{"start":{"line":87,"column":13},"end":{"line":87,"column":63}},"type":"binary-expr","locations":[{"start":{"line":87,"column":13},"end":{"line":87,"column":36}},{"start":{"line":87,"column":40},"end":{"line":87,"column":63}}],"line":87},"15":{"loc":{"start":{"line":89,"column":9},"end":{"line":93,"column":3}},"type":"if","locations":[{"start":{"line":89,"column":9},"end":{"line":93,"column":3}},{"start":{"line":91,"column":9},"end":{"line":93,"column":3}}],"line":89},"16":{"loc":{"start":{"line":91,"column":9},"end":{"line":93,"column":3}},"type":"if","locations":[{"start":{"line":91,"column":9},"end":{"line":93,"column":3}},{"start":{},"end":{}}],"line":91},"17":{"loc":{"start":{"line":100,"column":2},"end":{"line":100,"column":44}},"type":"if","locations":[{"start":{"line":100,"column":2},"end":{"line":100,"column":44}},{"start":{},"end":{}}],"line":100},"18":{"loc":{"start":{"line":116,"column":2},"end":{"line":127,"column":3}},"type":"switch","locations":[{"start":{"line":117,"column":4},"end":{"line":118,"column":20}},{"start":{"line":119,"column":4},"end":{"line":120,"column":20}},{"start":{"line":121,"column":4},"end":{"line":122,"column":20}},{"start":{"line":123,"column":4},"end":{"line":124,"column":20}},{"start":{"line":125,"column":4},"end":{"line":126,"column":28}}],"line":116},"19":{"loc":{"start":{"line":131,"column":2},"end":{"line":142,"column":3}},"type":"switch","locations":[{"start":{"line":132,"column":4},"end":{"line":133,"column":36}},{"start":{"line":134,"column":4},"end":{"line":135,"column":36}},{"start":{"line":136,"column":4},"end":{"line":137,"column":36}},{"start":{"line":138,"column":4},"end":{"line":139,"column":36}},{"start":{"line":140,"column":4},"end":{"line":141,"column":36}}],"line":131}},"s":{"0":1,"1":20,"2":4,"3":16,"4":16,"5":3,"6":13,"7":13,"8":13,"9":13,"10":206,"11":206,"12":102,"13":102,"14":25,"15":206,"16":206,"17":13,"18":1,"19":12,"20":12,"21":8,"22":4,"23":4,"24":4,"25":4,"26":4,"27":4,"28":4,"29":1,"30":3,"31":0,"32":3,"33":1,"34":12,"35":2,"36":10,"37":10,"38":4,"39":6,"40":1,"41":11,"42":11,"43":2,"44":9,"45":2,"46":7,"47":2,"48":5,"49":2,"50":3,"51":1,"52":5,"53":5,"54":2,"55":3,"56":3,"57":3,"58":3,"59":3,"60":1,"61":5,"62":5,"63":1,"64":6,"65":1,"66":1,"67":1,"68":1,"69":2,"70":1,"71":6,"72":1,"73":1,"74":1,"75":1,"76":2},"f":{"0":20,"1":12,"2":12,"3":11,"4":5,"5":5,"6":6,"7":6},"b":{"0":[4,16],"1":[20,16],"2":[3,13],"3":[16,15,13],"4":[102,104],"5":[25,77],"6":[8,4],"7":[1,3],"8":[0,3],"9":[3,0],"10":[2,10],"11":[4,6],"12":[2,9],"13":[2,7],"14":[9,8],"15":[2,5],"16":[2,3],"17":[2,3],"18":[1,1,1,1,2],"19":[1,1,1,1,2]},"_coverageSchema":"1a1c01bbd47fc00a2c39e90264f33305004495a9","hash":"601960b7ec7ea7716748c359f48e457d42e5c680"}
,"/Users/apple/new_MalPay/frontend-mobile/src/utils/helpers.ts": {"path":"/Users/apple/new_MalPay/frontend-mobile/src/utils/helpers.ts","statementMap":{"0":{"start":{"line":4,"column":30},"end":{"line":19,"column":1}},"1":{"start":{"line":5,"column":46},"end":{"line":10,"column":3}},"2":{"start":{"line":12,"column":17},"end":{"line":12,"column":45}},"3":{"start":{"line":13,"column":26},"end":{"line":16,"column":19}},"4":{"start":{"line":18,"column":2},"end":{"line":18,"column":39}},"5":{"start":{"line":21,"column":28},"end":{"line":26,"column":1}},"6":{"start":{"line":22,"column":2},"end":{"line":25,"column":20}},"7":{"start":{"line":29,"column":26},"end":{"line":36,"column":1}},"8":{"start":{"line":30,"column":18},"end":{"line":30,"column":66}},"9":{"start":{"line":31,"column":2},"end":{"line":35,"column":21}},"10":{"start":{"line":38,"column":30},"end":{"line":47,"column":1}},"11":{"start":{"line":39,"column":18},"end":{"line":39,"column":66}},"12":{"start":{"line":40,"column":2},"end":{"line":46,"column":21}},"13":{"start":{"line":50,"column":29},"end":{"line":53,"column":1}},"14":{"start":{"line":51,"column":21},"end":{"line":51,"column":49}},"15":{"start":{"line":52,"column":2},"end":{"line":52,"column":32}},"16":{"start":{"line":55,"column":32},"end":{"line":59,"column":1}},"17":{"start":{"line":57,"column":24},"end":{"line":57,"column":94}},"18":{"start":{"line":58,"column":2},"end":{"line":58,"column":38}},"19":{"start":{"line":61,"column":27},"end":{"line":63,"column":1}},"20":{"start":{"line":62,"column":2},"end":{"line":62,"column":29}},"21":{"start":{"line":66,"column":29},"end":{"line":68,"column":1}},"22":{"start":{"line":67,"column":2},"end":{"line":67,"column":26}},"23":{"start":{"line":71,"column":21},"end":{"line":78,"column":1}},"24":{"start":{"line":72,"column":2},"end":{"line":77,"column":3}},"25":{"start":{"line":73,"column":25},"end":{"line":73,"column":48}},"26":{"start":{"line":74,"column":4},"end":{"line":74,"column":33}},"27":{"start":{"line":76,"column":4},"end":{"line":76,"column":17}},"28":{"start":{"line":80,"column":25},"end":{"line":87,"column":1}},"29":{"start":{"line":81,"column":2},"end":{"line":86,"column":3}},"30":{"start":{"line":82,"column":25},"end":{"line":82,"column":48}},"31":{"start":{"line":83,"column":4},"end":{"line":83,"column":37}},"32":{"start":{"line":85,"column":4},"end":{"line":85,"column":17}},"33":{"start":{"line":90,"column":31},"end":{"line":92,"column":1}},"34":{"start":{"line":91,"column":2},"end":{"line":91,"column":66}},"35":{"start":{"line":94,"column":28},"end":{"line":97,"column":1}},"36":{"start":{"line":95,"column":2},"end":{"line":95,"column":44}},"37":{"start":{"line":95,"column":32},"end":{"line":95,"column":44}},"38":{"start":{"line":96,"column":2},"end":{"line":96,"column":46}},"39":{"start":{"line":100,"column":36},"end":{"line":102,"column":1}},"40":{"start":{"line":101,"column":2},"end":{"line":101,"column":27}},"41":{"start":{"line":104,"column":36},"end":{"line":108,"column":1}},"42":{"start":{"line":105,"column":18},"end":{"line":105,"column":47}},"43":{"start":{"line":106,"column":17},"end":{"line":106,"column":36}},"44":{"start":{"line":107,"column":2},"end":{"line":107,"column":36}},"45":{"start":{"line":111,"column":34},"end":{"line":128,"column":1}},"46":{"start":{"line":112,"column":14},"end":{"line":112,"column":24}},"47":{"start":{"line":113,"column":21},"end":{"line":113,"column":69}},"48":{"start":{"line":114,"column":24},"end":{"line":114,"column":81}},"49":{"start":{"line":116,"column":2},"end":{"line":127,"column":3}},"50":{"start":{"line":117,"column":4},"end":{"line":117,"column":22}},"51":{"start":{"line":118,"column":9},"end":{"line":127,"column":3}},"52":{"start":{"line":119,"column":20},"end":{"line":119,"column":50}},"53":{"start":{"line":120,"column":4},"end":{"line":120,"column":29}},"54":{"start":{"line":121,"column":9},"end":{"line":127,"column":3}},"55":{"start":{"line":122,"column":18},"end":{"line":122,"column":50}},"56":{"start":{"line":123,"column":4},"end":{"line":123,"column":27}},"57":{"start":{"line":125,"column":17},"end":{"line":125,"column":50}},"58":{"start":{"line":126,"column":4},"end":{"line":126,"column":26}}},"fnMap":{"0":{"name":"(anonymous_0)","decl":{"start":{"line":4,"column":30},"end":{"line":4,"column":31}},"loc":{"start":{"line":4,"column":84},"end":{"line":19,"column":1}},"line":4},"1":{"name":"(anonymous_1)","decl":{"start":{"line":21,"column":28},"end":{"line":21,"column":29}},"loc":{"start":{"line":21,"column":78},"end":{"line":26,"column":1}},"line":21},"2":{"name":"(anonymous_2)","decl":{"start":{"line":29,"column":26},"end":{"line":29,"column":27}},"loc":{"start":{"line":29,"column":59},"end":{"line":36,"column":1}},"line":29},"3":{"name":"(anonymous_3)","decl":{"start":{"line":38,"column":30},"end":{"line":38,"column":31}},"loc":{"start":{"line":38,"column":63},"end":{"line":47,"column":1}},"line":38},"4":{"name":"(anonymous_4)","decl":{"start":{"line":50,"column":29},"end":{"line":50,"column":30}},"loc":{"start":{"line":50,"column":57},"end":{"line":53,"column":1}},"line":50},"5":{"name":"(anonymous_5)","decl":{"start":{"line":55,"column":32},"end":{"line":55,"column":33}},"loc":{"start":{"line":55,"column":63},"end":{"line":59,"column":1}},"line":55},"6":{"name":"(anonymous_6)","decl":{"start":{"line":61,"column":27},"end":{"line":61,"column":28}},"loc":{"start":{"line":61,"column":53},"end":{"line":63,"column":1}},"line":61},"7":{"name":"(anonymous_7)","decl":{"start":{"line":66,"column":29},"end":{"line":66,"column":30}},"loc":{"start":{"line":66,"column":54},"end":{"line":68,"column":1}},"line":66},"8":{"name":"(anonymous_8)","decl":{"start":{"line":71,"column":21},"end":{"line":71,"column":22}},"loc":{"start":{"line":71,"column":27},"end":{"line":78,"column":1}},"line":71},"9":{"name":"(anonymous_9)","decl":{"start":{"line":80,"column":25},"end":{"line":80,"column":26}},"loc":{"start":{"line":80,"column":31},"end":{"line":87,"column":1}},"line":80},"10":{"name":"(anonymous_10)","decl":{"start":{"line":90,"column":31},"end":{"line":90,"column":32}},"loc":{"start":{"line":90,"column":56},"end":{"line":92,"column":1}},"line":90},"11":{"name":"(anonymous_11)","decl":{"start":{"line":94,"column":28},"end":{"line":94,"column":29}},"loc":{"start":{"line":94,"column":73},"end":{"line":97,"column":1}},"line":94},"12":{"name":"(anonymous_12)","decl":{"start":{"line":100,"column":36},"end":{"line":100,"column":37}},"loc":{"start":{"line":100,"column":64},"end":{"line":102,"column":1}},"line":100},"13":{"name":"(anonymous_13)","decl":{"start":{"line":104,"column":36},"end":{"line":104,"column":37}},"loc":{"start":{"line":104,"column":63},"end":{"line":108,"column":1}},"line":104},"14":{"name":"(anonymous_14)","decl":{"start":{"line":111,"column":34},"end":{"line":111,"column":35}},"loc":{"start":{"line":111,"column":67},"end":{"line":128,"column":1}},"line":111}},"branchMap":{"0":{"loc":{"start":{"line":4,"column":47},"end":{"line":4,"column":71}},"type":"default-arg","locations":[{"start":{"line":4,"column":66},"end":{"line":4,"column":71}}],"line":4},"1":{"loc":{"start":{"line":12,"column":17},"end":{"line":12,"column":45}},"type":"binary-expr","locations":[{"start":{"line":12,"column":17},"end":{"line":12,"column":38}},{"start":{"line":12,"column":42},"end":{"line":12,"column":45}}],"line":12},"2":{"loc":{"start":{"line":21,"column":45},"end":{"line":21,"column":65}},"type":"default-arg","locations":[{"start":{"line":21,"column":64},"end":{"line":21,"column":65}}],"line":21},"3":{"loc":{"start":{"line":30,"column":18},"end":{"line":30,"column":66}},"type":"cond-expr","locations":[{"start":{"line":30,"column":45},"end":{"line":30,"column":59}},{"start":{"line":30,"column":62},"end":{"line":30,"column":66}}],"line":30},"4":{"loc":{"start":{"line":39,"column":18},"end":{"line":39,"column":66}},"type":"cond-expr","locations":[{"start":{"line":39,"column":45},"end":{"line":39,"column":59}},{"start":{"line":39,"column":62},"end":{"line":39,"column":66}}],"line":39},"5":{"loc":{"start":{"line":95,"column":2},"end":{"line":95,"column":44}},"type":"if","locations":[{"start":{"line":95,"column":2},"end":{"line":95,"column":44}},{"start":{},"end":{}}],"line":95},"6":{"loc":{"start":{"line":107,"column":9},"end":{"line":107,"column":35}},"type":"cond-expr","locations":[{"start":{"line":107,"column":25},"end":{"line":107,"column":26}},{"start":{"line":107,"column":29},"end":{"line":107,"column":35}}],"line":107},"7":{"loc":{"start":{"line":113,"column":21},"end":{"line":113,"column":69}},"type":"cond-expr","locations":[{"start":{"line":113,"column":48},"end":{"line":113,"column":62}},{"start":{"line":113,"column":65},"end":{"line":113,"column":69}}],"line":113},"8":{"loc":{"start":{"line":116,"column":2},"end":{"line":127,"column":3}},"type":"if","locations":[{"start":{"line":116,"column":2},"end":{"line":127,"column":3}},{"start":{"line":118,"column":9},"end":{"line":127,"column":3}}],"line":116},"9":{"loc":{"start":{"line":118,"column":9},"end":{"line":127,"column":3}},"type":"if","locations":[{"start":{"line":118,"column":9},"end":{"line":127,"column":3}},{"start":{"line":121,"column":9},"end":{"line":127,"column":3}}],"line":118},"10":{"loc":{"start":{"line":121,"column":9},"end":{"line":127,"column":3}},"type":"if","locations":[{"start":{"line":121,"column":9},"end":{"line":127,"column":3}},{"start":{"line":124,"column":9},"end":{"line":127,"column":3}}],"line":121}},"s":{"0":1,"1":10,"2":10,"3":10,"4":10,"5":1,"6":4,"7":1,"8":2,"9":2,"10":1,"11":1,"12":1,"13":1,"14":6,"15":6,"16":1,"17":7,"18":7,"19":1,"20":7,"21":1,"22":2,"23":1,"24":1,"25":1,"26":0,"27":1,"28":1,"29":1,"30":1,"31":0,"32":1,"33":1,"34":3,"35":1,"36":2,"37":1,"38":1,"39":1,"40":2,"41":1,"42":3,"43":3,"44":3,"45":1,"46":3,"47":3,"48":3,"49":3,"50":1,"51":2,"52":0,"53":0,"54":2,"55":1,"56":1,"57":1,"58":1},"f":{"0":10,"1":4,"2":2,"3":1,"4":6,"5":7,"6":7,"7":2,"8":1,"9":1,"10":3,"11":2,"12":2,"13":3,"14":3},"b":{"0":[2],"1":[10,1],"2":[2],"3":[1,1],"4":[0,1],"5":[1,1],"6":[1,2],"7":[0,3],"8":[1,2],"9":[0,2],"10":[1,1]},"_coverageSchema":"1a1c01bbd47fc00a2c39e90264f33305004495a9","hash":"2a9496a39c429f6985a1b6040c15d0d84cc8de73"}
}
