TN:
SF:src/components/BankSelectionModal.tsx
FN:29,(anonymous_0)
FN:59,(anonymous_1)
FN:64,(anonymous_2)
FN:69,(anonymous_3)
FN:70,(anonymous_4)
FN:117,(anonymous_5)
FNF:6
FNH:0
FNDA:0,(anonymous_0)
FNDA:0,(anonymous_1)
FNDA:0,(anonymous_2)
FNDA:0,(anonymous_3)
FNDA:0,(anonymous_4)
FNDA:0,(anonymous_5)
DA:29,0
DA:35,0
DA:37,0
DA:59,0
DA:60,0
DA:64,0
DA:65,0
DA:66,0
DA:69,0
DA:70,0
DA:96,0
DA:117,0
DA:125,0
LF:13
LH:0
BRDA:60,0,0,0
BRDA:60,0,1,0
BRDA:73,1,0,0
BRDA:73,1,1,0
BRDA:84,2,0,0
BRDA:84,2,1,0
BRF:6
BRH:0
end_of_record
TN:
SF:src/components/BottomNavigation.tsx
FN:17,(anonymous_0)
FN:29,(anonymous_1)
FN:35,(anonymous_2)
FNF:3
FNH:0
FNDA:0,(anonymous_0)
FNDA:0,(anonymous_1)
FNDA:0,(anonymous_2)
DA:17,0
DA:18,0
DA:26,0
DA:30,0
DA:31,0
DA:35,0
DA:58,0
LF:7
LH:0
BRDA:38,0,0,0
BRDA:38,0,1,0
BRDA:40,1,0,0
BRDA:40,1,1,0
BRDA:45,2,0,0
BRDA:45,2,1,0
BRF:6
BRH:0
end_of_record
TN:
SF:src/config/api.config.ts
FNF:0
FNH:0
DA:2,0
DA:6,0
DA:8,0
LF:3
LH:0
BRDA:2,0,0,0
BRDA:2,0,1,0
BRF:2
BRH:0
end_of_record
TN:
SF:src/config/app.config.ts
FNF:0
FNH:0
DA:2,0
LF:1
LH:0
BRF:0
BRH:0
end_of_record
TN:
SF:src/hooks/useCustomHooks.ts
FN:5,(anonymous_0)
FN:8,(anonymous_1)
FN:27,(anonymous_2)
FN:31,(anonymous_3)
FN:35,(anonymous_4)
FN:45,(anonymous_5)
FN:46,(anonymous_6)
FN:49,(anonymous_7)
FN:63,(anonymous_8)
FN:66,(anonymous_9)
FN:67,(anonymous_10)
FN:71,(anonymous_11)
FN:80,(anonymous_12)
FN:81,(anonymous_13)
FN:90,(anonymous_14)
FN:104,(anonymous_15)
FN:107,(anonymous_16)
FN:108,(anonymous_17)
FN:111,(anonymous_18)
FN:115,(anonymous_19)
FNF:20
FNH:0
FNDA:0,(anonymous_0)
FNDA:0,(anonymous_1)
FNDA:0,(anonymous_2)
FNDA:0,(anonymous_3)
FNDA:0,(anonymous_4)
FNDA:0,(anonymous_5)
FNDA:0,(anonymous_6)
FNDA:0,(anonymous_7)
FNDA:0,(anonymous_8)
FNDA:0,(anonymous_9)
FNDA:0,(anonymous_10)
FNDA:0,(anonymous_11)
FNDA:0,(anonymous_12)
FNDA:0,(anonymous_13)
FNDA:0,(anonymous_14)
FNDA:0,(anonymous_15)
FNDA:0,(anonymous_16)
FNDA:0,(anonymous_17)
FNDA:0,(anonymous_18)
FNDA:0,(anonymous_19)
DA:5,0
DA:6,0
DA:8,0
DA:9,0
DA:11,0
DA:12,0
DA:13,0
DA:14,0
DA:15,0
DA:16,0
DA:17,0
DA:18,0
DA:19,0
DA:20,0
DA:21,0
DA:22,0
DA:23,0
DA:24,0
DA:27,0
DA:28,0
DA:31,0
DA:32,0
DA:33,0
DA:35,0
DA:36,0
DA:37,0
DA:38,0
DA:42,0
DA:45,0
DA:46,0
DA:49,0
DA:50,0
DA:53,0
DA:63,0
DA:64,0
DA:66,0
DA:67,0
DA:68,0
DA:71,0
DA:72,0
DA:76,0
DA:80,0
DA:81,0
DA:82,0
DA:83,0
DA:84,0
DA:86,0
DA:90,0
DA:91,0
DA:92,0
DA:93,0
DA:94,0
DA:96,0
DA:100,0
DA:104,0
DA:105,0
DA:107,0
DA:108,0
DA:111,0
DA:112,0
DA:115,0
DA:116,0
DA:119,0
LF:63
LH:0
BRDA:11,0,0,0
BRDA:11,0,1,0
BRDA:11,1,0,0
BRDA:11,1,1,0
BRDA:13,2,0,0
BRDA:13,2,1,0
BRDA:13,3,0,0
BRDA:13,3,1,0
BRDA:15,4,0,0
BRDA:15,4,1,0
BRDA:15,5,0,0
BRDA:15,5,1,0
BRDA:17,6,0,0
BRDA:17,6,1,0
BRDA:17,7,0,0
BRDA:17,7,1,0
BRDA:19,8,0,0
BRDA:19,8,1,0
BRDA:19,9,0,0
BRDA:19,9,1,0
BRDA:21,10,0,0
BRDA:21,10,1,0
BRDA:21,11,0,0
BRDA:21,11,1,0
BRDA:23,12,0,0
BRDA:23,12,1,0
BRDA:23,13,0,0
BRDA:23,13,1,0
BRDA:24,14,0,0
BRDA:24,14,1,0
BRDA:37,15,0,0
BRDA:37,15,1,0
BRDA:84,16,0,0
BRDA:84,16,1,0
BRDA:92,17,0,0
BRDA:92,17,1,0
BRDA:104,18,0,0
BRF:37
BRH:0
end_of_record
TN:
SF:src/hooks/useRedux.ts
FN:5,(anonymous_0)
FN:6,(anonymous_1)
FN:9,(anonymous_2)
FN:10,(anonymous_3)
FN:19,(anonymous_4)
FN:20,(anonymous_5)
FN:29,(anonymous_6)
FN:30,(anonymous_7)
FN:39,(anonymous_8)
FN:40,(anonymous_9)
FN:49,(anonymous_10)
FN:50,(anonymous_11)
FNF:12
FNH:0
FNDA:0,(anonymous_0)
FNDA:0,(anonymous_1)
FNDA:0,(anonymous_2)
FNDA:0,(anonymous_3)
FNDA:0,(anonymous_4)
FNDA:0,(anonymous_5)
FNDA:0,(anonymous_6)
FNDA:0,(anonymous_7)
FNDA:0,(anonymous_8)
FNDA:0,(anonymous_9)
FNDA:0,(anonymous_10)
FNDA:0,(anonymous_11)
DA:5,0
DA:6,0
DA:9,0
DA:10,0
DA:11,0
DA:13,0
DA:19,0
DA:20,0
DA:21,0
DA:23,0
DA:29,0
DA:30,0
DA:31,0
DA:33,0
DA:39,0
DA:40,0
DA:41,0
DA:43,0
DA:49,0
DA:50,0
DA:51,0
DA:53,0
LF:22
LH:0
BRF:0
BRH:0
end_of_record
TN:
SF:src/navigation/AppNavigator.tsx
FN:98,(anonymous_0)
FN:114,(anonymous_1)
FN:116,(anonymous_2)
FN:117,(anonymous_3)
FN:160,(anonymous_4)
FN:191,(anonymous_5)
FN:197,(anonymous_6)
FN:244,(anonymous_7)
FN:245,(anonymous_8)
FNF:9
FNH:0
FNDA:0,(anonymous_0)
FNDA:0,(anonymous_1)
FNDA:0,(anonymous_2)
FNDA:0,(anonymous_3)
FNDA:0,(anonymous_4)
FNDA:0,(anonymous_5)
FNDA:0,(anonymous_6)
FNDA:0,(anonymous_7)
FNDA:0,(anonymous_8)
DA:91,0
DA:92,0
DA:93,0
DA:94,0
DA:95,0
DA:98,0
DA:99,0
DA:114,0
DA:115,0
DA:116,0
DA:120,0
DA:122,0
DA:123,0
DA:125,0
DA:126,0
DA:128,0
DA:129,0
DA:131,0
DA:132,0
DA:134,0
DA:137,0
DA:160,0
DA:161,0
DA:191,0
DA:197,0
DA:198,0
DA:244,0
DA:245,0
DA:247,0
LF:29
LH:0
BRDA:120,0,0,0
BRDA:120,0,1,0
BRDA:120,0,2,0
BRDA:120,0,3,0
BRDA:120,0,4,0
BRDA:249,1,0,0
BRDA:249,1,1,0
BRF:7
BRH:0
end_of_record
TN:
SF:src/screens/auth/ForgotPasswordScreen.tsx
FN:25,(anonymous_0)
FN:32,(anonymous_1)
FN:46,(anonymous_2)
FN:54,(anonymous_3)
FN:60,(anonymous_4)
FN:114,(anonymous_5)
FN:125,(anonymous_6)
FNF:7
FNH:0
FNDA:0,(anonymous_0)
FNDA:0,(anonymous_1)
FNDA:0,(anonymous_2)
FNDA:0,(anonymous_3)
FNDA:0,(anonymous_4)
FNDA:0,(anonymous_5)
FNDA:0,(anonymous_6)
DA:25,0
DA:26,0
DA:27,0
DA:28,0
DA:29,0
DA:30,0
DA:32,0
DA:33,0
DA:34,0
DA:35,0
DA:38,0
DA:39,0
DA:40,0
DA:43,0
DA:46,0
DA:47,0
DA:49,0
DA:50,0
DA:54,0
DA:55,0
DA:56,0
DA:57,0
DA:60,0
DA:61,0
DA:65,0
DA:66,0
DA:67,0
DA:71,0
DA:114,0
DA:125,0
DA:135,0
LF:31
LH:0
BRDA:33,0,0,0
BRDA:33,0,1,0
BRDA:38,1,0,0
BRDA:38,1,1,0
BRDA:47,2,0,0
BRDA:47,2,1,0
BRDA:74,3,0,0
BRDA:74,3,1,0
BRDA:109,4,0,0
BRDA:109,4,1,0
BRF:10
BRH:0
end_of_record
TN:
SF:src/screens/auth/LoginScreen.tsx
FN:29,(anonymous_0)
FN:32,(anonymous_1)
FN:42,(anonymous_2)
FN:43,(anonymous_3)
FN:49,(anonymous_4)
FN:63,(anonymous_5)
FN:71,(anonymous_6)
FN:100,(anonymous_7)
FN:130,(anonymous_8)
FN:161,(anonymous_9)
FN:173,(anonymous_10)
FN:181,(anonymous_11)
FN:189,(anonymous_12)
FN:217,(anonymous_13)
FN:240,(anonymous_14)
FN:252,(anonymous_15)
FNF:16
FNH:0
FNDA:0,(anonymous_0)
FNDA:0,(anonymous_1)
FNDA:0,(anonymous_2)
FNDA:0,(anonymous_3)
FNDA:0,(anonymous_4)
FNDA:0,(anonymous_5)
FNDA:0,(anonymous_6)
FNDA:0,(anonymous_7)
FNDA:0,(anonymous_8)
FNDA:0,(anonymous_9)
FNDA:0,(anonymous_10)
FNDA:0,(anonymous_11)
FNDA:0,(anonymous_12)
FNDA:0,(anonymous_13)
FNDA:0,(anonymous_14)
FNDA:0,(anonymous_15)
DA:29,0
DA:30,0
DA:31,0
DA:32,0
DA:34,0
DA:39,0
DA:40,0
DA:42,0
DA:43,0
DA:44,0
DA:45,0
DA:49,0
DA:50,0
DA:51,0
DA:52,0
DA:55,0
DA:56,0
DA:57,0
DA:60,0
DA:63,0
DA:64,0
DA:66,0
DA:67,0
DA:71,0
DA:72,0
DA:74,0
DA:92,0
DA:96,0
DA:100,0
DA:101,0
DA:102,0
DA:103,0
DA:106,0
DA:108,0
DA:126,0
DA:130,0
DA:131,0
DA:132,0
DA:136,0
DA:161,0
DA:173,0
DA:181,0
DA:189,0
DA:217,0
DA:240,0
DA:252,0
DA:262,0
LF:47
LH:0
BRDA:44,0,0,0
BRDA:44,0,1,0
BRDA:50,1,0,0
BRDA:50,1,1,0
BRDA:50,2,0,0
BRDA:50,2,1,0
BRDA:55,3,0,0
BRDA:55,3,1,0
BRDA:64,4,0,0
BRDA:64,4,1,0
BRDA:72,5,0,0
BRDA:72,5,1,0
BRDA:72,6,0,0
BRDA:72,6,1,0
BRDA:101,7,0,0
BRDA:101,7,1,0
BRDA:131,8,0,0
BRDA:131,8,1,0
BRDA:139,9,0,0
BRDA:139,9,1,0
BRDA:156,10,0,0
BRDA:156,10,1,0
BRDA:167,11,0,0
BRDA:167,11,1,0
BRDA:180,12,0,0
BRDA:180,12,1,0
BRDA:184,13,0,0
BRDA:184,13,1,0
BRDA:202,14,0,0
BRDA:202,14,1,0
BRDA:231,15,0,0
BRDA:231,15,1,0
BRF:32
BRH:0
end_of_record
TN:
SF:src/screens/auth/OnboardingScreen.tsx
FN:23,(anonymous_0)
FN:67,(anonymous_1)
FN:88,(anonymous_2)
FN:97,(anonymous_3)
FNF:4
FNH:0
FNDA:0,(anonymous_0)
FNDA:0,(anonymous_1)
FNDA:0,(anonymous_2)
FNDA:0,(anonymous_3)
DA:21,0
DA:23,0
DA:24,0
DA:26,0
DA:49,0
DA:68,0
DA:88,0
DA:97,0
DA:119,0
LF:9
LH:0
BRF:0
BRH:0
end_of_record
TN:
SF:src/screens/auth/RegisterScreen.tsx
FN:30,(anonymous_0)
FN:33,(anonymous_1)
FN:49,(anonymous_2)
FN:50,(anonymous_3)
FN:56,(anonymous_4)
FN:97,(anonymous_5)
FN:103,(anonymous_6)
FN:110,(anonymous_7)
FN:120,(anonymous_8)
FN:151,(anonymous_9)
FN:161,(anonymous_10)
FN:173,(anonymous_11)
FN:185,(anonymous_12)
FN:196,(anonymous_13)
FN:207,(anonymous_14)
FN:215,(anonymous_15)
FN:224,(anonymous_16)
FN:232,(anonymous_17)
FN:241,(anonymous_18)
FN:265,(anonymous_19)
FN:277,(anonymous_20)
FNF:21
FNH:0
FNDA:0,(anonymous_0)
FNDA:0,(anonymous_1)
FNDA:0,(anonymous_2)
FNDA:0,(anonymous_3)
FNDA:0,(anonymous_4)
FNDA:0,(anonymous_5)
FNDA:0,(anonymous_6)
FNDA:0,(anonymous_7)
FNDA:0,(anonymous_8)
FNDA:0,(anonymous_9)
FNDA:0,(anonymous_10)
FNDA:0,(anonymous_11)
FNDA:0,(anonymous_12)
FNDA:0,(anonymous_13)
FNDA:0,(anonymous_14)
FNDA:0,(anonymous_15)
FNDA:0,(anonymous_16)
FNDA:0,(anonymous_17)
FNDA:0,(anonymous_18)
FNDA:0,(anonymous_19)
FNDA:0,(anonymous_20)
DA:30,0
DA:31,0
DA:32,0
DA:33,0
DA:35,0
DA:44,0
DA:45,0
DA:46,0
DA:47,0
DA:49,0
DA:50,0
DA:51,0
DA:52,0
DA:56,0
DA:57,0
DA:59,0
DA:60,0
DA:61,0
DA:64,0
DA:65,0
DA:66,0
DA:69,0
DA:70,0
DA:71,0
DA:74,0
DA:75,0
DA:76,0
DA:79,0
DA:80,0
DA:81,0
DA:84,0
DA:85,0
DA:86,0
DA:89,0
DA:90,0
DA:91,0
DA:94,0
DA:97,0
DA:98,0
DA:100,0
DA:103,0
DA:104,0
DA:110,0
DA:116,0
DA:120,0
DA:121,0
DA:122,0
DA:126,0
DA:151,0
DA:161,0
DA:173,0
DA:185,0
DA:196,0
DA:207,0
DA:215,0
DA:224,0
DA:232,0
DA:241,0
DA:265,0
DA:277,0
DA:287,0
LF:61
LH:0
BRDA:51,0,0,0
BRDA:51,0,1,0
BRDA:59,1,0,0
BRDA:59,1,1,0
BRDA:59,2,0,0
BRDA:59,2,1,0
BRDA:59,2,2,0
BRDA:59,2,3,0
BRDA:59,2,4,0
BRDA:59,2,5,0
BRDA:64,3,0,0
BRDA:64,3,1,0
BRDA:69,4,0,0
BRDA:69,4,1,0
BRDA:74,5,0,0
BRDA:74,5,1,0
BRDA:79,6,0,0
BRDA:79,6,1,0
BRDA:84,7,0,0
BRDA:84,7,1,0
BRDA:84,8,0,0
BRDA:84,8,1,0
BRDA:89,9,0,0
BRDA:89,9,1,0
BRDA:98,10,0,0
BRDA:98,10,1,0
BRDA:121,11,0,0
BRDA:121,11,1,0
BRDA:129,12,0,0
BRDA:129,12,1,0
BRDA:156,13,0,0
BRDA:156,13,1,0
BRDA:166,14,0,0
BRDA:166,14,1,0
BRDA:179,15,0,0
BRDA:179,15,1,0
BRDA:190,16,0,0
BRDA:190,16,1,0
BRDA:201,17,0,0
BRDA:201,17,1,0
BRDA:214,18,0,0
BRDA:214,18,1,0
BRDA:218,19,0,0
BRDA:218,19,1,0
BRDA:231,20,0,0
BRDA:231,20,1,0
BRDA:235,21,0,0
BRDA:235,21,1,0
BRDA:240,22,0,0
BRDA:240,22,1,0
BRDA:258,23,0,0
BRDA:258,23,1,0
BRF:52
BRH:0
end_of_record
TN:
SF:src/screens/auth/VerifyEmailScreen.tsx
FN:25,(anonymous_0)
FN:35,(anonymous_1)
FN:49,(anonymous_2)
FN:57,(anonymous_3)
FN:63,(anonymous_4)
FN:74,(anonymous_5)
FN:142,(anonymous_6)
FN:153,(anonymous_7)
FNF:8
FNH:0
FNDA:0,(anonymous_0)
FNDA:0,(anonymous_1)
FNDA:0,(anonymous_2)
FNDA:0,(anonymous_3)
FNDA:0,(anonymous_4)
FNDA:0,(anonymous_5)
FNDA:0,(anonymous_6)
FNDA:0,(anonymous_7)
DA:25,0
DA:26,0
DA:27,0
DA:28,0
DA:30,0
DA:31,0
DA:32,0
DA:33,0
DA:35,0
DA:36,0
DA:37,0
DA:38,0
DA:41,0
DA:42,0
DA:43,0
DA:46,0
DA:49,0
DA:50,0
DA:52,0
DA:53,0
DA:57,0
DA:58,0
DA:59,0
DA:60,0
DA:63,0
DA:64,0
DA:68,0
DA:69,0
DA:70,0
DA:74,0
DA:75,0
DA:77,0
DA:78,0
DA:80,0
DA:81,0
DA:85,0
DA:142,0
DA:153,0
DA:163,0
LF:39
LH:0
BRDA:36,0,0,0
BRDA:36,0,1,0
BRDA:41,1,0,0
BRDA:41,1,1,0
BRDA:50,2,0,0
BRDA:50,2,1,0
BRDA:88,3,0,0
BRDA:88,3,1,0
BRDA:124,4,0,0
BRDA:124,4,1,0
BRF:10
BRH:0
end_of_record
TN:
SF:src/screens/cards/AddCardScreen.tsx
FN:26,(anonymous_0)
FN:38,(anonymous_1)
FN:53,(anonymous_2)
FN:61,(anonymous_3)
FN:71,(anonymous_4)
FN:85,(anonymous_5)
FN:89,(anonymous_6)
FN:93,(anonymous_7)
FN:128,(anonymous_8)
FN:149,(anonymous_9)
FN:172,(anonymous_10)
FN:187,(anonymous_11)
FN:209,(anonymous_12)
FN:275,(anonymous_13)
FN:293,(anonymous_14)
FN:311,(anonymous_15)
FN:328,(anonymous_16)
FNF:17
FNH:0
FNDA:0,(anonymous_0)
FNDA:0,(anonymous_1)
FNDA:0,(anonymous_2)
FNDA:0,(anonymous_3)
FNDA:0,(anonymous_4)
FNDA:0,(anonymous_5)
FNDA:0,(anonymous_6)
FNDA:0,(anonymous_7)
FNDA:0,(anonymous_8)
FNDA:0,(anonymous_9)
FNDA:0,(anonymous_10)
FNDA:0,(anonymous_11)
FNDA:0,(anonymous_12)
FNDA:0,(anonymous_13)
FNDA:0,(anonymous_14)
FNDA:0,(anonymous_15)
FNDA:0,(anonymous_16)
DA:26,0
DA:27,0
DA:33,0
DA:34,0
DA:35,0
DA:38,0
DA:39,0
DA:40,0
DA:41,0
DA:42,0
DA:43,0
DA:44,0
DA:45,0
DA:46,0
DA:47,0
DA:49,0
DA:53,0
DA:55,0
DA:57,0
DA:58,0
DA:61,0
DA:63,0
DA:65,0
DA:66,0
DA:68,0
DA:71,0
DA:72,0
DA:74,0
DA:75,0
DA:76,0
DA:77,0
DA:78,0
DA:79,0
DA:80,0
DA:81,0
DA:82,0
DA:85,0
DA:88,0
DA:89,0
DA:93,0
DA:94,0
DA:97,0
DA:98,0
DA:99,0
DA:100,0
DA:104,0
DA:105,0
DA:106,0
DA:107,0
DA:111,0
DA:112,0
DA:113,0
DA:114,0
DA:118,0
DA:119,0
DA:120,0
DA:121,0
DA:124,0
DA:125,0
DA:128,0
DA:129,0
DA:130,0
DA:131,0
DA:134,0
DA:136,0
DA:138,0
DA:146,0
DA:149,0
DA:152,0
DA:166,0
DA:168,0
DA:172,0
DA:173,0
DA:175,0
DA:177,0
DA:179,0
DA:181,0
DA:183,0
DA:187,0
DA:188,0
DA:190,0
DA:192,0
DA:194,0
DA:196,0
DA:198,0
DA:202,0
DA:209,0
DA:275,0
DA:293,0
DA:311,0
DA:328,0
DA:373,0
LF:92
LH:0
BRDA:40,0,0,0
BRDA:40,0,1,0
BRDA:42,1,0,0
BRDA:42,1,1,0
BRDA:42,2,0,0
BRDA:42,2,1,0
BRDA:44,3,0,0
BRDA:44,3,1,0
BRDA:46,4,0,0
BRDA:46,4,1,0
BRDA:65,5,0,0
BRDA:65,5,1,0
BRDA:74,6,0,0
BRDA:74,6,1,0
BRDA:76,7,0,0
BRDA:76,7,1,0
BRDA:77,8,0,0
BRDA:77,8,1,0
BRDA:79,9,0,0
BRDA:79,9,1,0
BRDA:80,10,0,0
BRDA:80,10,1,0
BRDA:82,11,0,0
BRDA:82,11,1,0
BRDA:88,12,0,0
BRDA:88,12,1,0
BRDA:97,13,0,0
BRDA:97,13,1,0
BRDA:99,14,0,0
BRDA:99,14,1,0
BRDA:104,15,0,0
BRDA:104,15,1,0
BRDA:106,16,0,0
BRDA:106,16,1,0
BRDA:111,17,0,0
BRDA:111,17,1,0
BRDA:113,18,0,0
BRDA:113,18,1,0
BRDA:118,19,0,0
BRDA:118,19,1,0
BRDA:120,20,0,0
BRDA:120,20,1,0
BRDA:129,21,0,0
BRDA:129,21,1,0
BRDA:173,22,0,0
BRDA:173,22,1,0
BRDA:173,22,2,0
BRDA:173,22,3,0
BRDA:173,22,4,0
BRDA:188,23,0,0
BRDA:188,23,1,0
BRDA:188,23,2,0
BRDA:188,23,3,0
BRDA:188,23,4,0
BRDA:219,24,0,0
BRDA:219,24,1,0
BRDA:234,25,0,0
BRDA:234,25,1,0
BRDA:240,26,0,0
BRDA:240,26,1,0
BRDA:248,27,0,0
BRDA:248,27,1,0
BRDA:254,28,0,0
BRDA:254,28,1,0
BRDA:268,29,0,0
BRDA:268,29,1,0
BRDA:280,30,0,0
BRDA:280,30,1,0
BRDA:286,31,0,0
BRDA:286,31,1,0
BRDA:297,32,0,0
BRDA:297,32,1,0
BRDA:304,33,0,0
BRDA:304,33,1,0
BRDA:316,34,0,0
BRDA:316,34,1,0
BRDA:321,35,0,0
BRDA:321,35,1,0
BRDA:334,36,0,0
BRDA:334,36,1,0
BRDA:354,37,0,0
BRDA:354,37,1,0
BRDA:359,38,0,0
BRDA:359,38,1,0
BRDA:363,39,0,0
BRDA:363,39,1,0
BRF:86
BRH:0
end_of_record
TN:
SF:src/screens/cards/CardAdditionSuccessScreen.tsx
FN:33,(anonymous_0)
FN:39,(anonymous_1)
FN:79,(anonymous_2)
FN:83,(anonymous_3)
FN:87,(anonymous_4)
FN:91,(anonymous_5)
FNF:6
FNH:0
FNDA:0,(anonymous_0)
FNDA:0,(anonymous_1)
FNDA:0,(anonymous_2)
FNDA:0,(anonymous_3)
FNDA:0,(anonymous_4)
FNDA:0,(anonymous_5)
DA:33,0
DA:34,0
DA:35,0
DA:36,0
DA:37,0
DA:39,0
DA:41,0
DA:55,0
DA:63,0
DA:79,0
DA:80,0
DA:83,0
DA:84,0
DA:87,0
DA:88,0
DA:91,0
DA:92,0
DA:94,0
DA:96,0
DA:98,0
DA:100,0
DA:102,0
DA:106,0
DA:292,0
LF:24
LH:0
BRDA:92,0,0,0
BRDA:92,0,1,0
BRDA:92,0,2,0
BRDA:92,0,3,0
BRDA:92,0,4,0
BRDA:188,1,0,0
BRDA:188,1,1,0
BRF:7
BRH:0
end_of_record
TN:
SF:src/screens/cards/CardFeeConfirmationScreen.tsx
FN:34,(anonymous_0)
FN:40,(anonymous_1)
FN:51,(anonymous_2)
FN:57,(anonymous_3)
FN:69,(anonymous_4)
FN:77,(anonymous_5)
FN:93,(anonymous_6)
FN:98,(anonymous_7)
FN:107,(anonymous_8)
FN:119,(anonymous_9)
FN:132,(anonymous_10)
FNF:11
FNH:0
FNDA:0,(anonymous_0)
FNDA:0,(anonymous_1)
FNDA:0,(anonymous_2)
FNDA:0,(anonymous_3)
FNDA:0,(anonymous_4)
FNDA:0,(anonymous_5)
FNDA:0,(anonymous_6)
FNDA:0,(anonymous_7)
FNDA:0,(anonymous_8)
FNDA:0,(anonymous_9)
FNDA:0,(anonymous_10)
DA:34,0
DA:35,0
DA:36,0
DA:37,0
DA:38,0
DA:40,0
DA:41,0
DA:51,0
DA:57,0
DA:58,0
DA:60,0
DA:62,0
DA:63,0
DA:69,0
DA:73,0
DA:77,0
DA:80,0
DA:87,0
DA:93,0
DA:98,0
DA:103,0
DA:107,0
DA:108,0
DA:119,0
DA:125,0
DA:132,0
DA:256,0
LF:27
LH:0
BRDA:62,0,0,0
BRDA:62,0,1,0
BRDA:148,1,0,0
BRDA:148,1,1,0
BRDA:230,2,0,0
BRDA:230,2,1,0
BRDA:238,3,0,0
BRDA:238,3,1,0
BRDA:243,4,0,0
BRDA:243,4,1,0
BRDA:247,5,0,0
BRDA:247,5,1,0
BRF:12
BRH:0
end_of_record
TN:
SF:src/screens/cards/OTPVerificationScreen.tsx
FN:36,(anonymous_0)
FN:44,(anonymous_1)
FN:46,(anonymous_2)
FN:47,(anonymous_3)
FN:57,(anonymous_4)
FN:60,(anonymous_5)
FN:71,(anonymous_6)
FN:77,(anonymous_7)
FN:89,(anonymous_8)
FN:112,(anonymous_9)
FN:121,(anonymous_10)
FN:126,(anonymous_11)
FN:127,(anonymous_12)
FN:144,(anonymous_13)
FN:159,(anonymous_14)
FN:198,(anonymous_15)
FN:201,(anonymous_16)
FN:209,(anonymous_17)
FN:210,(anonymous_18)
FN:245,(anonymous_19)
FNF:20
FNH:0
FNDA:0,(anonymous_0)
FNDA:0,(anonymous_1)
FNDA:0,(anonymous_2)
FNDA:0,(anonymous_3)
FNDA:0,(anonymous_4)
FNDA:0,(anonymous_5)
FNDA:0,(anonymous_6)
FNDA:0,(anonymous_7)
FNDA:0,(anonymous_8)
FNDA:0,(anonymous_9)
FNDA:0,(anonymous_10)
FNDA:0,(anonymous_11)
FNDA:0,(anonymous_12)
FNDA:0,(anonymous_13)
FNDA:0,(anonymous_14)
FNDA:0,(anonymous_15)
FNDA:0,(anonymous_16)
FNDA:0,(anonymous_17)
FNDA:0,(anonymous_18)
FNDA:0,(anonymous_19)
DA:36,0
DA:37,0
DA:38,0
DA:39,0
DA:40,0
DA:41,0
DA:42,0
DA:44,0
DA:46,0
DA:47,0
DA:48,0
DA:49,0
DA:50,0
DA:51,0
DA:53,0
DA:57,0
DA:60,0
DA:61,0
DA:62,0
DA:63,0
DA:66,0
DA:67,0
DA:71,0
DA:72,0
DA:73,0
DA:77,0
DA:78,0
DA:80,0
DA:81,0
DA:82,0
DA:85,0
DA:87,0
DA:89,0
DA:92,0
DA:94,0
DA:101,0
DA:102,0
DA:103,0
DA:106,0
DA:108,0
DA:112,0
DA:113,0
DA:115,0
DA:116,0
DA:117,0
DA:119,0
DA:121,0
DA:123,0
DA:126,0
DA:127,0
DA:128,0
DA:129,0
DA:130,0
DA:131,0
DA:133,0
DA:137,0
DA:138,0
DA:140,0
DA:144,0
DA:145,0
DA:146,0
DA:147,0
DA:148,0
DA:149,0
DA:152,0
DA:159,0
DA:199,0
DA:202,0
DA:209,0
DA:210,0
DA:245,0
DA:261,0
LF:72
LH:0
BRDA:48,0,0,0
BRDA:48,0,1,0
BRDA:66,1,0,0
BRDA:66,1,1,0
BRDA:66,2,0,0
BRDA:66,2,1,0
BRDA:72,3,0,0
BRDA:72,3,1,0
BRDA:72,4,0,0
BRDA:72,4,1,0
BRDA:72,4,2,0
BRDA:80,5,0,0
BRDA:80,5,1,0
BRDA:92,6,0,0
BRDA:92,6,1,0
BRDA:113,7,0,0
BRDA:113,7,1,0
BRDA:128,8,0,0
BRDA:128,8,1,0
BRDA:145,9,0,0
BRDA:145,9,1,0
BRDA:169,10,0,0
BRDA:169,10,1,0
BRDA:176,11,0,0
BRDA:176,11,1,0
BRDA:202,12,0,0
BRDA:202,12,1,0
BRDA:206,13,0,0
BRDA:206,13,1,0
BRDA:220,14,0,0
BRDA:220,14,1,0
BRDA:243,15,0,0
BRDA:243,15,1,0
BRDA:245,16,0,0
BRDA:245,16,1,0
BRDA:248,17,0,0
BRDA:248,17,1,0
BRDA:252,18,0,0
BRDA:252,18,1,0
BRF:39
BRH:0
end_of_record
TN:
SF:src/screens/main/AccountScreen.tsx
FN:14,(anonymous_0)
FN:57,(anonymous_1)
FNF:2
FNH:0
FNDA:0,(anonymous_0)
FNDA:0,(anonymous_1)
DA:14,0
DA:15,0
DA:36,0
DA:57,0
DA:58,0
DA:69,0
DA:119,0
LF:7
LH:0
BRF:0
BRH:0
end_of_record
TN:
SF:src/screens/main/CardsScreen.tsx
FN:20,(anonymous_0)
FN:69,(anonymous_1)
FN:80,(anonymous_2)
FN:110,(anonymous_3)
FN:165,(anonymous_4)
FNF:5
FNH:0
FNDA:0,(anonymous_0)
FNDA:0,(anonymous_1)
FNDA:0,(anonymous_2)
FNDA:0,(anonymous_3)
FNDA:0,(anonymous_4)
DA:20,0
DA:21,0
DA:22,0
DA:24,0
DA:45,0
DA:69,0
DA:70,0
DA:80,0
DA:110,0
DA:111,0
DA:139,0
DA:165,0
DA:214,0
LF:13
LH:0
BRDA:84,0,0,0
BRDA:84,0,1,0
BRDA:99,1,0,0
BRDA:99,1,1,0
BRDA:115,2,0,0
BRDA:115,2,1,0
BRDA:117,3,0,0
BRDA:117,3,1,0
BRDA:129,4,0,0
BRDA:129,4,1,0
BRDA:133,5,0,0
BRDA:133,5,1,0
BRF:12
BRH:0
end_of_record
TN:
SF:src/screens/main/HomeScreen.tsx
FN:17,(anonymous_0)
FN:61,(anonymous_1)
FN:123,(anonymous_2)
FN:138,(anonymous_3)
FNF:4
FNH:0
FNDA:0,(anonymous_0)
FNDA:0,(anonymous_1)
FNDA:0,(anonymous_2)
FNDA:0,(anonymous_3)
DA:17,0
DA:18,0
DA:19,0
DA:21,0
DA:22,0
DA:24,0
DA:54,0
DA:61,0
DA:62,0
DA:81,0
DA:123,0
DA:139,0
DA:183,0
LF:13
LH:0
BRDA:74,0,0,0
BRDA:74,0,1,0
BRDA:76,1,0,0
BRDA:76,1,1,0
BRDA:120,2,0,0
BRDA:120,2,1,0
BRDA:127,3,0,0
BRDA:127,3,1,0
BRF:8
BRH:0
end_of_record
TN:
SF:src/screens/main/ProfileScreen.tsx
FN:30,(anonymous_0)
FN:34,(anonymous_1)
FN:35,(anonymous_2)
FN:36,(anonymous_3)
FN:42,(anonymous_4)
FN:46,(anonymous_5)
FN:50,(anonymous_6)
FN:59,(anonymous_7)
FN:71,(anonymous_8)
FN:79,(anonymous_9)
FN:91,(anonymous_10)
FN:100,(anonymous_11)
FN:104,(anonymous_12)
FN:108,(anonymous_13)
FN:112,(anonymous_14)
FN:115,(anonymous_15)
FN:121,(anonymous_16)
FN:190,(anonymous_17)
FN:191,(anonymous_18)
FN:192,(anonymous_19)
FN:199,(anonymous_20)
FN:200,(anonymous_21)
FN:201,(anonymous_22)
FN:208,(anonymous_23)
FN:209,(anonymous_24)
FN:210,(anonymous_25)
FN:217,(anonymous_26)
FN:218,(anonymous_27)
FN:219,(anonymous_28)
FN:226,(anonymous_29)
FN:227,(anonymous_30)
FN:228,(anonymous_31)
FN:243,(anonymous_32)
FN:244,(anonymous_33)
FN:257,(anonymous_34)
FN:258,(anonymous_35)
FN:271,(anonymous_36)
FN:272,(anonymous_37)
FN:275,(anonymous_38)
FN:293,(anonymous_39)
FN:294,(anonymous_40)
FN:295,(anonymous_41)
FN:302,(anonymous_42)
FN:303,(anonymous_43)
FN:311,(anonymous_44)
FN:312,(anonymous_45)
FN:320,(anonymous_46)
FN:321,(anonymous_47)
FNF:48
FNH:0
FNDA:0,(anonymous_0)
FNDA:0,(anonymous_1)
FNDA:0,(anonymous_2)
FNDA:0,(anonymous_3)
FNDA:0,(anonymous_4)
FNDA:0,(anonymous_5)
FNDA:0,(anonymous_6)
FNDA:0,(anonymous_7)
FNDA:0,(anonymous_8)
FNDA:0,(anonymous_9)
FNDA:0,(anonymous_10)
FNDA:0,(anonymous_11)
FNDA:0,(anonymous_12)
FNDA:0,(anonymous_13)
FNDA:0,(anonymous_14)
FNDA:0,(anonymous_15)
FNDA:0,(anonymous_16)
FNDA:0,(anonymous_17)
FNDA:0,(anonymous_18)
FNDA:0,(anonymous_19)
FNDA:0,(anonymous_20)
FNDA:0,(anonymous_21)
FNDA:0,(anonymous_22)
FNDA:0,(anonymous_23)
FNDA:0,(anonymous_24)
FNDA:0,(anonymous_25)
FNDA:0,(anonymous_26)
FNDA:0,(anonymous_27)
FNDA:0,(anonymous_28)
FNDA:0,(anonymous_29)
FNDA:0,(anonymous_30)
FNDA:0,(anonymous_31)
FNDA:0,(anonymous_32)
FNDA:0,(anonymous_33)
FNDA:0,(anonymous_34)
FNDA:0,(anonymous_35)
FNDA:0,(anonymous_36)
FNDA:0,(anonymous_37)
FNDA:0,(anonymous_38)
FNDA:0,(anonymous_39)
FNDA:0,(anonymous_40)
FNDA:0,(anonymous_41)
FNDA:0,(anonymous_42)
FNDA:0,(anonymous_43)
FNDA:0,(anonymous_44)
FNDA:0,(anonymous_45)
FNDA:0,(anonymous_46)
FNDA:0,(anonymous_47)
DA:30,0
DA:31,0
DA:32,0
DA:34,0
DA:35,0
DA:36,0
DA:38,0
DA:39,0
DA:40,0
DA:42,0
DA:43,0
DA:46,0
DA:47,0
DA:48,0
DA:50,0
DA:51,0
DA:54,0
DA:55,0
DA:59,0
DA:60,0
DA:72,0
DA:79,0
DA:80,0
DA:93,0
DA:100,0
DA:101,0
DA:104,0
DA:105,0
DA:108,0
DA:109,0
DA:112,0
DA:113,0
DA:115,0
DA:121,0
DA:122,0
DA:124,0
DA:126,0
DA:128,0
DA:130,0
DA:134,0
DA:190,0
DA:191,0
DA:192,0
DA:199,0
DA:200,0
DA:201,0
DA:208,0
DA:209,0
DA:210,0
DA:217,0
DA:218,0
DA:219,0
DA:226,0
DA:227,0
DA:228,0
DA:243,0
DA:245,0
DA:257,0
DA:259,0
DA:271,0
DA:273,0
DA:293,0
DA:294,0
DA:295,0
DA:302,0
DA:303,0
DA:311,0
DA:312,0
DA:320,0
DA:321,0
DA:371,0
LF:71
LH:0
BRDA:122,0,0,0
BRDA:122,0,1,0
BRDA:122,0,2,0
BRDA:122,0,3,0
BRDA:150,1,0,0
BRDA:150,1,1,0
BRDA:150,2,0,0
BRDA:150,2,1,0
BRDA:172,3,0,0
BRDA:172,3,1,0
BRDA:174,4,0,0
BRDA:174,4,1,0
BRF:12
BRH:0
end_of_record
TN:
SF:src/screens/main/SavingsScreen.tsx
FN:16,(anonymous_0)
FN:71,(anonymous_1)
FN:75,(anonymous_2)
FN:132,(anonymous_3)
FNF:4
FNH:0
FNDA:0,(anonymous_0)
FNDA:0,(anonymous_1)
FNDA:0,(anonymous_2)
FNDA:0,(anonymous_3)
DA:16,0
DA:17,0
DA:18,0
DA:20,0
DA:71,0
DA:72,0
DA:75,0
DA:76,0
DA:78,0
DA:108,0
DA:132,0
DA:167,0
LF:12
LH:0
BRDA:129,0,0,0
BRDA:129,0,1,0
BRDA:136,1,0,0
BRDA:136,1,1,0
BRF:4
BRH:0
end_of_record
TN:
SF:src/screens/main/TransactionsScreen.tsx
FN:16,(anonymous_0)
FN:84,(anonymous_1)
FN:92,(anonymous_2)
FN:112,(anonymous_3)
FN:158,(anonymous_4)
FNF:5
FNH:0
FNDA:0,(anonymous_0)
FNDA:0,(anonymous_1)
FNDA:0,(anonymous_2)
FNDA:0,(anonymous_3)
FNDA:0,(anonymous_4)
DA:16,0
DA:17,0
DA:19,0
DA:84,0
DA:85,0
DA:86,0
DA:88,0
DA:89,0
DA:92,0
DA:93,0
DA:112,0
DA:113,0
DA:121,0
DA:159,0
DA:166,0
LF:15
LH:0
BRDA:85,0,0,0
BRDA:85,0,1,0
BRDA:105,1,0,0
BRDA:105,1,1,0
BRDA:107,2,0,0
BRDA:107,2,1,0
BRF:6
BRH:0
end_of_record
TN:
SF:src/screens/main/WalletScreen.tsx
FN:28,(anonymous_0)
FN:32,(anonymous_1)
FN:33,(anonymous_2)
FN:37,(anonymous_3)
FN:41,(anonymous_4)
FN:45,(anonymous_5)
FN:53,(anonymous_6)
FN:59,(anonymous_7)
FN:66,(anonymous_8)
FN:70,(anonymous_9)
FN:74,(anonymous_10)
FN:79,(anonymous_11)
FN:165,(anonymous_12)
FN:188,(anonymous_13)
FN:254,(anonymous_14)
FN:255,(anonymous_15)
FN:259,(anonymous_16)
FN:270,(anonymous_17)
FN:276,(anonymous_18)
FNF:19
FNH:0
FNDA:0,(anonymous_0)
FNDA:0,(anonymous_1)
FNDA:0,(anonymous_2)
FNDA:0,(anonymous_3)
FNDA:0,(anonymous_4)
FNDA:0,(anonymous_5)
FNDA:0,(anonymous_6)
FNDA:0,(anonymous_7)
FNDA:0,(anonymous_8)
FNDA:0,(anonymous_9)
FNDA:0,(anonymous_10)
FNDA:0,(anonymous_11)
FNDA:0,(anonymous_12)
FNDA:0,(anonymous_13)
FNDA:0,(anonymous_14)
FNDA:0,(anonymous_15)
FNDA:0,(anonymous_16)
FNDA:0,(anonymous_17)
FNDA:0,(anonymous_18)
DA:28,0
DA:29,0
DA:30,0
DA:32,0
DA:33,0
DA:35,0
DA:37,0
DA:38,0
DA:41,0
DA:42,0
DA:45,0
DA:49,0
DA:53,0
DA:54,0
DA:55,0
DA:56,0
DA:59,0
DA:60,0
DA:66,0
DA:67,0
DA:70,0
DA:71,0
DA:74,0
DA:76,0
DA:79,0
DA:81,0
DA:84,0
DA:166,0
DA:254,0
DA:256,0
DA:261,0
DA:270,0
DA:276,0
DA:285,0
LF:34
LH:0
BRDA:59,0,0,0
BRDA:109,1,0,0
BRDA:109,1,1,0
BRDA:113,2,0,0
BRDA:113,2,1,0
BRDA:164,3,0,0
BRDA:164,3,1,0
BRDA:171,4,0,0
BRDA:171,4,1,0
BRDA:181,5,0,0
BRDA:181,5,1,0
BRDA:253,6,0,0
BRDA:253,6,1,0
BRDA:269,7,0,0
BRDA:269,7,1,0
BRDA:275,8,0,0
BRDA:275,8,1,0
BRF:17
BRH:0
end_of_record
TN:
SF:src/screens/payment/PINVerificationScreen.tsx
FN:41,(anonymous_0)
FN:53,(anonymous_1)
FN:56,(anonymous_2)
FN:57,(anonymous_3)
FN:68,(anonymous_4)
FN:72,(anonymous_5)
FN:83,(anonymous_6)
FN:89,(anonymous_7)
FN:101,(anonymous_8)
FN:123,(anonymous_9)
FN:163,(anonymous_10)
FN:174,(anonymous_11)
FN:183,(anonymous_12)
FN:196,(anonymous_13)
FN:240,(anonymous_14)
FN:243,(anonymous_15)
FN:252,(anonymous_16)
FN:253,(anonymous_17)
FN:303,(anonymous_18)
FN:305,(anonymous_19)
FNF:20
FNH:0
FNDA:0,(anonymous_0)
FNDA:0,(anonymous_1)
FNDA:0,(anonymous_2)
FNDA:0,(anonymous_3)
FNDA:0,(anonymous_4)
FNDA:0,(anonymous_5)
FNDA:0,(anonymous_6)
FNDA:0,(anonymous_7)
FNDA:0,(anonymous_8)
FNDA:0,(anonymous_9)
FNDA:0,(anonymous_10)
FNDA:0,(anonymous_11)
FNDA:0,(anonymous_12)
FNDA:0,(anonymous_13)
FNDA:0,(anonymous_14)
FNDA:0,(anonymous_15)
FNDA:0,(anonymous_16)
FNDA:0,(anonymous_17)
FNDA:0,(anonymous_18)
FNDA:0,(anonymous_19)
DA:41,0
DA:42,0
DA:43,0
DA:44,0
DA:45,0
DA:46,0
DA:47,0
DA:48,0
DA:50,0
DA:51,0
DA:53,0
DA:55,0
DA:56,0
DA:57,0
DA:58,0
DA:59,0
DA:60,0
DA:61,0
DA:62,0
DA:64,0
DA:68,0
DA:72,0
DA:73,0
DA:74,0
DA:75,0
DA:78,0
DA:79,0
DA:83,0
DA:84,0
DA:85,0
DA:89,0
DA:90,0
DA:92,0
DA:93,0
DA:95,0
DA:97,0
DA:101,0
DA:102,0
DA:104,0
DA:105,0
DA:106,0
DA:109,0
DA:110,0
DA:111,0
DA:112,0
DA:116,0
DA:119,0
DA:121,0
DA:123,0
DA:125,0
DA:127,0
DA:129,0
DA:135,0
DA:136,0
DA:138,0
DA:139,0
DA:140,0
DA:141,0
DA:146,0
DA:153,0
DA:154,0
DA:157,0
DA:159,0
DA:163,0
DA:164,0
DA:176,0
DA:183,0
DA:184,0
DA:185,0
DA:186,0
DA:189,0
DA:196,0
DA:241,0
DA:244,0
DA:252,0
DA:253,0
DA:303,0
DA:305,0
DA:321,0
LF:79
LH:0
BRDA:55,0,0,0
BRDA:55,0,1,0
BRDA:55,1,0,0
BRDA:55,1,1,0
BRDA:58,2,0,0
BRDA:58,2,1,0
BRDA:78,3,0,0
BRDA:78,3,1,0
BRDA:78,4,0,0
BRDA:78,4,1,0
BRDA:84,5,0,0
BRDA:84,5,1,0
BRDA:84,6,0,0
BRDA:84,6,1,0
BRDA:84,6,2,0
BRDA:104,7,0,0
BRDA:104,7,1,0
BRDA:109,8,0,0
BRDA:109,8,1,0
BRDA:127,9,0,0
BRDA:127,9,1,0
BRDA:138,10,0,0
BRDA:138,10,1,0
BRDA:206,11,0,0
BRDA:206,11,1,0
BRDA:219,12,0,0
BRDA:219,12,1,0
BRDA:244,13,0,0
BRDA:244,13,1,0
BRDA:248,14,0,0
BRDA:248,14,1,0
BRDA:249,15,0,0
BRDA:249,15,1,0
BRDA:264,16,0,0
BRDA:264,16,1,0
BRDA:264,16,2,0
BRDA:273,17,0,0
BRDA:273,17,1,0
BRDA:285,18,0,0
BRDA:285,18,1,0
BRDA:303,19,0,0
BRDA:303,19,1,0
BRDA:303,19,2,0
BRDA:303,19,3,0
BRDA:305,20,0,0
BRDA:305,20,1,0
BRDA:305,20,2,0
BRDA:308,21,0,0
BRDA:308,21,1,0
BRDA:312,22,0,0
BRDA:312,22,1,0
BRF:51
BRH:0
end_of_record
TN:
SF:src/screens/payment/PaymentConfirmScreen.tsx
FN:27,(anonymous_0)
FN:33,(anonymous_1)
FN:39,(anonymous_2)
FN:49,(anonymous_3)
FN:59,(anonymous_4)
FN:73,(anonymous_5)
FN:81,(anonymous_6)
FN:98,(anonymous_7)
FN:110,(anonymous_8)
FN:116,(anonymous_9)
FN:255,(anonymous_10)
FNF:11
FNH:0
FNDA:0,(anonymous_0)
FNDA:0,(anonymous_1)
FNDA:0,(anonymous_2)
FNDA:0,(anonymous_3)
FNDA:0,(anonymous_4)
FNDA:0,(anonymous_5)
FNDA:0,(anonymous_6)
FNDA:0,(anonymous_7)
FNDA:0,(anonymous_8)
FNDA:0,(anonymous_9)
FNDA:0,(anonymous_10)
DA:27,0
DA:28,0
DA:29,0
DA:30,0
DA:32,0
DA:33,0
DA:35,0
DA:36,0
DA:37,0
DA:39,0
DA:40,0
DA:46,0
DA:49,0
DA:50,0
DA:56,0
DA:59,0
DA:60,0
DA:61,0
DA:62,0
DA:65,0
DA:66,0
DA:67,0
DA:70,0
DA:73,0
DA:74,0
DA:76,0
DA:77,0
DA:81,0
DA:82,0
DA:85,0
DA:93,0
DA:94,0
DA:98,0
DA:99,0
DA:110,0
DA:116,0
DA:118,0
DA:125,0
DA:126,0
DA:127,0
DA:129,0
DA:255,0
DA:307,0
LF:43
LH:0
BRDA:39,0,0,0
BRDA:46,1,0,0
BRDA:46,1,1,0
BRDA:56,2,0,0
BRDA:56,2,1,0
BRDA:60,3,0,0
BRDA:60,3,1,0
BRDA:65,4,0,0
BRDA:65,4,1,0
BRDA:74,5,0,0
BRDA:74,5,1,0
BRDA:199,6,0,0
BRDA:199,6,1,0
BRDA:221,7,0,0
BRDA:221,7,1,0
BRDA:227,8,0,0
BRDA:227,8,1,0
BRDA:254,9,0,0
BRDA:254,9,1,0
BRDA:269,10,0,0
BRDA:269,10,1,0
BRDA:273,11,0,0
BRDA:273,11,1,0
BRF:23
BRH:0
end_of_record
TN:
SF:src/screens/payment/PaymentSuccessScreen.tsx
FN:25,(anonymous_0)
FN:32,(anonymous_1)
FN:58,(anonymous_2)
FN:68,(anonymous_3)
FN:72,(anonymous_4)
FN:76,(anonymous_5)
FN:80,(anonymous_6)
FNF:7
FNH:0
FNDA:0,(anonymous_0)
FNDA:0,(anonymous_1)
FNDA:0,(anonymous_2)
FNDA:0,(anonymous_3)
FNDA:0,(anonymous_4)
FNDA:0,(anonymous_5)
FNDA:0,(anonymous_6)
DA:25,0
DA:26,0
DA:27,0
DA:28,0
DA:30,0
DA:32,0
DA:34,0
DA:49,0
DA:58,0
DA:59,0
DA:65,0
DA:68,0
DA:69,0
DA:72,0
DA:73,0
DA:76,0
DA:77,0
DA:80,0
DA:81,0
DA:84,0
DA:237,0
LF:21
LH:0
BRDA:58,0,0,0
BRDA:65,1,0,0
BRDA:65,1,1,0
BRF:3
BRH:0
end_of_record
TN:
SF:src/screens/payment/RequestMoneyScreen.tsx
FN:30,(anonymous_0)
FN:34,(anonymous_1)
FN:59,(anonymous_2)
FN:60,(anonymous_3)
FN:63,(anonymous_4)
FN:93,(anonymous_5)
FN:101,(anonymous_6)
FN:121,(anonymous_7)
FN:131,(anonymous_8)
FN:173,(anonymous_9)
FN:181,(anonymous_10)
FN:193,(anonymous_11)
FN:202,(anonymous_12)
FN:206,(anonymous_13)
FN:219,(anonymous_14)
FN:279,(anonymous_15)
FN:283,(anonymous_16)
FN:315,(anonymous_17)
FNF:18
FNH:0
FNDA:0,(anonymous_0)
FNDA:0,(anonymous_1)
FNDA:0,(anonymous_2)
FNDA:0,(anonymous_3)
FNDA:0,(anonymous_4)
FNDA:0,(anonymous_5)
FNDA:0,(anonymous_6)
FNDA:0,(anonymous_7)
FNDA:0,(anonymous_8)
FNDA:0,(anonymous_9)
FNDA:0,(anonymous_10)
FNDA:0,(anonymous_11)
FNDA:0,(anonymous_12)
FNDA:0,(anonymous_13)
FNDA:0,(anonymous_14)
FNDA:0,(anonymous_15)
FNDA:0,(anonymous_16)
FNDA:0,(anonymous_17)
DA:30,0
DA:31,0
DA:32,0
DA:34,0
DA:36,0
DA:42,0
DA:43,0
DA:44,0
DA:46,0
DA:53,0
DA:59,0
DA:60,0
DA:63,0
DA:64,0
DA:65,0
DA:66,0
DA:69,0
DA:70,0
DA:71,0
DA:74,0
DA:75,0
DA:76,0
DA:77,0
DA:80,0
DA:81,0
DA:82,0
DA:85,0
DA:86,0
DA:87,0
DA:90,0
DA:93,0
DA:94,0
DA:96,0
DA:97,0
DA:101,0
DA:102,0
DA:103,0
DA:104,0
DA:107,0
DA:115,0
DA:116,0
DA:117,0
DA:121,0
DA:122,0
DA:128,0
DA:131,0
DA:132,0
DA:138,0
DA:141,0
DA:173,0
DA:193,0
DA:203,0
DA:206,0
DA:219,0
DA:280,0
DA:283,0
DA:315,0
DA:325,0
LF:58
LH:0
BRDA:64,0,0,0
BRDA:64,0,1,0
BRDA:64,1,0,0
BRDA:64,1,1,0
BRDA:69,2,0,0
BRDA:69,2,1,0
BRDA:69,3,0,0
BRDA:69,3,1,0
BRDA:75,4,0,0
BRDA:75,4,1,0
BRDA:75,5,0,0
BRDA:75,5,1,0
BRDA:80,6,0,0
BRDA:80,6,1,0
BRDA:85,7,0,0
BRDA:85,7,1,0
BRDA:94,8,0,0
BRDA:94,8,1,0
BRDA:121,9,0,0
BRDA:128,10,0,0
BRDA:128,10,1,0
BRDA:138,11,0,0
BRDA:138,11,1,0
BRDA:144,12,0,0
BRDA:144,12,1,0
BRDA:228,13,0,0
BRDA:228,13,1,0
BRDA:228,13,2,0
BRDA:246,14,0,0
BRDA:246,14,1,0
BRDA:264,15,0,0
BRDA:264,15,1,0
BRDA:264,15,2,0
BRDA:268,16,0,0
BRDA:268,16,1,0
BRF:35
BRH:0
end_of_record
TN:
SF:src/screens/payment/SendMoneyOTPScreen.tsx
FN:40,(anonymous_0)
FN:48,(anonymous_1)
FN:50,(anonymous_2)
FN:51,(anonymous_3)
FN:61,(anonymous_4)
FN:64,(anonymous_5)
FN:75,(anonymous_6)
FN:81,(anonymous_7)
FN:93,(anonymous_8)
FN:115,(anonymous_9)
FN:124,(anonymous_10)
FN:129,(anonymous_11)
FN:130,(anonymous_12)
FN:147,(anonymous_13)
FN:162,(anonymous_14)
FN:207,(anonymous_15)
FN:210,(anonymous_16)
FN:218,(anonymous_17)
FN:219,(anonymous_18)
FN:254,(anonymous_19)
FNF:20
FNH:0
FNDA:0,(anonymous_0)
FNDA:0,(anonymous_1)
FNDA:0,(anonymous_2)
FNDA:0,(anonymous_3)
FNDA:0,(anonymous_4)
FNDA:0,(anonymous_5)
FNDA:0,(anonymous_6)
FNDA:0,(anonymous_7)
FNDA:0,(anonymous_8)
FNDA:0,(anonymous_9)
FNDA:0,(anonymous_10)
FNDA:0,(anonymous_11)
FNDA:0,(anonymous_12)
FNDA:0,(anonymous_13)
FNDA:0,(anonymous_14)
FNDA:0,(anonymous_15)
FNDA:0,(anonymous_16)
FNDA:0,(anonymous_17)
FNDA:0,(anonymous_18)
FNDA:0,(anonymous_19)
DA:40,0
DA:41,0
DA:42,0
DA:43,0
DA:44,0
DA:45,0
DA:46,0
DA:48,0
DA:50,0
DA:51,0
DA:52,0
DA:53,0
DA:54,0
DA:55,0
DA:57,0
DA:61,0
DA:64,0
DA:65,0
DA:66,0
DA:67,0
DA:70,0
DA:71,0
DA:75,0
DA:76,0
DA:77,0
DA:81,0
DA:82,0
DA:84,0
DA:85,0
DA:86,0
DA:89,0
DA:91,0
DA:93,0
DA:96,0
DA:98,0
DA:104,0
DA:105,0
DA:106,0
DA:109,0
DA:111,0
DA:115,0
DA:116,0
DA:118,0
DA:119,0
DA:120,0
DA:122,0
DA:124,0
DA:126,0
DA:129,0
DA:130,0
DA:131,0
DA:132,0
DA:133,0
DA:134,0
DA:136,0
DA:140,0
DA:141,0
DA:143,0
DA:147,0
DA:148,0
DA:149,0
DA:150,0
DA:151,0
DA:152,0
DA:155,0
DA:162,0
DA:208,0
DA:211,0
DA:218,0
DA:219,0
DA:254,0
DA:270,0
LF:72
LH:0
BRDA:52,0,0,0
BRDA:52,0,1,0
BRDA:70,1,0,0
BRDA:70,1,1,0
BRDA:70,2,0,0
BRDA:70,2,1,0
BRDA:76,3,0,0
BRDA:76,3,1,0
BRDA:76,4,0,0
BRDA:76,4,1,0
BRDA:76,4,2,0
BRDA:84,5,0,0
BRDA:84,5,1,0
BRDA:96,6,0,0
BRDA:96,6,1,0
BRDA:116,7,0,0
BRDA:116,7,1,0
BRDA:131,8,0,0
BRDA:131,8,1,0
BRDA:148,9,0,0
BRDA:148,9,1,0
BRDA:172,10,0,0
BRDA:172,10,1,0
BRDA:185,11,0,0
BRDA:185,11,1,0
BRDA:211,12,0,0
BRDA:211,12,1,0
BRDA:215,13,0,0
BRDA:215,13,1,0
BRDA:229,14,0,0
BRDA:229,14,1,0
BRDA:252,15,0,0
BRDA:252,15,1,0
BRDA:254,16,0,0
BRDA:254,16,1,0
BRDA:257,17,0,0
BRDA:257,17,1,0
BRDA:261,18,0,0
BRDA:261,18,1,0
BRF:39
BRH:0
end_of_record
TN:
SF:src/screens/payment/SendMoneyScreen.tsx
FN:32,(anonymous_0)
FN:67,(anonymous_1)
FN:77,(anonymous_2)
FN:79,(anonymous_3)
FN:95,(anonymous_4)
FN:96,(anonymous_5)
FN:105,(anonymous_6)
FN:108,(anonymous_7)
FN:136,(anonymous_8)
FN:146,(anonymous_9)
FN:166,(anonymous_10)
FN:186,(anonymous_11)
FN:237,(anonymous_12)
FN:269,(anonymous_13)
FN:280,(anonymous_14)
FN:286,(anonymous_15)
FN:292,(anonymous_16)
FN:298,(anonymous_17)
FNF:18
FNH:0
FNDA:0,(anonymous_0)
FNDA:0,(anonymous_1)
FNDA:0,(anonymous_2)
FNDA:0,(anonymous_3)
FNDA:0,(anonymous_4)
FNDA:0,(anonymous_5)
FNDA:0,(anonymous_6)
FNDA:0,(anonymous_7)
FNDA:0,(anonymous_8)
FNDA:0,(anonymous_9)
FNDA:0,(anonymous_10)
FNDA:0,(anonymous_11)
FNDA:0,(anonymous_12)
FNDA:0,(anonymous_13)
FNDA:0,(anonymous_14)
FNDA:0,(anonymous_15)
FNDA:0,(anonymous_16)
FNDA:0,(anonymous_17)
DA:32,0
DA:33,0
DA:34,0
DA:35,0
DA:36,0
DA:37,0
DA:38,0
DA:39,0
DA:42,0
DA:45,0
DA:67,0
DA:68,0
DA:69,0
DA:70,0
DA:73,0
DA:75,0
DA:77,0
DA:79,0
DA:80,0
DA:82,0
DA:83,0
DA:85,0
DA:88,0
DA:90,0
DA:95,0
DA:96,0
DA:97,0
DA:98,0
DA:100,0
DA:101,0
DA:105,0
DA:108,0
DA:109,0
DA:111,0
DA:112,0
DA:113,0
DA:114,0
DA:115,0
DA:116,0
DA:119,0
DA:120,0
DA:122,0
DA:123,0
DA:124,0
DA:125,0
DA:126,0
DA:127,0
DA:128,0
DA:132,0
DA:133,0
DA:136,0
DA:137,0
DA:138,0
DA:139,0
DA:142,0
DA:144,0
DA:146,0
DA:149,0
DA:160,0
DA:162,0
DA:166,0
DA:168,0
DA:171,0
DA:172,0
DA:173,0
DA:176,0
DA:179,0
DA:186,0
DA:237,0
DA:269,0
DA:280,0
DA:286,0
DA:292,0
DA:298,0
DA:373,0
LF:75
LH:0
BRDA:68,0,0,0
BRDA:68,0,1,0
BRDA:68,1,0,0
BRDA:68,1,1,0
BRDA:80,2,0,0
BRDA:80,2,1,0
BRDA:82,3,0,0
BRDA:82,3,1,0
BRDA:97,4,0,0
BRDA:97,4,1,0
BRDA:111,5,0,0
BRDA:111,5,1,0
BRDA:113,6,0,0
BRDA:113,6,1,0
BRDA:115,7,0,0
BRDA:115,7,1,0
BRDA:119,8,0,0
BRDA:119,8,1,0
BRDA:123,9,0,0
BRDA:123,9,1,0
BRDA:123,10,0,0
BRDA:123,10,1,0
BRDA:125,11,0,0
BRDA:125,11,1,0
BRDA:127,12,0,0
BRDA:127,12,1,0
BRDA:137,13,0,0
BRDA:137,13,1,0
BRDA:172,14,0,0
BRDA:172,14,1,0
BRDA:196,15,0,0
BRDA:196,15,1,0
BRDA:212,16,0,0
BRDA:212,16,1,0
BRDA:224,17,0,0
BRDA:224,17,1,0
BRDA:228,18,0,0
BRDA:228,18,1,0
BRDA:232,19,0,0
BRDA:232,19,1,0
BRDA:244,20,0,0
BRDA:244,20,1,0
BRDA:262,21,0,0
BRDA:262,21,1,0
BRDA:273,22,0,0
BRDA:273,22,1,0
BRDA:327,23,0,0
BRDA:327,23,1,0
BRDA:327,23,2,0
BRDA:336,24,0,0
BRDA:336,24,1,0
BRDA:345,25,0,0
BRDA:345,25,1,0
BRDA:354,26,0,0
BRDA:354,26,1,0
BRDA:356,27,0,0
BRDA:356,27,1,0
BRDA:356,27,2,0
BRDA:359,28,0,0
BRDA:359,28,1,0
BRDA:363,29,0,0
BRDA:363,29,1,0
BRF:62
BRH:0
end_of_record
TN:
SF:src/screens/payment/TransferConfirmationScreen.tsx
FN:15,(anonymous_0)
FNF:1
FNH:0
FNDA:0,(anonymous_0)
DA:15,0
DA:16,0
DA:17,0
DA:18,0
DA:19,0
DA:20,0
DA:22,0
DA:89,0
LF:8
LH:0
BRF:0
BRH:0
end_of_record
TN:
SF:src/screens/payment/TransferSuccessScreen.tsx
FN:38,(anonymous_0)
FN:44,(anonymous_1)
FN:84,(anonymous_2)
FN:88,(anonymous_3)
FN:92,(anonymous_4)
FN:96,(anonymous_5)
FNF:6
FNH:0
FNDA:0,(anonymous_0)
FNDA:0,(anonymous_1)
FNDA:0,(anonymous_2)
FNDA:0,(anonymous_3)
FNDA:0,(anonymous_4)
FNDA:0,(anonymous_5)
DA:38,0
DA:39,0
DA:40,0
DA:41,0
DA:42,0
DA:44,0
DA:46,0
DA:60,0
DA:68,0
DA:84,0
DA:85,0
DA:88,0
DA:89,0
DA:92,0
DA:93,0
DA:96,0
DA:97,0
DA:98,0
DA:107,0
DA:271,0
LF:20
LH:0
BRDA:197,0,0,0
BRDA:197,0,1,0
BRF:2
BRH:0
end_of_record
TN:
SF:src/screens/settings/BankAccountsScreen.tsx
FN:29,(anonymous_0)
FN:77,(anonymous_1)
FN:81,(anonymous_2)
FN:85,(anonymous_3)
FN:95,(anonymous_4)
FN:107,(anonymous_5)
FN:154,(anonymous_6)
FN:204,(anonymous_7)
FN:209,(anonymous_8)
FN:210,(anonymous_9)
FN:214,(anonymous_10)
FN:226,(anonymous_11)
FN:227,(anonymous_12)
FN:227,(anonymous_13)
FN:235,(anonymous_14)
FN:246,(anonymous_15)
FN:255,(anonymous_16)
FN:256,(anonymous_17)
FN:260,(anonymous_18)
FN:302,(anonymous_19)
FN:311,(anonymous_20)
FN:323,(anonymous_21)
FN:344,(anonymous_22)
FN:354,(anonymous_23)
FN:354,(anonymous_24)
FN:368,(anonymous_25)
FN:375,(anonymous_26)
FN:395,(anonymous_27)
FN:517,(anonymous_28)
FNF:29
FNH:0
FNDA:0,(anonymous_0)
FNDA:0,(anonymous_1)
FNDA:0,(anonymous_2)
FNDA:0,(anonymous_3)
FNDA:0,(anonymous_4)
FNDA:0,(anonymous_5)
FNDA:0,(anonymous_6)
FNDA:0,(anonymous_7)
FNDA:0,(anonymous_8)
FNDA:0,(anonymous_9)
FNDA:0,(anonymous_10)
FNDA:0,(anonymous_11)
FNDA:0,(anonymous_12)
FNDA:0,(anonymous_13)
FNDA:0,(anonymous_14)
FNDA:0,(anonymous_15)
FNDA:0,(anonymous_16)
FNDA:0,(anonymous_17)
FNDA:0,(anonymous_18)
FNDA:0,(anonymous_19)
FNDA:0,(anonymous_20)
FNDA:0,(anonymous_21)
FNDA:0,(anonymous_22)
FNDA:0,(anonymous_23)
FNDA:0,(anonymous_24)
FNDA:0,(anonymous_25)
FNDA:0,(anonymous_26)
FNDA:0,(anonymous_27)
FNDA:0,(anonymous_28)
DA:29,0
DA:30,0
DA:31,0
DA:33,0
DA:34,0
DA:35,0
DA:36,0
DA:38,0
DA:45,0
DA:51,0
DA:52,0
DA:53,0
DA:55,0
DA:77,0
DA:78,0
DA:81,0
DA:82,0
DA:83,0
DA:85,0
DA:86,0
DA:90,0
DA:91,0
DA:95,0
DA:96,0
DA:97,0
DA:98,0
DA:99,0
DA:107,0
DA:108,0
DA:109,0
DA:110,0
DA:113,0
DA:114,0
DA:115,0
DA:118,0
DA:119,0
DA:122,0
DA:133,0
DA:135,0
DA:136,0
DA:142,0
DA:144,0
DA:147,0
DA:148,0
DA:150,0
DA:154,0
DA:155,0
DA:156,0
DA:157,0
DA:160,0
DA:161,0
DA:164,0
DA:179,0
DA:181,0
DA:182,0
DA:183,0
DA:184,0
DA:185,0
DA:191,0
DA:192,0
DA:194,0
DA:197,0
DA:198,0
DA:200,0
DA:204,0
DA:205,0
DA:206,0
DA:209,0
DA:210,0
DA:211,0
DA:214,0
DA:215,0
DA:227,0
DA:228,0
DA:235,0
DA:236,0
DA:248,0
DA:255,0
DA:256,0
DA:257,0
DA:260,0
DA:261,0
DA:302,0
DA:311,0
DA:323,0
DA:324,0
DA:344,0
DA:345,0
DA:354,0
DA:368,0
DA:375,0
DA:395,0
DA:396,0
DA:452,0
DA:517,0
DA:525,0
LF:96
LH:0
BRDA:108,0,0,0
BRDA:108,0,1,0
BRDA:108,1,0,0
BRDA:108,1,1,0
BRDA:113,2,0,0
BRDA:113,2,1,0
BRDA:135,3,0,0
BRDA:135,3,1,0
BRDA:144,4,0,0
BRDA:144,4,1,0
BRDA:155,5,0,0
BRDA:155,5,1,0
BRDA:181,6,0,0
BRDA:181,6,1,0
BRDA:194,7,0,0
BRDA:194,7,1,0
BRDA:257,8,0,0
BRDA:257,8,1,0
BRDA:276,9,0,0
BRDA:276,9,1,0
BRDA:280,10,0,0
BRDA:280,10,1,0
BRDA:282,11,0,0
BRDA:282,11,1,0
BRDA:289,12,0,0
BRDA:289,12,1,0
BRDA:293,13,0,0
BRDA:293,13,1,0
BRDA:299,14,0,0
BRDA:299,14,1,0
BRDA:364,15,0,0
BRDA:364,15,1,0
BRDA:377,16,0,0
BRDA:377,16,1,0
BRDA:386,17,0,0
BRDA:386,17,1,0
BRDA:386,17,2,0
BRDA:386,17,3,0
BRDA:388,18,0,0
BRDA:388,18,1,0
BRDA:445,19,0,0
BRDA:445,19,1,0
BRDA:466,20,0,0
BRDA:466,20,1,0
BRDA:466,20,2,0
BRDA:467,21,0,0
BRDA:467,21,1,0
BRDA:470,22,0,0
BRDA:470,22,1,0
BRDA:477,23,0,0
BRDA:477,23,1,0
BRDA:481,24,0,0
BRDA:481,24,1,0
BRDA:505,25,0,0
BRDA:505,25,1,0
BRF:55
BRH:0
end_of_record
TN:
SF:src/screens/settings/KYCScreen.tsx
FN:30,(anonymous_0)
FN:34,(anonymous_1)
FN:70,(anonymous_2)
FN:74,(anonymous_3)
FN:78,(anonymous_4)
FN:88,(anonymous_5)
FN:101,(anonymous_6)
FN:114,(anonymous_7)
FN:125,(anonymous_8)
FN:134,(anonymous_9)
FN:145,(anonymous_10)
FN:154,(anonymous_11)
FN:155,(anonymous_12)
FN:159,(anonymous_13)
FN:195,(anonymous_14)
FN:214,(anonymous_15)
FN:256,(anonymous_16)
FN:264,(anonymous_17)
FN:269,(anonymous_18)
FN:270,(anonymous_19)
FN:321,(anonymous_20)
FNF:21
FNH:0
FNDA:0,(anonymous_0)
FNDA:0,(anonymous_1)
FNDA:0,(anonymous_2)
FNDA:0,(anonymous_3)
FNDA:0,(anonymous_4)
FNDA:0,(anonymous_5)
FNDA:0,(anonymous_6)
FNDA:0,(anonymous_7)
FNDA:0,(anonymous_8)
FNDA:0,(anonymous_9)
FNDA:0,(anonymous_10)
FNDA:0,(anonymous_11)
FNDA:0,(anonymous_12)
FNDA:0,(anonymous_13)
FNDA:0,(anonymous_14)
FNDA:0,(anonymous_15)
FNDA:0,(anonymous_16)
FNDA:0,(anonymous_17)
FNDA:0,(anonymous_18)
FNDA:0,(anonymous_19)
FNDA:0,(anonymous_20)
DA:30,0
DA:31,0
DA:32,0
DA:34,0
DA:35,0
DA:36,0
DA:37,0
DA:39,0
DA:70,0
DA:71,0
DA:74,0
DA:75,0
DA:76,0
DA:78,0
DA:79,0
DA:83,0
DA:84,0
DA:88,0
DA:89,0
DA:91,0
DA:93,0
DA:95,0
DA:97,0
DA:101,0
DA:102,0
DA:104,0
DA:106,0
DA:108,0
DA:110,0
DA:114,0
DA:115,0
DA:127,0
DA:134,0
DA:135,0
DA:147,0
DA:154,0
DA:155,0
DA:156,0
DA:159,0
DA:160,0
DA:196,0
DA:197,0
DA:199,0
DA:214,0
DA:215,0
DA:256,0
DA:257,0
DA:265,0
DA:269,0
DA:271,0
DA:300,0
DA:321,0
DA:366,0
LF:53
LH:0
BRDA:89,0,0,0
BRDA:89,0,1,0
BRDA:89,0,2,0
BRDA:89,0,3,0
BRDA:102,1,0,0
BRDA:102,1,1,0
BRDA:102,1,2,0
BRDA:102,1,3,0
BRDA:166,2,0,0
BRDA:166,2,1,0
BRDA:169,3,0,0
BRDA:169,3,1,0
BRDA:171,4,0,0
BRDA:171,4,1,0
BRDA:184,5,0,0
BRDA:184,5,1,0
BRDA:196,6,0,0
BRDA:196,6,1,0
BRDA:205,7,0,0
BRDA:205,7,1,0
BRDA:219,8,0,0
BRDA:219,8,1,0
BRDA:221,9,0,0
BRDA:221,9,1,0
BRDA:231,10,0,0
BRDA:231,10,1,0
BRDA:234,11,0,0
BRDA:234,11,1,0
BRDA:263,12,0,0
BRDA:263,12,1,0
BRF:30
BRH:0
end_of_record
TN:
SF:src/screens/settings/LinkedCardsScreen.tsx
FN:27,(anonymous_0)
FN:31,(anonymous_1)
FN:35,(anonymous_2)
FN:39,(anonymous_3)
FN:43,(anonymous_4)
FN:51,(anonymous_5)
FN:58,(anonymous_6)
FN:66,(anonymous_7)
FN:78,(anonymous_8)
FN:90,(anonymous_9)
FN:98,(anonymous_10)
FN:111,(anonymous_11)
FN:124,(anonymous_12)
FN:154,(anonymous_13)
FN:163,(anonymous_14)
FN:175,(anonymous_15)
FNF:16
FNH:0
FNDA:0,(anonymous_0)
FNDA:0,(anonymous_1)
FNDA:0,(anonymous_2)
FNDA:0,(anonymous_3)
FNDA:0,(anonymous_4)
FNDA:0,(anonymous_5)
FNDA:0,(anonymous_6)
FNDA:0,(anonymous_7)
FNDA:0,(anonymous_8)
FNDA:0,(anonymous_9)
FNDA:0,(anonymous_10)
FNDA:0,(anonymous_11)
FNDA:0,(anonymous_12)
FNDA:0,(anonymous_13)
FNDA:0,(anonymous_14)
FNDA:0,(anonymous_15)
DA:27,0
DA:28,0
DA:29,0
DA:31,0
DA:33,0
DA:35,0
DA:36,0
DA:39,0
DA:40,0
DA:43,0
DA:47,0
DA:51,0
DA:52,0
DA:66,0
DA:67,0
DA:79,0
DA:83,0
DA:90,0
DA:91,0
DA:95,0
DA:98,0
DA:99,0
DA:101,0
DA:103,0
DA:105,0
DA:107,0
DA:111,0
DA:112,0
DA:114,0
DA:116,0
DA:118,0
DA:120,0
DA:124,0
DA:125,0
DA:154,0
DA:163,0
DA:175,0
DA:176,0
DA:196,0
DA:271,0
LF:40
LH:0
BRDA:99,0,0,0
BRDA:99,0,1,0
BRDA:99,0,2,0
BRDA:99,0,3,0
BRDA:112,1,0,0
BRDA:112,1,1,0
BRDA:112,1,2,0
BRDA:112,1,3,0
BRDA:143,2,0,0
BRDA:143,2,1,0
BRDA:151,3,0,0
BRDA:151,3,1,0
BRDA:210,4,0,0
BRDA:210,4,1,0
BRDA:217,5,0,0
BRDA:217,5,1,0
BRF:16
BRH:0
end_of_record
TN:
SF:src/screens/settings/NotificationsScreen.tsx
FN:28,(anonymous_0)
FN:32,(anonymous_1)
FN:45,(anonymous_2)
FN:49,(anonymous_3)
FN:53,(anonymous_4)
FN:63,(anonymous_5)
FN:69,(anonymous_6)
FN:76,(anonymous_7)
FN:82,(anonymous_8)
FN:89,(anonymous_9)
FN:104,(anonymous_10)
FN:119,(anonymous_11)
FN:135,(anonymous_12)
FN:177,(anonymous_13)
FN:186,(anonymous_14)
FN:198,(anonymous_15)
FN:247,(anonymous_16)
FN:248,(anonymous_17)
FN:251,(anonymous_18)
FN:251,(anonymous_19)
FN:262,(anonymous_20)
FN:263,(anonymous_21)
FN:266,(anonymous_22)
FN:266,(anonymous_23)
FN:277,(anonymous_24)
FN:278,(anonymous_25)
FN:281,(anonymous_26)
FN:281,(anonymous_27)
FN:300,(anonymous_28)
FN:301,(anonymous_29)
FN:304,(anonymous_30)
FN:304,(anonymous_31)
FN:315,(anonymous_32)
FN:316,(anonymous_33)
FN:319,(anonymous_34)
FN:319,(anonymous_35)
FN:330,(anonymous_36)
FN:331,(anonymous_37)
FN:334,(anonymous_38)
FN:334,(anonymous_39)
FNF:40
FNH:0
FNDA:0,(anonymous_0)
FNDA:0,(anonymous_1)
FNDA:0,(anonymous_2)
FNDA:0,(anonymous_3)
FNDA:0,(anonymous_4)
FNDA:0,(anonymous_5)
FNDA:0,(anonymous_6)
FNDA:0,(anonymous_7)
FNDA:0,(anonymous_8)
FNDA:0,(anonymous_9)
FNDA:0,(anonymous_10)
FNDA:0,(anonymous_11)
FNDA:0,(anonymous_12)
FNDA:0,(anonymous_13)
FNDA:0,(anonymous_14)
FNDA:0,(anonymous_15)
FNDA:0,(anonymous_16)
FNDA:0,(anonymous_17)
FNDA:0,(anonymous_18)
FNDA:0,(anonymous_19)
FNDA:0,(anonymous_20)
FNDA:0,(anonymous_21)
FNDA:0,(anonymous_22)
FNDA:0,(anonymous_23)
FNDA:0,(anonymous_24)
FNDA:0,(anonymous_25)
FNDA:0,(anonymous_26)
FNDA:0,(anonymous_27)
FNDA:0,(anonymous_28)
FNDA:0,(anonymous_29)
FNDA:0,(anonymous_30)
FNDA:0,(anonymous_31)
FNDA:0,(anonymous_32)
FNDA:0,(anonymous_33)
FNDA:0,(anonymous_34)
FNDA:0,(anonymous_35)
FNDA:0,(anonymous_36)
FNDA:0,(anonymous_37)
FNDA:0,(anonymous_38)
FNDA:0,(anonymous_39)
DA:28,0
DA:29,0
DA:30,0
DA:32,0
DA:34,0
DA:35,0
DA:36,0
DA:45,0
DA:46,0
DA:49,0
DA:50,0
DA:51,0
DA:53,0
DA:54,0
DA:58,0
DA:59,0
DA:63,0
DA:64,0
DA:65,0
DA:66,0
DA:69,0
DA:70,0
DA:76,0
DA:77,0
DA:82,0
DA:83,0
DA:89,0
DA:90,0
DA:92,0
DA:94,0
DA:96,0
DA:98,0
DA:100,0
DA:104,0
DA:105,0
DA:107,0
DA:109,0
DA:111,0
DA:113,0
DA:115,0
DA:119,0
DA:120,0
DA:121,0
DA:122,0
DA:124,0
DA:125,0
DA:126,0
DA:127,0
DA:128,0
DA:129,0
DA:131,0
DA:135,0
DA:136,0
DA:177,0
DA:186,0
DA:198,0
DA:199,0
DA:212,0
DA:247,0
DA:249,0
DA:251,0
DA:262,0
DA:264,0
DA:266,0
DA:277,0
DA:279,0
DA:281,0
DA:300,0
DA:302,0
DA:304,0
DA:315,0
DA:317,0
DA:319,0
DA:330,0
DA:332,0
DA:334,0
DA:363,0
LF:77
LH:0
BRDA:90,0,0,0
BRDA:90,0,1,0
BRDA:90,0,2,0
BRDA:90,0,3,0
BRDA:90,0,4,0
BRDA:105,1,0,0
BRDA:105,1,1,0
BRDA:105,1,2,0
BRDA:105,1,3,0
BRDA:105,1,4,0
BRDA:124,2,0,0
BRDA:124,2,1,0
BRDA:126,3,0,0
BRDA:126,3,1,0
BRDA:128,4,0,0
BRDA:128,4,1,0
BRDA:138,5,0,0
BRDA:138,5,1,0
BRDA:156,6,0,0
BRDA:156,6,1,0
BRDA:165,7,0,0
BRDA:165,7,1,0
BRDA:182,8,0,0
BRDA:182,8,1,0
BRDA:226,9,0,0
BRDA:226,9,1,0
BRDA:344,10,0,0
BRDA:344,10,1,0
BRDA:351,11,0,0
BRDA:351,11,1,0
BRF:30
BRH:0
end_of_record
TN:
SF:src/screens/settings/SecurityScreen.tsx
FN:28,(anonymous_0)
FN:32,(anonymous_1)
FN:46,(anonymous_2)
FN:66,(anonymous_3)
FN:79,(anonymous_4)
FN:99,(anonymous_5)
FN:112,(anonymous_6)
FN:123,(anonymous_7)
FN:132,(anonymous_8)
FN:144,(anonymous_9)
FN:166,(anonymous_10)
FN:167,(anonymous_11)
FN:181,(anonymous_12)
FN:182,(anonymous_13)
FN:196,(anonymous_14)
FN:197,(anonymous_15)
FN:338,(anonymous_16)
FN:339,(anonymous_17)
FN:340,(anonymous_18)
FN:348,(anonymous_19)
FN:349,(anonymous_20)
FN:350,(anonymous_21)
FN:358,(anonymous_22)
FN:359,(anonymous_23)
FN:360,(anonymous_24)
FNF:25
FNH:0
FNDA:0,(anonymous_0)
FNDA:0,(anonymous_1)
FNDA:0,(anonymous_2)
FNDA:0,(anonymous_3)
FNDA:0,(anonymous_4)
FNDA:0,(anonymous_5)
FNDA:0,(anonymous_6)
FNDA:0,(anonymous_7)
FNDA:0,(anonymous_8)
FNDA:0,(anonymous_9)
FNDA:0,(anonymous_10)
FNDA:0,(anonymous_11)
FNDA:0,(anonymous_12)
FNDA:0,(anonymous_13)
FNDA:0,(anonymous_14)
FNDA:0,(anonymous_15)
FNDA:0,(anonymous_16)
FNDA:0,(anonymous_17)
FNDA:0,(anonymous_18)
FNDA:0,(anonymous_19)
FNDA:0,(anonymous_20)
FNDA:0,(anonymous_21)
FNDA:0,(anonymous_22)
FNDA:0,(anonymous_23)
FNDA:0,(anonymous_24)
DA:28,0
DA:29,0
DA:30,0
DA:32,0
DA:34,0
DA:35,0
DA:36,0
DA:37,0
DA:38,0
DA:39,0
DA:40,0
DA:41,0
DA:42,0
DA:43,0
DA:44,0
DA:46,0
DA:47,0
DA:48,0
DA:49,0
DA:52,0
DA:53,0
DA:54,0
DA:57,0
DA:58,0
DA:59,0
DA:62,0
DA:63,0
DA:66,0
DA:67,0
DA:68,0
DA:69,0
DA:70,0
DA:71,0
DA:74,0
DA:75,0
DA:79,0
DA:80,0
DA:81,0
DA:82,0
DA:85,0
DA:86,0
DA:87,0
DA:90,0
DA:91,0
DA:92,0
DA:95,0
DA:96,0
DA:99,0
DA:100,0
DA:101,0
DA:102,0
DA:103,0
DA:104,0
DA:107,0
DA:108,0
DA:112,0
DA:113,0
DA:125,0
DA:132,0
DA:133,0
DA:145,0
DA:146,0
DA:153,0
DA:166,0
DA:168,0
DA:181,0
DA:183,0
DA:196,0
DA:198,0
DA:338,0
DA:339,0
DA:348,0
DA:349,0
DA:358,0
DA:359,0
DA:370,0
LF:76
LH:0
BRDA:47,0,0,0
BRDA:47,0,1,0
BRDA:47,1,0,0
BRDA:47,1,1,0
BRDA:47,1,2,0
BRDA:52,2,0,0
BRDA:52,2,1,0
BRDA:57,3,0,0
BRDA:57,3,1,0
BRDA:80,4,0,0
BRDA:80,4,1,0
BRDA:80,5,0,0
BRDA:80,5,1,0
BRDA:80,5,2,0
BRDA:85,6,0,0
BRDA:85,6,1,0
BRDA:90,7,0,0
BRDA:90,7,1,0
BRDA:185,8,0,0
BRDA:185,8,1,0
BRDA:251,9,0,0
BRDA:251,9,1,0
BRDA:304,10,0,0
BRDA:304,10,1,0
BRF:24
BRH:0
end_of_record
TN:
SF:src/screens/settings/SettingsScreen.tsx
FN:22,(anonymous_0)
FN:37,(anonymous_1)
FN:43,(anonymous_2)
FN:49,(anonymous_3)
FN:60,(anonymous_4)
FN:66,(anonymous_5)
FN:77,(anonymous_6)
FN:83,(anonymous_7)
FN:89,(anonymous_8)
FN:100,(anonymous_9)
FN:106,(anonymous_10)
FN:117,(anonymous_11)
FN:123,(anonymous_12)
FN:129,(anonymous_13)
FN:140,(anonymous_14)
FN:146,(anonymous_15)
FN:152,(anonymous_16)
FN:169,(anonymous_17)
FN:176,(anonymous_18)
FN:181,(anonymous_19)
FN:182,(anonymous_20)
FN:205,(anonymous_21)
FN:206,(anonymous_22)
FN:220,(anonymous_23)
FN:221,(anonymous_24)
FN:235,(anonymous_25)
FN:236,(anonymous_26)
FN:258,(anonymous_27)
FN:266,(anonymous_28)
FN:267,(anonymous_29)
FN:268,(anonymous_30)
FN:276,(anonymous_31)
FN:277,(anonymous_32)
FN:278,(anonymous_33)
FNF:34
FNH:0
FNDA:0,(anonymous_0)
FNDA:0,(anonymous_1)
FNDA:0,(anonymous_2)
FNDA:0,(anonymous_3)
FNDA:0,(anonymous_4)
FNDA:0,(anonymous_5)
FNDA:0,(anonymous_6)
FNDA:0,(anonymous_7)
FNDA:0,(anonymous_8)
FNDA:0,(anonymous_9)
FNDA:0,(anonymous_10)
FNDA:0,(anonymous_11)
FNDA:0,(anonymous_12)
FNDA:0,(anonymous_13)
FNDA:0,(anonymous_14)
FNDA:0,(anonymous_15)
FNDA:0,(anonymous_16)
FNDA:0,(anonymous_17)
FNDA:0,(anonymous_18)
FNDA:0,(anonymous_19)
FNDA:0,(anonymous_20)
FNDA:0,(anonymous_21)
FNDA:0,(anonymous_22)
FNDA:0,(anonymous_23)
FNDA:0,(anonymous_24)
FNDA:0,(anonymous_25)
FNDA:0,(anonymous_26)
FNDA:0,(anonymous_27)
FNDA:0,(anonymous_28)
FNDA:0,(anonymous_29)
FNDA:0,(anonymous_30)
FNDA:0,(anonymous_31)
FNDA:0,(anonymous_32)
FNDA:0,(anonymous_33)
DA:22,0
DA:23,0
DA:25,0
DA:26,0
DA:27,0
DA:29,0
DA:60,0
DA:66,0
DA:77,0
DA:100,0
DA:117,0
DA:158,0
DA:170,0
DA:177,0
DA:181,0
DA:182,0
DA:205,0
DA:207,0
DA:220,0
DA:222,0
DA:235,0
DA:237,0
DA:258,0
DA:266,0
DA:267,0
DA:276,0
DA:277,0
DA:288,0
LF:28
LH:0
BRDA:186,0,0,0
BRDA:186,0,1,0
BRF:2
BRH:0
end_of_record
TN:
SF:src/services/PaymentService.ts
FN:15,(anonymous_0)
FN:18,(anonymous_1)
FN:31,(anonymous_2)
FN:40,(anonymous_3)
FN:41,(anonymous_4)
FN:52,(anonymous_5)
FN:68,(anonymous_6)
FN:91,(anonymous_7)
FN:137,(anonymous_8)
FN:177,(anonymous_9)
FN:185,(anonymous_10)
FN:200,(anonymous_11)
FN:214,(anonymous_12)
FN:228,(anonymous_13)
FN:250,(anonymous_14)
FN:265,(anonymous_15)
FN:280,(anonymous_16)
FN:294,(anonymous_17)
FN:308,(anonymous_18)
FN:332,(anonymous_19)
FN:336,(anonymous_20)
FN:348,(anonymous_21)
FN:349,(anonymous_22)
FN:359,(anonymous_23)
FN:360,(anonymous_24)
FNF:25
FNH:18
FNDA:0,(anonymous_0)
FNDA:0,(anonymous_1)
FNDA:0,(anonymous_2)
FNDA:0,(anonymous_3)
FNDA:0,(anonymous_4)
FNDA:0,(anonymous_5)
FNDA:0,(anonymous_6)
FNDA:8,(anonymous_7)
FNDA:5,(anonymous_8)
FNDA:3,(anonymous_9)
FNDA:2,(anonymous_10)
FNDA:5,(anonymous_11)
FNDA:5,(anonymous_12)
FNDA:4,(anonymous_13)
FNDA:6,(anonymous_14)
FNDA:6,(anonymous_15)
FNDA:5,(anonymous_16)
FNDA:5,(anonymous_17)
FNDA:4,(anonymous_18)
FNDA:5,(anonymous_19)
FNDA:8,(anonymous_20)
FNDA:2,(anonymous_21)
FNDA:7,(anonymous_22)
FNDA:1,(anonymous_23)
FNDA:3,(anonymous_24)
DA:14,1
DA:15,0
DA:18,0
DA:31,0
DA:40,0
DA:41,0
DA:52,0
DA:68,0
DA:84,1
DA:95,8
DA:98,8
DA:99,8
DA:100,1
DA:104,8
DA:105,2
DA:108,8
DA:109,3
DA:113,8
DA:114,8
DA:115,1
DA:119,8
DA:120,1
DA:124,8
DA:125,1
DA:128,8
DA:141,5
DA:144,5
DA:145,1
DA:149,5
DA:150,1
DA:153,5
DA:154,1
DA:158,5
DA:159,5
DA:160,1
DA:164,5
DA:165,1
DA:168,5
DA:179,3
DA:190,2
DA:191,2
DA:192,2
DA:194,2
DA:201,5
DA:208,5
DA:215,5
DA:222,5
DA:229,4
DA:236,4
DA:238,4
DA:239,4
DA:251,6
DA:259,6
DA:266,6
DA:274,6
DA:281,5
DA:288,5
DA:295,5
DA:302,5
DA:309,4
DA:310,4
DA:311,4
DA:313,4
DA:314,1
DA:315,3
DA:316,1
DA:317,1
DA:318,2
DA:319,1
DA:320,1
DA:321,1
DA:322,1
DA:323,1
DA:325,0
DA:333,5
DA:335,4
DA:336,4
DA:337,8
DA:349,2
DA:350,7
DA:351,7
DA:352,7
DA:360,1
DA:361,3
DA:362,3
DA:363,2
DA:365,3
DA:366,3
LF:88
LH:80
BRDA:99,0,0,1
BRDA:99,0,1,7
BRDA:104,1,0,2
BRDA:104,1,1,6
BRDA:108,2,0,3
BRDA:108,2,1,5
BRDA:114,3,0,1
BRDA:114,3,1,7
BRDA:119,4,0,1
BRDA:119,4,1,7
BRDA:124,5,0,1
BRDA:124,5,1,7
BRDA:124,6,0,8
BRDA:124,6,1,2
BRDA:144,7,0,1
BRDA:144,7,1,4
BRDA:149,8,0,1
BRDA:149,8,1,4
BRDA:153,9,0,1
BRDA:153,9,1,4
BRDA:159,10,0,1
BRDA:159,10,1,4
BRDA:164,11,0,1
BRDA:164,11,1,4
BRDA:208,12,0,5
BRDA:208,12,1,1
BRDA:222,13,0,5
BRDA:222,13,1,1
BRDA:236,14,0,4
BRDA:236,14,1,0
BRDA:238,15,0,1
BRDA:238,15,1,3
BRDA:259,16,0,6
BRDA:259,16,1,1
BRDA:274,17,0,6
BRDA:274,17,1,1
BRDA:288,18,0,5
BRDA:288,18,1,1
BRDA:302,19,0,5
BRDA:302,19,1,1
BRDA:313,20,0,1
BRDA:313,20,1,3
BRDA:315,21,0,1
BRDA:315,21,1,2
BRDA:318,22,0,1
BRDA:318,22,1,1
BRDA:321,23,0,1
BRDA:321,23,1,0
BRDA:333,24,0,1
BRDA:333,24,1,4
BRDA:337,25,0,8
BRDA:337,25,1,6
BRDA:337,25,2,6
BRDA:337,25,3,5
BRDA:337,25,4,5
BRDA:348,26,0,1
BRDA:352,27,0,4
BRDA:352,27,1,3
BRDA:362,28,0,2
BRDA:362,28,1,1
BRF:60
BRH:58
end_of_record
TN:
SF:src/services/WalletService.ts
FN:6,(anonymous_0)
FN:9,(anonymous_1)
FN:15,(anonymous_2)
FN:21,(anonymous_3)
FN:31,(anonymous_4)
FN:48,(anonymous_5)
FN:70,(anonymous_6)
FN:92,(anonymous_7)
FN:106,(anonymous_8)
FN:114,(anonymous_9)
FN:128,(anonymous_10)
FN:136,(anonymous_11)
FN:151,(anonymous_12)
FN:185,(anonymous_13)
FN:193,(anonymous_14)
FN:203,(anonymous_15)
FN:218,(anonymous_16)
FN:233,(anonymous_17)
FN:247,(anonymous_18)
FNF:19
FNH:13
FNDA:0,(anonymous_0)
FNDA:0,(anonymous_1)
FNDA:0,(anonymous_2)
FNDA:0,(anonymous_3)
FNDA:0,(anonymous_4)
FNDA:0,(anonymous_5)
FNDA:8,(anonymous_6)
FNDA:5,(anonymous_7)
FNDA:8,(anonymous_8)
FNDA:5,(anonymous_9)
FNDA:3,(anonymous_10)
FNDA:2,(anonymous_11)
FNDA:6,(anonymous_12)
FNDA:3,(anonymous_13)
FNDA:8,(anonymous_14)
FNDA:6,(anonymous_15)
FNDA:6,(anonymous_16)
FNDA:5,(anonymous_17)
FNDA:5,(anonymous_18)
DA:5,1
DA:6,0
DA:9,0
DA:15,0
DA:21,0
DA:31,0
DA:48,0
DA:63,1
DA:71,8
DA:78,8
DA:80,8
DA:81,8
DA:93,5
DA:100,5
DA:107,8
DA:108,8
DA:115,5
DA:122,5
DA:130,3
DA:141,2
DA:142,2
DA:143,2
DA:145,2
DA:155,6
DA:156,2
DA:159,4
DA:160,1
DA:164,3
DA:171,3
DA:172,3
DA:173,2
DA:179,1
DA:187,3
DA:195,8
DA:196,8
DA:197,8
DA:204,6
DA:212,6
DA:219,6
DA:227,6
DA:234,5
DA:241,5
DA:248,5
DA:255,5
LF:44
LH:38
BRDA:78,0,0,8
BRDA:78,0,1,0
BRDA:80,1,0,3
BRDA:80,1,1,5
BRDA:100,2,0,5
BRDA:100,2,1,1
BRDA:122,3,0,5
BRDA:122,3,1,1
BRDA:155,4,0,2
BRDA:155,4,1,4
BRDA:159,5,0,1
BRDA:159,5,1,3
BRDA:171,6,0,3
BRDA:171,6,1,0
BRDA:172,7,0,2
BRDA:172,7,1,1
BRDA:197,8,0,2
BRDA:197,8,1,6
BRDA:212,9,0,6
BRDA:212,9,1,1
BRDA:227,10,0,6
BRDA:227,10,1,1
BRDA:241,11,0,5
BRDA:241,11,1,1
BRDA:255,12,0,5
BRDA:255,12,1,1
BRF:26
BRH:24
end_of_record
TN:
SF:src/store/index.ts
FN:22,(anonymous_0)
FNF:1
FNH:0
FNDA:0,(anonymous_0)
DA:11,0
DA:23,0
LF:2
LH:0
BRF:0
BRH:0
end_of_record
TN:
SF:src/store/api/api.ts
FN:9,(anonymous_0)
FN:27,(anonymous_1)
FNF:2
FNH:0
FNDA:0,(anonymous_0)
FNDA:0,(anonymous_1)
DA:5,0
DA:10,0
DA:11,0
DA:12,0
DA:14,0
DA:15,0
DA:27,0
DA:33,0
LF:8
LH:0
BRDA:11,0,0,0
BRDA:11,0,1,0
BRF:2
BRH:0
end_of_record
TN:
SF:src/store/slices/authSlice.ts
FN:30,(anonymous_0)
FN:36,(anonymous_1)
FN:39,(anonymous_2)
FN:48,(anonymous_3)
FN:51,(anonymous_4)
FN:54,(anonymous_5)
FNF:6
FNH:6
FNDA:2,(anonymous_0)
FNDA:2,(anonymous_1)
FNDA:1,(anonymous_2)
FNDA:4,(anonymous_3)
FNDA:2,(anonymous_4)
FNDA:2,(anonymous_5)
DA:15,1
DA:26,1
DA:31,2
DA:32,2
DA:33,2
DA:34,2
DA:37,2
DA:40,1
DA:41,1
DA:42,1
DA:43,1
DA:44,1
DA:45,1
DA:46,1
DA:49,4
DA:52,2
DA:55,2
DA:56,2
DA:68,1
LF:19
LH:19
BRDA:56,0,0,2
BRDA:56,0,1,1
BRF:2
BRH:2
end_of_record
TN:
SF:src/store/slices/cardSlice.ts
FN:22,(anonymous_0)
FN:24,(anonymous_1)
FN:26,(anonymous_2)
FN:32,(anonymous_3)
FN:33,(anonymous_4)
FN:41,(anonymous_5)
FN:42,(anonymous_6)
FN:44,(anonymous_7)
FN:47,(anonymous_8)
FN:49,(anonymous_9)
FN:54,(anonymous_10)
FN:60,(anonymous_11)
FN:63,(anonymous_12)
FN:66,(anonymous_13)
FNF:14
FNH:0
FNDA:0,(anonymous_0)
FNDA:0,(anonymous_1)
FNDA:0,(anonymous_2)
FNDA:0,(anonymous_3)
FNDA:0,(anonymous_4)
FNDA:0,(anonymous_5)
FNDA:0,(anonymous_6)
FNDA:0,(anonymous_7)
FNDA:0,(anonymous_8)
FNDA:0,(anonymous_9)
FNDA:0,(anonymous_10)
FNDA:0,(anonymous_11)
FNDA:0,(anonymous_12)
FNDA:0,(anonymous_13)
DA:11,0
DA:18,0
DA:23,0
DA:24,0
DA:27,0
DA:28,0
DA:29,0
DA:33,0
DA:34,0
DA:35,0
DA:36,0
DA:37,0
DA:42,0
DA:43,0
DA:44,0
DA:49,0
DA:50,0
DA:54,0
DA:55,0
DA:56,0
DA:57,0
DA:61,0
DA:64,0
DA:67,0
DA:81,0
LF:25
LH:0
BRDA:24,0,0,0
BRDA:24,0,1,0
BRDA:28,1,0,0
BRDA:28,1,1,0
BRDA:34,2,0,0
BRDA:34,2,1,0
BRDA:36,3,0,0
BRDA:36,3,1,0
BRDA:43,4,0,0
BRDA:43,4,1,0
BRDA:44,5,0,0
BRDA:44,5,1,0
BRDA:55,6,0,0
BRDA:55,6,1,0
BRF:14
BRH:0
end_of_record
TN:
SF:src/store/slices/notificationSlice.ts
FN:22,(anonymous_0)
FN:24,(anonymous_1)
FN:26,(anonymous_2)
FN:32,(anonymous_3)
FN:33,(anonymous_4)
FN:39,(anonymous_5)
FN:40,(anonymous_6)
FN:45,(anonymous_7)
FN:46,(anonymous_8)
FN:50,(anonymous_9)
FN:52,(anonymous_10)
FN:55,(anonymous_11)
FN:58,(anonymous_12)
FNF:13
FNH:0
FNDA:0,(anonymous_0)
FNDA:0,(anonymous_1)
FNDA:0,(anonymous_2)
FNDA:0,(anonymous_3)
FNDA:0,(anonymous_4)
FNDA:0,(anonymous_5)
FNDA:0,(anonymous_6)
FNDA:0,(anonymous_7)
FNDA:0,(anonymous_8)
FNDA:0,(anonymous_9)
FNDA:0,(anonymous_10)
FNDA:0,(anonymous_11)
FNDA:0,(anonymous_12)
DA:11,0
DA:18,0
DA:23,0
DA:24,0
DA:27,0
DA:28,0
DA:29,0
DA:33,0
DA:34,0
DA:35,0
DA:36,0
DA:40,0
DA:41,0
DA:43,0
DA:46,0
DA:47,0
DA:48,0
DA:50,0
DA:53,0
DA:56,0
DA:59,0
DA:73,0
LF:22
LH:0
BRDA:28,0,0,0
BRDA:28,0,1,0
BRDA:34,1,0,0
BRDA:34,1,1,0
BRDA:34,2,0,0
BRDA:34,2,1,0
BRDA:47,3,0,0
BRDA:47,3,1,0
BRDA:47,4,0,0
BRDA:47,4,1,0
BRF:10
BRH:0
end_of_record
TN:
SF:src/store/slices/transactionSlice.ts
FN:39,(anonymous_0)
FN:42,(anonymous_1)
FN:45,(anonymous_2)
FN:46,(anonymous_3)
FN:51,(anonymous_4)
FN:54,(anonymous_5)
FN:57,(anonymous_6)
FN:60,(anonymous_7)
FN:63,(anonymous_8)
FNF:9
FNH:7
FNDA:2,(anonymous_0)
FNDA:2,(anonymous_1)
FNDA:0,(anonymous_2)
FNDA:0,(anonymous_3)
FNDA:3,(anonymous_4)
FNDA:2,(anonymous_5)
FNDA:2,(anonymous_6)
FNDA:4,(anonymous_7)
FNDA:2,(anonymous_8)
DA:13,1
DA:35,1
DA:40,2
DA:43,2
DA:46,0
DA:47,0
DA:48,0
DA:52,3
DA:55,2
DA:58,2
DA:61,4
DA:64,2
DA:78,1
LF:13
LH:10
BRDA:47,0,0,0
BRDA:47,0,1,0
BRF:2
BRH:0
end_of_record
TN:
SF:src/store/slices/uiSlice.ts
FN:59,(anonymous_0)
FN:62,(anonymous_1)
FN:65,(anonymous_2)
FN:68,(anonymous_3)
FN:71,(anonymous_4)
FN:74,(anonymous_5)
FN:81,(anonymous_6)
FN:85,(anonymous_7)
FNF:8
FNH:7
FNDA:3,(anonymous_0)
FNDA:2,(anonymous_1)
FNDA:2,(anonymous_2)
FNDA:4,(anonymous_3)
FNDA:4,(anonymous_4)
FNDA:7,(anonymous_5)
FNDA:2,(anonymous_6)
FNDA:0,(anonymous_7)
DA:32,1
DA:55,1
DA:60,3
DA:63,2
DA:66,2
DA:69,4
DA:72,4
DA:75,7
DA:82,2
DA:83,2
DA:86,0
DA:100,1
LF:12
LH:11
BRDA:60,0,0,2
BRDA:60,0,1,1
BRDA:78,1,0,7
BRDA:78,1,1,1
BRF:4
BRH:4
end_of_record
TN:
SF:src/store/slices/userSlice.ts
FN:20,(anonymous_0)
FN:23,(anonymous_1)
FN:28,(anonymous_2)
FN:31,(anonymous_3)
FN:34,(anonymous_4)
FNF:5
FNH:0
FNDA:0,(anonymous_0)
FNDA:0,(anonymous_1)
FNDA:0,(anonymous_2)
FNDA:0,(anonymous_3)
FNDA:0,(anonymous_4)
DA:10,0
DA:16,0
DA:21,0
DA:24,0
DA:25,0
DA:29,0
DA:32,0
DA:35,0
DA:46,0
LF:9
LH:0
BRDA:24,0,0,0
BRDA:24,0,1,0
BRF:2
BRH:0
end_of_record
TN:
SF:src/store/slices/walletSlice.ts
FN:24,(anonymous_0)
FN:30,(anonymous_1)
FN:33,(anonymous_2)
FN:36,(anonymous_3)
FN:39,(anonymous_4)
FNF:5
FNH:5
FNDA:3,(anonymous_0)
FNDA:1,(anonymous_1)
FNDA:2,(anonymous_2)
FNDA:4,(anonymous_3)
FNDA:2,(anonymous_4)
DA:12,1
DA:20,1
DA:25,3
DA:26,3
DA:27,3
DA:31,1
DA:34,2
DA:37,4
DA:40,2
DA:51,1
LF:10
LH:10
BRDA:26,0,0,3
BRDA:26,0,1,0
BRDA:26,1,0,3
BRDA:26,1,1,3
BRF:4
BRH:3
end_of_record
TN:
SF:src/theme/colors.ts
FNF:0
FNH:0
DA:1,0
DA:76,0
DA:84,0
LF:3
LH:0
BRF:0
BRH:0
end_of_record
TN:
SF:src/theme/index.ts
FNF:0
FNH:0
DA:5,0
DA:45,0
DA:102,0
DA:110,0
LF:4
LH:0
BRF:0
BRH:0
end_of_record
TN:
SF:src/types/transaction.types.ts
FNF:0
FNH:0
LF:0
LH:0
BRF:0
BRH:0
end_of_record
TN:
SF:src/types/user.types.ts
FNF:0
FNH:0
LF:0
LH:0
BRF:0
BRH:0
end_of_record
TN:
SF:src/types/wallet.types.ts
FNF:0
FNH:0
LF:0
LH:0
BRF:0
BRH:0
end_of_record
TN:
SF:src/utils/cardEncryption.ts
FN:19,(anonymous_0)
FN:26,(anonymous_1)
FN:38,(anonymous_2)
FN:50,(anonymous_3)
FN:107,(anonymous_4)
FN:166,(anonymous_5)
FN:173,(anonymous_6)
FN:180,(anonymous_7)
FN:189,(anonymous_8)
FNF:9
FNH:9
FNDA:126,(anonymous_0)
FNDA:504,(anonymous_1)
FNDA:96,(anonymous_2)
FNDA:42,(anonymous_3)
FNDA:10,(anonymous_4)
FNDA:5,(anonymous_5)
FNDA:12,(anonymous_6)
FNDA:9,(anonymous_7)
FNDA:5,(anonymous_8)
DA:5,3
DA:14,3
DA:20,126
DA:27,504
DA:32,504
DA:39,96
DA:44,96
DA:65,42
DA:67,42
DA:68,42
DA:69,42
DA:72,42
DA:73,42
DA:74,42
DA:75,42
DA:78,42
DA:79,42
DA:80,42
DA:81,42
DA:84,42
DA:85,42
DA:86,42
DA:87,42
DA:89,42
DA:100,0
DA:122,10
DA:123,10
DA:124,2
DA:128,8
DA:131,0
DA:135,8
DA:136,8
DA:137,8
DA:138,8
DA:141,8
DA:142,8
DA:143,8
DA:144,8
DA:147,8
DA:148,8
DA:149,8
DA:150,8
DA:152,8
DA:159,2
DA:167,5
DA:174,12
DA:181,9
DA:182,9
DA:183,9
DA:190,5
DA:191,5
DA:192,5
DA:193,5
DA:195,0
LF:54
LH:51
BRDA:123,0,0,2
BRDA:123,0,1,8
BRDA:128,1,0,0
BRDA:128,1,1,8
BRDA:128,2,0,8
BRDA:128,2,1,8
BRDA:128,2,2,8
BRDA:128,2,3,8
BRDA:128,2,4,8
BRDA:128,2,5,8
BRDA:128,2,6,8
BRF:11
BRH:10
end_of_record
TN:
SF:src/utils/cardValidation.ts
FN:2,(anonymous_0)
FN:38,(anonymous_1)
FN:65,(anonymous_2)
FN:82,(anonymous_3)
FN:98,(anonymous_4)
FN:110,(anonymous_5)
FN:115,(anonymous_6)
FN:130,(anonymous_7)
FNF:8
FNH:8
FNDA:20,(anonymous_0)
FNDA:12,(anonymous_1)
FNDA:12,(anonymous_2)
FNDA:11,(anonymous_3)
FNDA:5,(anonymous_4)
FNDA:5,(anonymous_5)
FNDA:6,(anonymous_6)
FNDA:6,(anonymous_7)
DA:2,1
DA:4,20
DA:5,4
DA:9,16
DA:12,16
DA:13,3
DA:17,13
DA:18,13
DA:21,13
DA:22,206
DA:24,206
DA:25,102
DA:26,102
DA:27,25
DA:31,206
DA:32,206
DA:35,13
DA:38,1
DA:40,12
DA:41,12
DA:42,8
DA:45,4
DA:46,4
DA:47,4
DA:48,4
DA:50,4
DA:51,4
DA:54,4
DA:55,1
DA:58,3
DA:59,0
DA:62,3
DA:65,1
DA:67,12
DA:68,2
DA:72,10
DA:75,10
DA:76,4
DA:78,6
DA:82,1
DA:83,11
DA:85,11
DA:86,2
DA:87,9
DA:88,2
DA:89,7
DA:90,2
DA:91,5
DA:92,2
DA:95,3
DA:98,1
DA:99,5
DA:100,5
DA:102,3
DA:103,3
DA:104,3
DA:105,3
DA:107,3
DA:110,1
DA:111,5
DA:112,5
DA:115,1
DA:116,6
DA:118,1
DA:120,1
DA:122,1
DA:124,1
DA:126,2
DA:130,1
DA:131,6
DA:133,1
DA:135,1
DA:137,1
DA:139,1
DA:141,2
LF:75
LH:74
BRDA:4,0,0,4
BRDA:4,0,1,16
BRDA:4,1,0,20
BRDA:4,1,1,16
BRDA:12,2,0,3
BRDA:12,2,1,13
BRDA:12,3,0,16
BRDA:12,3,1,15
BRDA:12,3,2,13
BRDA:24,4,0,102
BRDA:24,4,1,104
BRDA:26,5,0,25
BRDA:26,5,1,77
BRDA:41,6,0,8
BRDA:41,6,1,4
BRDA:54,7,0,1
BRDA:54,7,1,3
BRDA:58,8,0,0
BRDA:58,8,1,3
BRDA:58,9,0,3
BRDA:58,9,1,0
BRDA:67,10,0,2
BRDA:67,10,1,10
BRDA:75,11,0,4
BRDA:75,11,1,6
BRDA:85,12,0,2
BRDA:85,12,1,9
BRDA:87,13,0,2
BRDA:87,13,1,7
BRDA:87,14,0,9
BRDA:87,14,1,8
BRDA:89,15,0,2
BRDA:89,15,1,5
BRDA:91,16,0,2
BRDA:91,16,1,3
BRDA:100,17,0,2
BRDA:100,17,1,3
BRDA:116,18,0,1
BRDA:116,18,1,1
BRDA:116,18,2,1
BRDA:116,18,3,1
BRDA:116,18,4,2
BRDA:131,19,0,1
BRDA:131,19,1,1
BRDA:131,19,2,1
BRDA:131,19,3,1
BRDA:131,19,4,2
BRF:47
BRH:45
end_of_record
TN:
SF:src/utils/helpers.ts
FN:4,(anonymous_0)
FN:21,(anonymous_1)
FN:29,(anonymous_2)
FN:38,(anonymous_3)
FN:50,(anonymous_4)
FN:55,(anonymous_5)
FN:61,(anonymous_6)
FN:66,(anonymous_7)
FN:71,(anonymous_8)
FN:80,(anonymous_9)
FN:90,(anonymous_10)
FN:94,(anonymous_11)
FN:100,(anonymous_12)
FN:104,(anonymous_13)
FN:111,(anonymous_14)
FNF:15
FNH:15
FNDA:10,(anonymous_0)
FNDA:4,(anonymous_1)
FNDA:2,(anonymous_2)
FNDA:1,(anonymous_3)
FNDA:6,(anonymous_4)
FNDA:7,(anonymous_5)
FNDA:7,(anonymous_6)
FNDA:2,(anonymous_7)
FNDA:1,(anonymous_8)
FNDA:1,(anonymous_9)
FNDA:3,(anonymous_10)
FNDA:2,(anonymous_11)
FNDA:2,(anonymous_12)
FNDA:3,(anonymous_13)
FNDA:3,(anonymous_14)
DA:4,1
DA:5,10
DA:12,10
DA:13,10
DA:18,10
DA:21,1
DA:22,4
DA:29,1
DA:30,2
DA:31,2
DA:38,1
DA:39,1
DA:40,1
DA:50,1
DA:51,6
DA:52,6
DA:55,1
DA:57,7
DA:58,7
DA:61,1
DA:62,7
DA:66,1
DA:67,2
DA:71,1
DA:72,1
DA:73,1
DA:74,0
DA:76,1
DA:80,1
DA:81,1
DA:82,1
DA:83,0
DA:85,1
DA:90,1
DA:91,3
DA:94,1
DA:95,2
DA:96,1
DA:100,1
DA:101,2
DA:104,1
DA:105,3
DA:106,3
DA:107,3
DA:111,1
DA:112,3
DA:113,3
DA:114,3
DA:116,3
DA:117,1
DA:118,2
DA:119,0
DA:120,0
DA:121,2
DA:122,1
DA:123,1
DA:125,1
DA:126,1
LF:58
LH:54
BRDA:4,0,0,2
BRDA:12,1,0,10
BRDA:12,1,1,1
BRDA:21,2,0,2
BRDA:30,3,0,1
BRDA:30,3,1,1
BRDA:39,4,0,0
BRDA:39,4,1,1
BRDA:95,5,0,1
BRDA:95,5,1,1
BRDA:107,6,0,1
BRDA:107,6,1,2
BRDA:113,7,0,0
BRDA:113,7,1,3
BRDA:116,8,0,1
BRDA:116,8,1,2
BRDA:118,9,0,0
BRDA:118,9,1,2
BRDA:121,10,0,1
BRDA:121,10,1,1
BRF:20
BRH:17
end_of_record
